#
# A fatal error has been detected by the Java Runtime Environment:
#
#  Internal Error (generateOopMap.cpp:2164), pid=3563, tid=3576
#  fatal error: Illegal class file encountered. Try running with -Xverify:all in method main
#
# JRE version: OpenJDK Runtime Environment (11.0.15+10) (build 11.0.15+10-Ubuntu-0ubuntu0.18.04.1)
# Java VM: OpenJDK 64-Bit Server VM (11.0.15+10-Ubuntu-0ubuntu0.18.04.1, mixed mode, sharing, tiered, compressed oops, g1 gc, linux-amd64)
# Core dump will be written. Default location: Core dumps may be processed with "/usr/share/apport/apport -p%p -s%s -c%c -d%d -P%P -u%u -g%g -- %E" (or dumping to /home/os2021/Compiler_jasmin_yacc/core.3563)
#
# If you would like to submit a bug report, please visit:
#   Unknown
#

---------------  S U M M A R Y ------------

Command Line: -Xverify:none Main

Host: Intel(R) Core(TM) i5-8300H CPU @ 2.30GHz, 4 cores, 7G, Ubuntu 18.04.3 LTS
Time: Wed Jun  8 20:55:07 2022 CST elapsed time: 0.283246 seconds (0d 0h 0m 0s)

---------------  T H R E A D  ---------------

Current thread (0x00007f92b4120800):  JavaThread "C1 CompilerThread0" daemon [_thread_in_vm, id=3576, stack(0x00007f9273cfd000,0x00007f9273dfe000)]


Current CompileTask:
C1:    283  171 %     3       Main::main @ 11 (44 bytes)

Stack: [0x00007f9273cfd000,0x00007f9273dfe000],  sp=0x00007f9273dfb4c0,  free space=1017k
Native frames: (J=compiled Java code, A=aot compiled Java code, j=interpreted, Vv=VM code, C=native code)
V  [libjvm.so+0xe288d6]
V  [libjvm.so+0x653bbf]
V  [libjvm.so+0x7b038f]
V  [libjvm.so+0x7b043b]
V  [libjvm.so+0x7b5c5b]
V  [libjvm.so+0x7b740c]
V  [libjvm.so+0x7b76d9]
V  [libjvm.so+0xb71414]
V  [libjvm.so+0xb7225b]
V  [libjvm.so+0xb726d7]
V  [libjvm.so+0x56d745]
V  [libjvm.so+0x49feec]
V  [libjvm.so+0x4af761]
V  [libjvm.so+0x4b1300]
V  [libjvm.so+0x4b7b72]
V  [libjvm.so+0x4956c9]
V  [libjvm.so+0x49663b]
V  [libjvm.so+0x496798]
V  [libjvm.so+0x496c1c]
V  [libjvm.so+0x497579]
V  [libjvm.so+0x608010]
V  [libjvm.so+0x609278]
V  [libjvm.so+0xdc7610]
V  [libjvm.so+0xdc3759]
V  [libjvm.so+0xb8957e]


---------------  P R O C E S S  ---------------

Threads class SMR info:
_java_thread_list=0x00007f92600a8080, length=10, elements={
0x00007f92b4017000, 0x00007f92b4113000, 0x00007f92b4115000, 0x00007f92b411a800,
0x00007f92b411c800, 0x00007f92b411e800, 0x00007f92b4120800, 0x00007f92b4122800,
0x00007f92b4155800, 0x00007f92600a6800
}

Java Threads: ( => current thread )
  0x00007f92b4017000 JavaThread "main" [_thread_in_native, id=3564, stack(0x00007f92bbd4b000,0x00007f92bbe4c000)]
  0x00007f92b4113000 JavaThread "Reference Handler" daemon [_thread_blocked, id=3571, stack(0x00007f9290405000,0x00007f9290506000)]
  0x00007f92b4115000 JavaThread "Finalizer" daemon [_thread_blocked, id=3572, stack(0x00007f9290304000,0x00007f9290405000)]
  0x00007f92b411a800 JavaThread "Signal Dispatcher" daemon [_thread_blocked, id=3573, stack(0x00007f9290015000,0x00007f9290116000)]
  0x00007f92b411c800 JavaThread "Service Thread" daemon [_thread_blocked, id=3574, stack(0x00007f9273eff000,0x00007f9274000000)]
  0x00007f92b411e800 JavaThread "C2 CompilerThread0" daemon [_thread_blocked, id=3575, stack(0x00007f9273dfe000,0x00007f9273eff000)]
=>0x00007f92b4120800 JavaThread "C1 CompilerThread0" daemon [_thread_in_vm, id=3576, stack(0x00007f9273cfd000,0x00007f9273dfe000)]
  0x00007f92b4122800 JavaThread "Sweeper thread" daemon [_thread_blocked, id=3577, stack(0x00007f9273bfc000,0x00007f9273cfd000)]
  0x00007f92b4155800 JavaThread "Common-Cleaner" daemon [_thread_blocked, id=3579, stack(0x00007f92739f9000,0x00007f9273afa000)]
  0x00007f92600a6800 JavaThread "C2 CompilerThread1" daemon [_thread_blocked, id=3580, stack(0x00007f92738f8000,0x00007f92739f9000)]

Other Threads:
  0x00007f92b4110000 VMThread "VM Thread" [stack: 0x00007f9290508000,0x00007f9290608000] [id=3570]
  0x00007f92b4153800 WatcherThread [stack: 0x00007f9273afc000,0x00007f9273bfc000] [id=3578]
  0x00007f92b402f000 GCTaskThread "GC Thread#0" [stack: 0x00007f929c515000,0x00007f929c615000] [id=3565]
  0x00007f92b4061000 ConcurrentGCThread "G1 Main Marker" [stack: 0x00007f929c00f000,0x00007f929c10f000] [id=3566]
  0x00007f92b4062800 ConcurrentGCThread "G1 Conc#0" [stack: 0x00007f92934ee000,0x00007f92935ee000] [id=3567]
  0x00007f92b40dd000 ConcurrentGCThread "G1 Refine#0" [stack: 0x00007f9290fe8000,0x00007f92910e8000] [id=3568]
  0x00007f92b40df000 ConcurrentGCThread "G1 Young RemSet Sampling" [stack: 0x00007f9290ee6000,0x00007f9290fe6000] [id=3569]

Threads with active compile tasks:
C1 CompilerThread0      284  171 %     3       Main::main @ 11 (44 bytes)

VM state:not at safepoint (normal execution)

VM Mutex/Monitor currently owned by a thread: None

Heap address: 0x0000000083400000, size: 1996 MB, Compressed Oops mode: 32-bit
Narrow klass base: 0x0000000800000000, Narrow klass shift: 3
Compressed class space size: 1073741824 Address: 0x0000000840000000

Heap:
 garbage-first heap   total 131072K, used 8904K [0x0000000083400000, 0x0000000100000000)
  region size 1024K, 9 young (9216K), 0 survivors (0K)
 Metaspace       used 218K, capacity 4486K, committed 4864K, reserved 1056768K
  class space    used 5K, capacity 386K, committed 512K, reserved 1048576K
Heap Regions: E=young(eden), S=young(survivor), O=old, HS=humongous(starts), HC=humongous(continues), CS=collection set, F=free, A=archive, TAMS=top-at-mark-start (previous, next)
|   0|0x0000000083400000, 0x0000000083400000, 0x0000000083500000|  0%| F|  |TAMS 0x0000000083400000, 0x0000000083400000| Untracked 
|   1|0x0000000083500000, 0x0000000083500000, 0x0000000083600000|  0%| F|  |TAMS 0x0000000083500000, 0x0000000083500000| Untracked 
|   2|0x0000000083600000, 0x0000000083600000, 0x0000000083700000|  0%| F|  |TAMS 0x0000000083600000, 0x0000000083600000| Untracked 
|   3|0x0000000083700000, 0x0000000083700000, 0x0000000083800000|  0%| F|  |TAMS 0x0000000083700000, 0x0000000083700000| Untracked 
|   4|0x0000000083800000, 0x0000000083800000, 0x0000000083900000|  0%| F|  |TAMS 0x0000000083800000, 0x0000000083800000| Untracked 
|   5|0x0000000083900000, 0x0000000083900000, 0x0000000083a00000|  0%| F|  |TAMS 0x0000000083900000, 0x0000000083900000| Untracked 
|   6|0x0000000083a00000, 0x0000000083a00000, 0x0000000083b00000|  0%| F|  |TAMS 0x0000000083a00000, 0x0000000083a00000| Untracked 
|   7|0x0000000083b00000, 0x0000000083b00000, 0x0000000083c00000|  0%| F|  |TAMS 0x0000000083b00000, 0x0000000083b00000| Untracked 
|   8|0x0000000083c00000, 0x0000000083c00000, 0x0000000083d00000|  0%| F|  |TAMS 0x0000000083c00000, 0x0000000083c00000| Untracked 
|   9|0x0000000083d00000, 0x0000000083d00000, 0x0000000083e00000|  0%| F|  |TAMS 0x0000000083d00000, 0x0000000083d00000| Untracked 
|  10|0x0000000083e00000, 0x0000000083e00000, 0x0000000083f00000|  0%| F|  |TAMS 0x0000000083e00000, 0x0000000083e00000| Untracked 
|  11|0x0000000083f00000, 0x0000000083f00000, 0x0000000084000000|  0%| F|  |TAMS 0x0000000083f00000, 0x0000000083f00000| Untracked 
|  12|0x0000000084000000, 0x0000000084000000, 0x0000000084100000|  0%| F|  |TAMS 0x0000000084000000, 0x0000000084000000| Untracked 
|  13|0x0000000084100000, 0x0000000084100000, 0x0000000084200000|  0%| F|  |TAMS 0x0000000084100000, 0x0000000084100000| Untracked 
|  14|0x0000000084200000, 0x0000000084200000, 0x0000000084300000|  0%| F|  |TAMS 0x0000000084200000, 0x0000000084200000| Untracked 
|  15|0x0000000084300000, 0x0000000084300000, 0x0000000084400000|  0%| F|  |TAMS 0x0000000084300000, 0x0000000084300000| Untracked 
|  16|0x0000000084400000, 0x0000000084400000, 0x0000000084500000|  0%| F|  |TAMS 0x0000000084400000, 0x0000000084400000| Untracked 
|  17|0x0000000084500000, 0x0000000084500000, 0x0000000084600000|  0%| F|  |TAMS 0x0000000084500000, 0x0000000084500000| Untracked 
|  18|0x0000000084600000, 0x0000000084600000, 0x0000000084700000|  0%| F|  |TAMS 0x0000000084600000, 0x0000000084600000| Untracked 
|  19|0x0000000084700000, 0x0000000084700000, 0x0000000084800000|  0%| F|  |TAMS 0x0000000084700000, 0x0000000084700000| Untracked 
|  20|0x0000000084800000, 0x0000000084800000, 0x0000000084900000|  0%| F|  |TAMS 0x0000000084800000, 0x0000000084800000| Untracked 
|  21|0x0000000084900000, 0x0000000084900000, 0x0000000084a00000|  0%| F|  |TAMS 0x0000000084900000, 0x0000000084900000| Untracked 
|  22|0x0000000084a00000, 0x0000000084a00000, 0x0000000084b00000|  0%| F|  |TAMS 0x0000000084a00000, 0x0000000084a00000| Untracked 
|  23|0x0000000084b00000, 0x0000000084b00000, 0x0000000084c00000|  0%| F|  |TAMS 0x0000000084b00000, 0x0000000084b00000| Untracked 
|  24|0x0000000084c00000, 0x0000000084c00000, 0x0000000084d00000|  0%| F|  |TAMS 0x0000000084c00000, 0x0000000084c00000| Untracked 
|  25|0x0000000084d00000, 0x0000000084d00000, 0x0000000084e00000|  0%| F|  |TAMS 0x0000000084d00000, 0x0000000084d00000| Untracked 
|  26|0x0000000084e00000, 0x0000000084e00000, 0x0000000084f00000|  0%| F|  |TAMS 0x0000000084e00000, 0x0000000084e00000| Untracked 
|  27|0x0000000084f00000, 0x0000000084f00000, 0x0000000085000000|  0%| F|  |TAMS 0x0000000084f00000, 0x0000000084f00000| Untracked 
|  28|0x0000000085000000, 0x0000000085000000, 0x0000000085100000|  0%| F|  |TAMS 0x0000000085000000, 0x0000000085000000| Untracked 
|  29|0x0000000085100000, 0x0000000085100000, 0x0000000085200000|  0%| F|  |TAMS 0x0000000085100000, 0x0000000085100000| Untracked 
|  30|0x0000000085200000, 0x0000000085200000, 0x0000000085300000|  0%| F|  |TAMS 0x0000000085200000, 0x0000000085200000| Untracked 
|  31|0x0000000085300000, 0x0000000085300000, 0x0000000085400000|  0%| F|  |TAMS 0x0000000085300000, 0x0000000085300000| Untracked 
|  32|0x0000000085400000, 0x0000000085400000, 0x0000000085500000|  0%| F|  |TAMS 0x0000000085400000, 0x0000000085400000| Untracked 
|  33|0x0000000085500000, 0x0000000085500000, 0x0000000085600000|  0%| F|  |TAMS 0x0000000085500000, 0x0000000085500000| Untracked 
|  34|0x0000000085600000, 0x0000000085600000, 0x0000000085700000|  0%| F|  |TAMS 0x0000000085600000, 0x0000000085600000| Untracked 
|  35|0x0000000085700000, 0x0000000085700000, 0x0000000085800000|  0%| F|  |TAMS 0x0000000085700000, 0x0000000085700000| Untracked 
|  36|0x0000000085800000, 0x0000000085800000, 0x0000000085900000|  0%| F|  |TAMS 0x0000000085800000, 0x0000000085800000| Untracked 
|  37|0x0000000085900000, 0x0000000085900000, 0x0000000085a00000|  0%| F|  |TAMS 0x0000000085900000, 0x0000000085900000| Untracked 
|  38|0x0000000085a00000, 0x0000000085a00000, 0x0000000085b00000|  0%| F|  |TAMS 0x0000000085a00000, 0x0000000085a00000| Untracked 
|  39|0x0000000085b00000, 0x0000000085b00000, 0x0000000085c00000|  0%| F|  |TAMS 0x0000000085b00000, 0x0000000085b00000| Untracked 
|  40|0x0000000085c00000, 0x0000000085c00000, 0x0000000085d00000|  0%| F|  |TAMS 0x0000000085c00000, 0x0000000085c00000| Untracked 
|  41|0x0000000085d00000, 0x0000000085d00000, 0x0000000085e00000|  0%| F|  |TAMS 0x0000000085d00000, 0x0000000085d00000| Untracked 
|  42|0x0000000085e00000, 0x0000000085e00000, 0x0000000085f00000|  0%| F|  |TAMS 0x0000000085e00000, 0x0000000085e00000| Untracked 
|  43|0x0000000085f00000, 0x0000000085f00000, 0x0000000086000000|  0%| F|  |TAMS 0x0000000085f00000, 0x0000000085f00000| Untracked 
|  44|0x0000000086000000, 0x0000000086000000, 0x0000000086100000|  0%| F|  |TAMS 0x0000000086000000, 0x0000000086000000| Untracked 
|  45|0x0000000086100000, 0x0000000086100000, 0x0000000086200000|  0%| F|  |TAMS 0x0000000086100000, 0x0000000086100000| Untracked 
|  46|0x0000000086200000, 0x0000000086200000, 0x0000000086300000|  0%| F|  |TAMS 0x0000000086200000, 0x0000000086200000| Untracked 
|  47|0x0000000086300000, 0x0000000086300000, 0x0000000086400000|  0%| F|  |TAMS 0x0000000086300000, 0x0000000086300000| Untracked 
|  48|0x0000000086400000, 0x0000000086400000, 0x0000000086500000|  0%| F|  |TAMS 0x0000000086400000, 0x0000000086400000| Untracked 
|  49|0x0000000086500000, 0x0000000086500000, 0x0000000086600000|  0%| F|  |TAMS 0x0000000086500000, 0x0000000086500000| Untracked 
|  50|0x0000000086600000, 0x0000000086600000, 0x0000000086700000|  0%| F|  |TAMS 0x0000000086600000, 0x0000000086600000| Untracked 
|  51|0x0000000086700000, 0x0000000086700000, 0x0000000086800000|  0%| F|  |TAMS 0x0000000086700000, 0x0000000086700000| Untracked 
|  52|0x0000000086800000, 0x0000000086800000, 0x0000000086900000|  0%| F|  |TAMS 0x0000000086800000, 0x0000000086800000| Untracked 
|  53|0x0000000086900000, 0x0000000086900000, 0x0000000086a00000|  0%| F|  |TAMS 0x0000000086900000, 0x0000000086900000| Untracked 
|  54|0x0000000086a00000, 0x0000000086a00000, 0x0000000086b00000|  0%| F|  |TAMS 0x0000000086a00000, 0x0000000086a00000| Untracked 
|  55|0x0000000086b00000, 0x0000000086b00000, 0x0000000086c00000|  0%| F|  |TAMS 0x0000000086b00000, 0x0000000086b00000| Untracked 
|  56|0x0000000086c00000, 0x0000000086c00000, 0x0000000086d00000|  0%| F|  |TAMS 0x0000000086c00000, 0x0000000086c00000| Untracked 
|  57|0x0000000086d00000, 0x0000000086d00000, 0x0000000086e00000|  0%| F|  |TAMS 0x0000000086d00000, 0x0000000086d00000| Untracked 
|  58|0x0000000086e00000, 0x0000000086e00000, 0x0000000086f00000|  0%| F|  |TAMS 0x0000000086e00000, 0x0000000086e00000| Untracked 
|  59|0x0000000086f00000, 0x0000000086f00000, 0x0000000087000000|  0%| F|  |TAMS 0x0000000086f00000, 0x0000000086f00000| Untracked 
|  60|0x0000000087000000, 0x0000000087000000, 0x0000000087100000|  0%| F|  |TAMS 0x0000000087000000, 0x0000000087000000| Untracked 
|  61|0x0000000087100000, 0x0000000087100000, 0x0000000087200000|  0%| F|  |TAMS 0x0000000087100000, 0x0000000087100000| Untracked 
|  62|0x0000000087200000, 0x0000000087200000, 0x0000000087300000|  0%| F|  |TAMS 0x0000000087200000, 0x0000000087200000| Untracked 
|  63|0x0000000087300000, 0x0000000087300000, 0x0000000087400000|  0%| F|  |TAMS 0x0000000087300000, 0x0000000087300000| Untracked 
|  64|0x0000000087400000, 0x0000000087400000, 0x0000000087500000|  0%| F|  |TAMS 0x0000000087400000, 0x0000000087400000| Untracked 
|  65|0x0000000087500000, 0x0000000087500000, 0x0000000087600000|  0%| F|  |TAMS 0x0000000087500000, 0x0000000087500000| Untracked 
|  66|0x0000000087600000, 0x0000000087600000, 0x0000000087700000|  0%| F|  |TAMS 0x0000000087600000, 0x0000000087600000| Untracked 
|  67|0x0000000087700000, 0x0000000087700000, 0x0000000087800000|  0%| F|  |TAMS 0x0000000087700000, 0x0000000087700000| Untracked 
|  68|0x0000000087800000, 0x0000000087800000, 0x0000000087900000|  0%| F|  |TAMS 0x0000000087800000, 0x0000000087800000| Untracked 
|  69|0x0000000087900000, 0x0000000087900000, 0x0000000087a00000|  0%| F|  |TAMS 0x0000000087900000, 0x0000000087900000| Untracked 
|  70|0x0000000087a00000, 0x0000000087a00000, 0x0000000087b00000|  0%| F|  |TAMS 0x0000000087a00000, 0x0000000087a00000| Untracked 
|  71|0x0000000087b00000, 0x0000000087b00000, 0x0000000087c00000|  0%| F|  |TAMS 0x0000000087b00000, 0x0000000087b00000| Untracked 
|  72|0x0000000087c00000, 0x0000000087c00000, 0x0000000087d00000|  0%| F|  |TAMS 0x0000000087c00000, 0x0000000087c00000| Untracked 
|  73|0x0000000087d00000, 0x0000000087d00000, 0x0000000087e00000|  0%| F|  |TAMS 0x0000000087d00000, 0x0000000087d00000| Untracked 
|  74|0x0000000087e00000, 0x0000000087e00000, 0x0000000087f00000|  0%| F|  |TAMS 0x0000000087e00000, 0x0000000087e00000| Untracked 
|  75|0x0000000087f00000, 0x0000000087f00000, 0x0000000088000000|  0%| F|  |TAMS 0x0000000087f00000, 0x0000000087f00000| Untracked 
|  76|0x0000000088000000, 0x0000000088000000, 0x0000000088100000|  0%| F|  |TAMS 0x0000000088000000, 0x0000000088000000| Untracked 
|  77|0x0000000088100000, 0x0000000088100000, 0x0000000088200000|  0%| F|  |TAMS 0x0000000088100000, 0x0000000088100000| Untracked 
|  78|0x0000000088200000, 0x0000000088200000, 0x0000000088300000|  0%| F|  |TAMS 0x0000000088200000, 0x0000000088200000| Untracked 
|  79|0x0000000088300000, 0x0000000088300000, 0x0000000088400000|  0%| F|  |TAMS 0x0000000088300000, 0x0000000088300000| Untracked 
|  80|0x0000000088400000, 0x0000000088400000, 0x0000000088500000|  0%| F|  |TAMS 0x0000000088400000, 0x0000000088400000| Untracked 
|  81|0x0000000088500000, 0x0000000088500000, 0x0000000088600000|  0%| F|  |TAMS 0x0000000088500000, 0x0000000088500000| Untracked 
|  82|0x0000000088600000, 0x0000000088600000, 0x0000000088700000|  0%| F|  |TAMS 0x0000000088600000, 0x0000000088600000| Untracked 
|  83|0x0000000088700000, 0x0000000088700000, 0x0000000088800000|  0%| F|  |TAMS 0x0000000088700000, 0x0000000088700000| Untracked 
|  84|0x0000000088800000, 0x0000000088800000, 0x0000000088900000|  0%| F|  |TAMS 0x0000000088800000, 0x0000000088800000| Untracked 
|  85|0x0000000088900000, 0x0000000088900000, 0x0000000088a00000|  0%| F|  |TAMS 0x0000000088900000, 0x0000000088900000| Untracked 
|  86|0x0000000088a00000, 0x0000000088a00000, 0x0000000088b00000|  0%| F|  |TAMS 0x0000000088a00000, 0x0000000088a00000| Untracked 
|  87|0x0000000088b00000, 0x0000000088b00000, 0x0000000088c00000|  0%| F|  |TAMS 0x0000000088b00000, 0x0000000088b00000| Untracked 
|  88|0x0000000088c00000, 0x0000000088c00000, 0x0000000088d00000|  0%| F|  |TAMS 0x0000000088c00000, 0x0000000088c00000| Untracked 
|  89|0x0000000088d00000, 0x0000000088d00000, 0x0000000088e00000|  0%| F|  |TAMS 0x0000000088d00000, 0x0000000088d00000| Untracked 
|  90|0x0000000088e00000, 0x0000000088e00000, 0x0000000088f00000|  0%| F|  |TAMS 0x0000000088e00000, 0x0000000088e00000| Untracked 
|  91|0x0000000088f00000, 0x0000000088f00000, 0x0000000089000000|  0%| F|  |TAMS 0x0000000088f00000, 0x0000000088f00000| Untracked 
|  92|0x0000000089000000, 0x0000000089000000, 0x0000000089100000|  0%| F|  |TAMS 0x0000000089000000, 0x0000000089000000| Untracked 
|  93|0x0000000089100000, 0x0000000089100000, 0x0000000089200000|  0%| F|  |TAMS 0x0000000089100000, 0x0000000089100000| Untracked 
|  94|0x0000000089200000, 0x0000000089200000, 0x0000000089300000|  0%| F|  |TAMS 0x0000000089200000, 0x0000000089200000| Untracked 
|  95|0x0000000089300000, 0x0000000089300000, 0x0000000089400000|  0%| F|  |TAMS 0x0000000089300000, 0x0000000089300000| Untracked 
|  96|0x0000000089400000, 0x0000000089400000, 0x0000000089500000|  0%| F|  |TAMS 0x0000000089400000, 0x0000000089400000| Untracked 
|  97|0x0000000089500000, 0x0000000089500000, 0x0000000089600000|  0%| F|  |TAMS 0x0000000089500000, 0x0000000089500000| Untracked 
|  98|0x0000000089600000, 0x0000000089600000, 0x0000000089700000|  0%| F|  |TAMS 0x0000000089600000, 0x0000000089600000| Untracked 
|  99|0x0000000089700000, 0x0000000089700000, 0x0000000089800000|  0%| F|  |TAMS 0x0000000089700000, 0x0000000089700000| Untracked 
| 100|0x0000000089800000, 0x0000000089800000, 0x0000000089900000|  0%| F|  |TAMS 0x0000000089800000, 0x0000000089800000| Untracked 
| 101|0x0000000089900000, 0x0000000089900000, 0x0000000089a00000|  0%| F|  |TAMS 0x0000000089900000, 0x0000000089900000| Untracked 
| 102|0x0000000089a00000, 0x0000000089a00000, 0x0000000089b00000|  0%| F|  |TAMS 0x0000000089a00000, 0x0000000089a00000| Untracked 
| 103|0x0000000089b00000, 0x0000000089b00000, 0x0000000089c00000|  0%| F|  |TAMS 0x0000000089b00000, 0x0000000089b00000| Untracked 
| 104|0x0000000089c00000, 0x0000000089c00000, 0x0000000089d00000|  0%| F|  |TAMS 0x0000000089c00000, 0x0000000089c00000| Untracked 
| 105|0x0000000089d00000, 0x0000000089d00000, 0x0000000089e00000|  0%| F|  |TAMS 0x0000000089d00000, 0x0000000089d00000| Untracked 
| 106|0x0000000089e00000, 0x0000000089e00000, 0x0000000089f00000|  0%| F|  |TAMS 0x0000000089e00000, 0x0000000089e00000| Untracked 
| 107|0x0000000089f00000, 0x0000000089f00000, 0x000000008a000000|  0%| F|  |TAMS 0x0000000089f00000, 0x0000000089f00000| Untracked 
| 108|0x000000008a000000, 0x000000008a000000, 0x000000008a100000|  0%| F|  |TAMS 0x000000008a000000, 0x000000008a000000| Untracked 
| 109|0x000000008a100000, 0x000000008a100000, 0x000000008a200000|  0%| F|  |TAMS 0x000000008a100000, 0x000000008a100000| Untracked 
| 110|0x000000008a200000, 0x000000008a200000, 0x000000008a300000|  0%| F|  |TAMS 0x000000008a200000, 0x000000008a200000| Untracked 
| 111|0x000000008a300000, 0x000000008a300000, 0x000000008a400000|  0%| F|  |TAMS 0x000000008a300000, 0x000000008a300000| Untracked 
| 112|0x000000008a400000, 0x000000008a400000, 0x000000008a500000|  0%| F|  |TAMS 0x000000008a400000, 0x000000008a400000| Untracked 
| 113|0x000000008a500000, 0x000000008a500000, 0x000000008a600000|  0%| F|  |TAMS 0x000000008a500000, 0x000000008a500000| Untracked 
| 114|0x000000008a600000, 0x000000008a600000, 0x000000008a700000|  0%| F|  |TAMS 0x000000008a600000, 0x000000008a600000| Untracked 
| 115|0x000000008a700000, 0x000000008a700000, 0x000000008a800000|  0%| F|  |TAMS 0x000000008a700000, 0x000000008a700000| Untracked 
| 116|0x000000008a800000, 0x000000008a800000, 0x000000008a900000|  0%| F|  |TAMS 0x000000008a800000, 0x000000008a800000| Untracked 
| 117|0x000000008a900000, 0x000000008a948310, 0x000000008aa00000| 28%| E|  |TAMS 0x000000008a900000, 0x000000008a900000| Complete 
| 118|0x000000008aa00000, 0x000000008ab00000, 0x000000008ab00000|100%| E|CS|TAMS 0x000000008aa00000, 0x000000008aa00000| Complete 
| 119|0x000000008ab00000, 0x000000008ac00000, 0x000000008ac00000|100%| E|CS|TAMS 0x000000008ab00000, 0x000000008ab00000| Complete 
| 120|0x000000008ac00000, 0x000000008ad00000, 0x000000008ad00000|100%| E|CS|TAMS 0x000000008ac00000, 0x000000008ac00000| Complete 
| 121|0x000000008ad00000, 0x000000008ae00000, 0x000000008ae00000|100%| E|CS|TAMS 0x000000008ad00000, 0x000000008ad00000| Complete 
| 122|0x000000008ae00000, 0x000000008af00000, 0x000000008af00000|100%| E|CS|TAMS 0x000000008ae00000, 0x000000008ae00000| Complete 
| 123|0x000000008af00000, 0x000000008b000000, 0x000000008b000000|100%| E|CS|TAMS 0x000000008af00000, 0x000000008af00000| Complete 
| 124|0x000000008b000000, 0x000000008b100000, 0x000000008b100000|100%| E|CS|TAMS 0x000000008b000000, 0x000000008b000000| Complete 
| 125|0x000000008b100000, 0x000000008b200000, 0x000000008b200000|100%| E|CS|TAMS 0x000000008b100000, 0x000000008b100000| Complete 
|1994|0x00000000ffe00000, 0x00000000ffe47000, 0x00000000fff00000| 27%|OA|  |TAMS 0x00000000ffe00000, 0x00000000ffe00000| Untracked 
|1995|0x00000000fff00000, 0x00000000fff6b000, 0x0000000100000000| 41%|CA|  |TAMS 0x00000000fff00000, 0x00000000fff00000| Untracked 

Card table byte_map: [0x00007f9297834000,0x00007f9297c1a000] _byte_map_base: 0x00007f929741a000

Marking Bits (Prev, Next): (CMBitMap*) 0x00007f92b40580f8, (CMBitMap*) 0x00007f92b4058130
 Prev Bits: [0x00007f929551e000, 0x00007f929744e000)
 Next Bits: [0x00007f92935ee000, 0x00007f929551e000)

Polling page: 0x00007f92bbe5b000

Metaspace:

Usage:
  Non-class:      4.00 MB capacity,   212.35 KB (  5%) used,     3.80 MB ( 95%) free+waste,   128 bytes ( <1%) overhead. 
      Class:    386.00 KB capacity,     5.67 KB (  1%) used,   380.20 KB ( 98%) free+waste,   128 bytes ( <1%) overhead. 
       Both:      4.38 MB capacity,   218.02 KB (  5%) used,     4.17 MB ( 95%) free+waste,   256 bytes ( <1%) overhead. 

Virtual space:
  Non-class space:        8.00 MB reserved,       4.25 MB ( 53%) committed 
      Class space:        1.00 GB reserved,     512.00 KB ( <1%) committed 
             Both:        1.01 GB reserved,       4.75 MB ( <1%) committed 

Chunk freelists:
   Non-Class:  0 bytes
       Class:  0 bytes
        Both:  0 bytes

MaxMetaspaceSize: unlimited
CompressedClassSpaceSize: 1.00 GB
Initial GC threshold: 20.80 MB
Current GC threshold: 20.80 MB
CDS: on

CodeHeap 'non-profiled nmethods': size=120032Kb used=103Kb max_used=103Kb free=119928Kb
 bounds [0x00007f92a40dd000, 0x00007f92a434d000, 0x00007f92ab615000]
CodeHeap 'profiled nmethods': size=120032Kb used=236Kb max_used=236Kb free=119795Kb
 bounds [0x00007f929cba5000, 0x00007f929ce15000, 0x00007f92a40dd000]
CodeHeap 'non-nmethods': size=5696Kb used=1016Kb max_used=1039Kb free=4680Kb
 bounds [0x00007f929c615000, 0x00007f929c885000, 0x00007f929cba5000]
 total_blobs=410 nmethods=170 adapters=155
 compilation: enabled
              stopped_count=0, restarted_count=0
 full_count=0

Compilation events (20 events):
Event: 0.108 Thread 0x00007f92b411e800  160       4       sun.nio.cs.UTF_8$Encoder::encodeLoop (28 bytes)
Event: 0.109 Thread 0x00007f92b411e800 nmethod 160 0x00007f92a40ee390 code [0x00007f92a40ee540, 0x00007f92a40ee668]
Event: 0.109 Thread 0x00007f92b411e800  166       4       java.lang.Integer::getChars (131 bytes)
Event: 0.109 Thread 0x00007f92600a6800 nmethod 159 0x00007f92a40ee810 code [0x00007f92a40ee9c0, 0x00007f92a40eebc8]
Event: 0.109 Thread 0x00007f92600a6800  157       4       java.nio.CharBuffer::limit (6 bytes)
Event: 0.110 Thread 0x00007f92600a6800 nmethod 157 0x00007f92a40eef90 code [0x00007f92a40ef120, 0x00007f92a40ef218]
Event: 0.110 Thread 0x00007f92600a6800  151       4       java.lang.String::checkBoundsOffCount (61 bytes)
Event: 0.110 Thread 0x00007f92600a6800 nmethod 151 0x00007f92a40ef390 code [0x00007f92a40ef520, 0x00007f92a40ef5b8]
Event: 0.110 Thread 0x00007f92600a6800  153       4       java.lang.String::getChars (54 bytes)
Event: 0.112 Thread 0x00007f92600a6800 nmethod 153 0x00007f92a40ef690 code [0x00007f92a40ef840, 0x00007f92a40efb18]
Event: 0.112 Thread 0x00007f92600a6800  167   !   4       java.io.PrintStream::println (24 bytes)
Event: 0.113 Thread 0x00007f92b411e800 nmethod 166 0x00007f92a40efd90 code [0x00007f92a40eff40, 0x00007f92a40f0338]
Event: 0.113 Thread 0x00007f92b411e800  168       4       java.lang.Integer::toString (55 bytes)
Event: 0.121 Thread 0x00007f92b411e800 nmethod 168 0x00007f92a40f0590 code [0x00007f92a40f0740, 0x00007f92a40f0d58]
Event: 0.121 Thread 0x00007f92b411e800  170   !   4       java.io.PrintStream::newLine (73 bytes)
Event: 0.130 Thread 0x00007f92b411e800 nmethod 170 0x00007f92a40f1010 code [0x00007f92a40f1220, 0x00007f92a40f1f28]
Event: 0.131 Thread 0x00007f92b411e800  169   !   4       java.io.PrintStream::write (83 bytes)
Event: 0.139 Thread 0x00007f92b411e800 nmethod 169 0x00007f92a40f2790 code [0x00007f92a40f2980, 0x00007f92a40f3478]
Event: 0.141 Thread 0x00007f92600a6800 nmethod 167 0x00007f92a40f3d10 code [0x00007f92a40f3f80, 0x00007f92a40f5aa0]
Event: 0.283 Thread 0x00007f92b4120800  171 %     3       Main::main @ 11 (44 bytes)

GC Heap History (0 events):
No events

Deoptimization events (0 events):
No events

Classes redefined (0 events):
No events

Internal exceptions (0 events):
No events

Events (20 events):
Event: 0.019 Thread 0x00007f92b4120800 Thread added: 0x00007f92b4120800
Event: 0.019 Protecting memory [0x00007f9273cfd000,0x00007f9273d01000] with protection modes 0
Event: 0.020 Thread 0x00007f92b4122800 Thread added: 0x00007f92b4122800
Event: 0.020 Protecting memory [0x00007f9273bfc000,0x00007f9273c00000] with protection modes 0
Event: 0.041 Executing VM operation: EnableBiasedLocking
Event: 0.042 Executing VM operation: EnableBiasedLocking done
Event: 0.042 loading class jdk/internal/vm/PostVMInitHook
Event: 0.042 loading class jdk/internal/vm/PostVMInitHook done
Event: 0.043 loading class Main
Event: 0.043 loading class Main done
Event: 0.043 loading class jdk/internal/loader/URLClassPath$FileLoader
Event: 0.043 loading class jdk/internal/loader/URLClassPath$FileLoader done
Event: 0.044 loading class jdk/internal/loader/URLClassPath$FileLoader$1
Event: 0.044 loading class jdk/internal/loader/URLClassPath$FileLoader$1 done
Event: 0.046 Thread 0x00007f92b4155800 Thread added: 0x00007f92b4155800
Event: 0.046 Protecting memory [0x00007f92739f9000,0x00007f92739fd000] with protection modes 0
Event: 0.046 Executing VM operation: RevokeBias
Event: 0.046 Executing VM operation: RevokeBias done
Event: 0.080 Thread 0x00007f92600a6800 Thread added: 0x00007f92600a6800
Event: 0.081 Protecting memory [0x00007f92738f8000,0x00007f92738fc000] with protection modes 0


Dynamic libraries:
83400000-8b200000 rw-p 00000000 00:00 0 
8b200000-ffe00000 ---p 00000000 00:00 0 
ffe00000-ffe47000 rw-p 01119000 08:02 406481                             /usr/lib/jvm/java-11-openjdk-amd64/lib/server/classes.jsa
ffe47000-fff00000 rw-p 00000000 00:00 0 
fff00000-fff6b000 rw-p 010ae000 08:02 406481                             /usr/lib/jvm/java-11-openjdk-amd64/lib/server/classes.jsa
fff6b000-100000000 rw-p 00000000 00:00 0 
800000000-800002000 rwxp 00001000 08:02 406481                           /usr/lib/jvm/java-11-openjdk-amd64/lib/server/classes.jsa
800002000-8003cb000 rw-p 00003000 08:02 406481                           /usr/lib/jvm/java-11-openjdk-amd64/lib/server/classes.jsa
8003cb000-800a9a000 r--p 003cc000 08:02 406481                           /usr/lib/jvm/java-11-openjdk-amd64/lib/server/classes.jsa
800a9a000-800a9b000 rw-p 00a9b000 08:02 406481                           /usr/lib/jvm/java-11-openjdk-amd64/lib/server/classes.jsa
800a9b000-8010ad000 r--p 00a9c000 08:02 406481                           /usr/lib/jvm/java-11-openjdk-amd64/lib/server/classes.jsa
840000000-840080000 rw-p 00000000 00:00 0 
840080000-880000000 ---p 00000000 00:00 0 
562b683a9000-562b683aa000 r-xp 00000000 08:02 406119                     /usr/lib/jvm/java-11-openjdk-amd64/bin/java
562b685aa000-562b685ab000 r--p 00001000 08:02 406119                     /usr/lib/jvm/java-11-openjdk-amd64/bin/java
562b685ab000-562b685ac000 rw-p 00002000 08:02 406119                     /usr/lib/jvm/java-11-openjdk-amd64/bin/java
562b68ecf000-562b68ef0000 rw-p 00000000 00:00 0                          [heap]
7f9250000000-7f9250021000 rw-p 00000000 00:00 0 
7f9250021000-7f9254000000 ---p 00000000 00:00 0 
7f9254000000-7f9254381000 rw-p 00000000 00:00 0 
7f9254381000-7f9258000000 ---p 00000000 00:00 0 
7f9258000000-7f9258021000 rw-p 00000000 00:00 0 
7f9258021000-7f925c000000 ---p 00000000 00:00 0 
7f925c000000-7f925c021000 rw-p 00000000 00:00 0 
7f925c021000-7f9260000000 ---p 00000000 00:00 0 
7f9260000000-7f9260326000 rw-p 00000000 00:00 0 
7f9260326000-7f9264000000 ---p 00000000 00:00 0 
7f9264000000-7f92640a6000 rw-p 00000000 00:00 0 
7f92640a6000-7f9268000000 ---p 00000000 00:00 0 
7f9268000000-7f9268021000 rw-p 00000000 00:00 0 
7f9268021000-7f926c000000 ---p 00000000 00:00 0 
7f926c000000-7f926c021000 rw-p 00000000 00:00 0 
7f926c021000-7f9270000000 ---p 00000000 00:00 0 
7f92738f8000-7f92738fc000 ---p 00000000 00:00 0 
7f92738fc000-7f92739f9000 rw-p 00000000 00:00 0 
7f92739f9000-7f92739fd000 ---p 00000000 00:00 0 
7f92739fd000-7f9273afa000 rw-p 00000000 00:00 0 
7f9273afa000-7f9273afb000 ---p 00000000 00:00 0 
7f9273afb000-7f9273bfc000 rw-p 00000000 00:00 0 
7f9273bfc000-7f9273c00000 ---p 00000000 00:00 0 
7f9273c00000-7f9273cfd000 rw-p 00000000 00:00 0 
7f9273cfd000-7f9273d01000 ---p 00000000 00:00 0 
7f9273d01000-7f9273dfe000 rw-p 00000000 00:00 0 
7f9273dfe000-7f9273e02000 ---p 00000000 00:00 0 
7f9273e02000-7f9273eff000 rw-p 00000000 00:00 0 
7f9273eff000-7f9273f03000 ---p 00000000 00:00 0 
7f9273f03000-7f9274000000 rw-p 00000000 00:00 0 
7f9274000000-7f9274021000 rw-p 00000000 00:00 0 
7f9274021000-7f9278000000 ---p 00000000 00:00 0 
7f9278000000-7f9278021000 rw-p 00000000 00:00 0 
7f9278021000-7f927c000000 ---p 00000000 00:00 0 
7f927c000000-7f927c021000 rw-p 00000000 00:00 0 
7f927c021000-7f9280000000 ---p 00000000 00:00 0 
7f9280000000-7f9280021000 rw-p 00000000 00:00 0 
7f9280021000-7f9284000000 ---p 00000000 00:00 0 
7f9284000000-7f9284021000 rw-p 00000000 00:00 0 
7f9284021000-7f9288000000 ---p 00000000 00:00 0 
7f9288000000-7f9288021000 rw-p 00000000 00:00 0 
7f9288021000-7f928c000000 ---p 00000000 00:00 0 
7f928c000000-7f928c021000 rw-p 00000000 00:00 0 
7f928c021000-7f9290000000 ---p 00000000 00:00 0 
7f9290015000-7f9290019000 ---p 00000000 00:00 0 
7f9290019000-7f9290116000 rw-p 00000000 00:00 0 
7f9290116000-7f9290304000 r--p 00000000 08:02 138114                     /usr/lib/locale/locale-archive
7f9290304000-7f9290308000 ---p 00000000 00:00 0 
7f9290308000-7f9290405000 rw-p 00000000 00:00 0 
7f9290405000-7f9290409000 ---p 00000000 00:00 0 
7f9290409000-7f9290506000 rw-p 00000000 00:00 0 
7f9290506000-7f9290507000 ---p 00000000 00:00 0 
7f9290507000-7f9290b24000 rw-p 00000000 00:00 0 
7f9290b24000-7f9290ee4000 ---p 00000000 00:00 0 
7f9290ee4000-7f9290ee5000 ---p 00000000 00:00 0 
7f9290ee5000-7f9290fe6000 rw-p 00000000 00:00 0 
7f9290fe6000-7f9290fe7000 ---p 00000000 00:00 0 
7f9290fe7000-7f92934ec000 rw-p 00000000 00:00 0 
7f92934ec000-7f92934ed000 ---p 00000000 00:00 0 
7f92934ed000-7f92937e6000 rw-p 00000000 00:00 0 
7f92937e6000-7f9295516000 ---p 00000000 00:00 0 
7f9295516000-7f9295716000 rw-p 00000000 00:00 0 
7f9295716000-7f9297446000 ---p 00000000 00:00 0 
7f9297446000-7f929748d000 rw-p 00000000 00:00 0 
7f929748d000-7f9297833000 ---p 00000000 00:00 0 
7f9297833000-7f9297873000 rw-p 00000000 00:00 0 
7f9297873000-7f9297c19000 ---p 00000000 00:00 0 
7f9297c19000-7f9297c59000 rw-p 00000000 00:00 0 
7f9297c59000-7f9297fff000 ---p 00000000 00:00 0 
7f9297fff000-7f9298000000 rw-p 00000000 00:00 0 
7f9298000000-7f9298021000 rw-p 00000000 00:00 0 
7f9298021000-7f929c000000 ---p 00000000 00:00 0 
7f929c00d000-7f929c00e000 ---p 00000000 00:00 0 
7f929c00e000-7f929c513000 rw-p 00000000 00:00 0 
7f929c513000-7f929c514000 ---p 00000000 00:00 0 
7f929c514000-7f929c615000 rw-p 00000000 00:00 0 
7f929c615000-7f929c885000 rwxp 00000000 00:00 0 
7f929c885000-7f929cba5000 ---p 00000000 00:00 0 
7f929cba5000-7f929ce15000 rwxp 00000000 00:00 0 
7f929ce15000-7f92a40dd000 ---p 00000000 00:00 0 
7f92a40dd000-7f92a434d000 rwxp 00000000 00:00 0 
7f92a434d000-7f92ab615000 ---p 00000000 00:00 0 
7f92ab615000-7f92b3df7000 r--s 00000000 08:02 406278                     /usr/lib/jvm/java-11-openjdk-amd64/lib/modules
7f92b3df7000-7f92b3dfe000 r-xp 00000000 08:02 406277                     /usr/lib/jvm/java-11-openjdk-amd64/lib/libzip.so
7f92b3dfe000-7f92b3ffe000 ---p 00007000 08:02 406277                     /usr/lib/jvm/java-11-openjdk-amd64/lib/libzip.so
7f92b3ffe000-7f92b3fff000 r--p 00007000 08:02 406277                     /usr/lib/jvm/java-11-openjdk-amd64/lib/libzip.so
7f92b3fff000-7f92b4000000 rw-p 00008000 08:02 406277                     /usr/lib/jvm/java-11-openjdk-amd64/lib/libzip.so
7f92b4000000-7f92b415c000 rw-p 00000000 00:00 0 
7f92b415c000-7f92b8000000 ---p 00000000 00:00 0 
7f92b8008000-7f92b800d000 rw-p 00000000 00:00 0 
7f92b800d000-7f92b80f3000 ---p 00000000 00:00 0 
7f92b80f3000-7f92b80f8000 rw-p 00000000 00:00 0 
7f92b80f8000-7f92b81de000 ---p 00000000 00:00 0 
7f92b81de000-7f92b81e9000 r-xp 00000000 08:02 1184197                    /lib/x86_64-linux-gnu/libnss_files-2.27.so
7f92b81e9000-7f92b83e8000 ---p 0000b000 08:02 1184197                    /lib/x86_64-linux-gnu/libnss_files-2.27.so
7f92b83e8000-7f92b83e9000 r--p 0000a000 08:02 1184197                    /lib/x86_64-linux-gnu/libnss_files-2.27.so
7f92b83e9000-7f92b83ea000 rw-p 0000b000 08:02 1184197                    /lib/x86_64-linux-gnu/libnss_files-2.27.so
7f92b83ea000-7f92b83f0000 rw-p 00000000 00:00 0 
7f92b83f0000-7f92b8407000 r-xp 00000000 08:02 1184194                    /lib/x86_64-linux-gnu/libnsl-2.27.so
7f92b8407000-7f92b8606000 ---p 00017000 08:02 1184194                    /lib/x86_64-linux-gnu/libnsl-2.27.so
7f92b8606000-7f92b8607000 r--p 00016000 08:02 1184194                    /lib/x86_64-linux-gnu/libnsl-2.27.so
7f92b8607000-7f92b8608000 rw-p 00017000 08:02 1184194                    /lib/x86_64-linux-gnu/libnsl-2.27.so
7f92b8608000-7f92b860a000 rw-p 00000000 00:00 0 
7f92b860a000-7f92b8615000 r-xp 00000000 08:02 1184199                    /lib/x86_64-linux-gnu/libnss_nis-2.27.so
7f92b8615000-7f92b8814000 ---p 0000b000 08:02 1184199                    /lib/x86_64-linux-gnu/libnss_nis-2.27.so
7f92b8814000-7f92b8815000 r--p 0000a000 08:02 1184199                    /lib/x86_64-linux-gnu/libnss_nis-2.27.so
7f92b8815000-7f92b8816000 rw-p 0000b000 08:02 1184199                    /lib/x86_64-linux-gnu/libnss_nis-2.27.so
7f92b8816000-7f92b881e000 r-xp 00000000 08:02 1184195                    /lib/x86_64-linux-gnu/libnss_compat-2.27.so
7f92b881e000-7f92b8a1e000 ---p 00008000 08:02 1184195                    /lib/x86_64-linux-gnu/libnss_compat-2.27.so
7f92b8a1e000-7f92b8a1f000 r--p 00008000 08:02 1184195                    /lib/x86_64-linux-gnu/libnss_compat-2.27.so
7f92b8a1f000-7f92b8a20000 rw-p 00009000 08:02 1184195                    /lib/x86_64-linux-gnu/libnss_compat-2.27.so
7f92b8a20000-7f92b8a25000 r-xp 00000000 08:02 406260                     /usr/lib/jvm/java-11-openjdk-amd64/lib/libjimage.so
7f92b8a25000-7f92b8c24000 ---p 00005000 08:02 406260                     /usr/lib/jvm/java-11-openjdk-amd64/lib/libjimage.so
7f92b8c24000-7f92b8c25000 r--p 00004000 08:02 406260                     /usr/lib/jvm/java-11-openjdk-amd64/lib/libjimage.so
7f92b8c25000-7f92b8c26000 rw-p 00005000 08:02 406260                     /usr/lib/jvm/java-11-openjdk-amd64/lib/libjimage.so
7f92b8c26000-7f92b8c4e000 r-xp 00000000 08:02 406257                     /usr/lib/jvm/java-11-openjdk-amd64/lib/libjava.so
7f92b8c4e000-7f92b8e4e000 ---p 00028000 08:02 406257                     /usr/lib/jvm/java-11-openjdk-amd64/lib/libjava.so
7f92b8e4e000-7f92b8e4f000 r--p 00028000 08:02 406257                     /usr/lib/jvm/java-11-openjdk-amd64/lib/libjava.so
7f92b8e4f000-7f92b8e50000 rw-p 00029000 08:02 406257                     /usr/lib/jvm/java-11-openjdk-amd64/lib/libjava.so
7f92b8e50000-7f92b8e51000 rw-p 00000000 00:00 0 
7f92b8e51000-7f92b8e5e000 r-xp 00000000 08:02 406276                     /usr/lib/jvm/java-11-openjdk-amd64/lib/libverify.so
7f92b8e5e000-7f92b905d000 ---p 0000d000 08:02 406276                     /usr/lib/jvm/java-11-openjdk-amd64/lib/libverify.so
7f92b905d000-7f92b905f000 r--p 0000c000 08:02 406276                     /usr/lib/jvm/java-11-openjdk-amd64/lib/libverify.so
7f92b905f000-7f92b9060000 rw-p 0000e000 08:02 406276                     /usr/lib/jvm/java-11-openjdk-amd64/lib/libverify.so
7f92b9060000-7f92b9067000 r-xp 00000000 08:02 1184205                    /lib/x86_64-linux-gnu/librt-2.27.so
7f92b9067000-7f92b9266000 ---p 00007000 08:02 1184205                    /lib/x86_64-linux-gnu/librt-2.27.so
7f92b9266000-7f92b9267000 r--p 00006000 08:02 1184205                    /lib/x86_64-linux-gnu/librt-2.27.so
7f92b9267000-7f92b9268000 rw-p 00007000 08:02 1184205                    /lib/x86_64-linux-gnu/librt-2.27.so
7f92b9268000-7f92b927f000 r-xp 00000000 08:02 1185362                    /lib/x86_64-linux-gnu/libgcc_s.so.1
7f92b927f000-7f92b947e000 ---p 00017000 08:02 1185362                    /lib/x86_64-linux-gnu/libgcc_s.so.1
7f92b947e000-7f92b947f000 r--p 00016000 08:02 1185362                    /lib/x86_64-linux-gnu/libgcc_s.so.1
7f92b947f000-7f92b9480000 rw-p 00017000 08:02 1185362                    /lib/x86_64-linux-gnu/libgcc_s.so.1
7f92b9480000-7f92b961d000 r-xp 00000000 08:02 1184187                    /lib/x86_64-linux-gnu/libm-2.27.so
7f92b961d000-7f92b981c000 ---p 0019d000 08:02 1184187                    /lib/x86_64-linux-gnu/libm-2.27.so
7f92b981c000-7f92b981d000 r--p 0019c000 08:02 1184187                    /lib/x86_64-linux-gnu/libm-2.27.so
7f92b981d000-7f92b981e000 rw-p 0019d000 08:02 1184187                    /lib/x86_64-linux-gnu/libm-2.27.so
7f92b981e000-7f92b9997000 r-xp 00000000 08:02 132022                     /usr/lib/x86_64-linux-gnu/libstdc++.so.6.0.25
7f92b9997000-7f92b9b97000 ---p 00179000 08:02 132022                     /usr/lib/x86_64-linux-gnu/libstdc++.so.6.0.25
7f92b9b97000-7f92b9ba1000 r--p 00179000 08:02 132022                     /usr/lib/x86_64-linux-gnu/libstdc++.so.6.0.25
7f92b9ba1000-7f92b9ba3000 rw-p 00183000 08:02 132022                     /usr/lib/x86_64-linux-gnu/libstdc++.so.6.0.25
7f92b9ba3000-7f92b9ba7000 rw-p 00000000 00:00 0 
7f92b9ba7000-7f92bac9f000 r-xp 00000000 08:02 406283                     /usr/lib/jvm/java-11-openjdk-amd64/lib/server/libjvm.so
7f92bac9f000-7f92bae9f000 ---p 010f8000 08:02 406283                     /usr/lib/jvm/java-11-openjdk-amd64/lib/server/libjvm.so
7f92bae9f000-7f92baf63000 r--p 010f8000 08:02 406283                     /usr/lib/jvm/java-11-openjdk-amd64/lib/server/libjvm.so
7f92baf63000-7f92baf9e000 rw-p 011bc000 08:02 406283                     /usr/lib/jvm/java-11-openjdk-amd64/lib/server/libjvm.so
7f92baf9e000-7f92baff5000 rw-p 00000000 00:00 0 
7f92baff5000-7f92bb00f000 r-xp 00000000 08:02 1184203                    /lib/x86_64-linux-gnu/libpthread-2.27.so
7f92bb00f000-7f92bb20e000 ---p 0001a000 08:02 1184203                    /lib/x86_64-linux-gnu/libpthread-2.27.so
7f92bb20e000-7f92bb20f000 r--p 00019000 08:02 1184203                    /lib/x86_64-linux-gnu/libpthread-2.27.so
7f92bb20f000-7f92bb210000 rw-p 0001a000 08:02 1184203                    /lib/x86_64-linux-gnu/libpthread-2.27.so
7f92bb210000-7f92bb214000 rw-p 00000000 00:00 0 
7f92bb214000-7f92bb217000 r-xp 00000000 08:02 1184186                    /lib/x86_64-linux-gnu/libdl-2.27.so
7f92bb217000-7f92bb416000 ---p 00003000 08:02 1184186                    /lib/x86_64-linux-gnu/libdl-2.27.so
7f92bb416000-7f92bb417000 r--p 00002000 08:02 1184186                    /lib/x86_64-linux-gnu/libdl-2.27.so
7f92bb417000-7f92bb418000 rw-p 00003000 08:02 1184186                    /lib/x86_64-linux-gnu/libdl-2.27.so
7f92bb418000-7f92bb434000 r-xp 00000000 08:02 1185494                    /lib/x86_64-linux-gnu/libz.so.1.2.11
7f92bb434000-7f92bb633000 ---p 0001c000 08:02 1185494                    /lib/x86_64-linux-gnu/libz.so.1.2.11
7f92bb633000-7f92bb634000 r--p 0001b000 08:02 1185494                    /lib/x86_64-linux-gnu/libz.so.1.2.11
7f92bb634000-7f92bb635000 rw-p 0001c000 08:02 1185494                    /lib/x86_64-linux-gnu/libz.so.1.2.11
7f92bb635000-7f92bb81c000 r-xp 00000000 08:02 1184137                    /lib/x86_64-linux-gnu/libc-2.27.so
7f92bb81c000-7f92bba1c000 ---p 001e7000 08:02 1184137                    /lib/x86_64-linux-gnu/libc-2.27.so
7f92bba1c000-7f92bba20000 r--p 001e7000 08:02 1184137                    /lib/x86_64-linux-gnu/libc-2.27.so
7f92bba20000-7f92bba22000 rw-p 001eb000 08:02 1184137                    /lib/x86_64-linux-gnu/libc-2.27.so
7f92bba22000-7f92bba26000 rw-p 00000000 00:00 0 
7f92bba26000-7f92bba35000 r-xp 00000000 08:02 406242                     /usr/lib/jvm/java-11-openjdk-amd64/lib/jli/libjli.so
7f92bba35000-7f92bbc34000 ---p 0000f000 08:02 406242                     /usr/lib/jvm/java-11-openjdk-amd64/lib/jli/libjli.so
7f92bbc34000-7f92bbc35000 r--p 0000e000 08:02 406242                     /usr/lib/jvm/java-11-openjdk-amd64/lib/jli/libjli.so
7f92bbc35000-7f92bbc36000 rw-p 0000f000 08:02 406242                     /usr/lib/jvm/java-11-openjdk-amd64/lib/jli/libjli.so
7f92bbc36000-7f92bbc5f000 r-xp 00000000 08:02 1184126                    /lib/x86_64-linux-gnu/ld-2.27.so
7f92bbc8b000-7f92bbc92000 r--s 00000000 08:02 136788                     /usr/lib/x86_64-linux-gnu/gconv/gconv-modules.cache
7f92bbc92000-7f92bbd44000 rw-p 00000000 00:00 0 
7f92bbd44000-7f92bbd4b000 ---p 00000000 00:00 0 
7f92bbd4b000-7f92bbd4f000 ---p 00000000 00:00 0 
7f92bbd4f000-7f92bbe4e000 rw-p 00000000 00:00 0 
7f92bbe51000-7f92bbe53000 r--s 00007000 08:02 242                        /usr/share/java/java-atk-wrapper.jar
7f92bbe53000-7f92bbe5b000 rw-s 00000000 08:02 656059                     /tmp/hsperfdata_os2021/3563
7f92bbe5b000-7f92bbe5c000 ---p 00000000 00:00 0 
7f92bbe5c000-7f92bbe5d000 r--p 00000000 00:00 0 
7f92bbe5d000-7f92bbe5f000 rw-p 00000000 00:00 0 
7f92bbe5f000-7f92bbe60000 r--p 00029000 08:02 1184126                    /lib/x86_64-linux-gnu/ld-2.27.so
7f92bbe60000-7f92bbe61000 rw-p 0002a000 08:02 1184126                    /lib/x86_64-linux-gnu/ld-2.27.so
7f92bbe61000-7f92bbe62000 rw-p 00000000 00:00 0 
7ffd5403d000-7ffd5405e000 rw-p 00000000 00:00 0                          [stack]
7ffd54180000-7ffd54183000 r--p 00000000 00:00 0                          [vvar]
7ffd54183000-7ffd54185000 r-xp 00000000 00:00 0                          [vdso]
ffffffffff600000-ffffffffff601000 r-xp 00000000 00:00 0                  [vsyscall]


VM Arguments:
jvm_args: -Xverify:none 
java_command: Main
java_class_path (initial): .
Launcher Type: SUN_STANDARD

[Global flags]
     bool BytecodeVerificationLocal                = false                                     {product} {command line}
     bool BytecodeVerificationRemote               = false                                     {product} {command line}
     intx CICompilerCount                          = 3                                         {product} {ergonomic}
     uint ConcGCThreads                            = 1                                         {product} {ergonomic}
     uint G1ConcRefinementThreads                  = 4                                         {product} {ergonomic}
   size_t G1HeapRegionSize                         = 1048576                                   {product} {ergonomic}
    uintx GCDrainStackTargetSize                   = 64                                        {product} {ergonomic}
   size_t InitialHeapSize                          = 132120576                                 {product} {ergonomic}
   size_t MarkStackSize                            = 4194304                                   {product} {ergonomic}
   size_t MaxHeapSize                              = 2092957696                                {product} {ergonomic}
   size_t MaxNewSize                               = 1255145472                                {product} {ergonomic}
   size_t MinHeapDeltaBytes                        = 1048576                                   {product} {ergonomic}
    uintx NonNMethodCodeHeapSize                   = 5830732                                {pd product} {ergonomic}
    uintx NonProfiledCodeHeapSize                  = 122913754                              {pd product} {ergonomic}
    uintx ProfiledCodeHeapSize                     = 122913754                              {pd product} {ergonomic}
    uintx ReservedCodeCacheSize                    = 251658240                              {pd product} {ergonomic}
     bool SegmentedCodeCache                       = true                                      {product} {ergonomic}
     bool UseCompressedClassPointers               = true                                 {lp64_product} {ergonomic}
     bool UseCompressedOops                        = true                                 {lp64_product} {ergonomic}
     bool UseG1GC                                  = true                                      {product} {ergonomic}

Logging:
Log output configuration:
 #0: stdout all=warning uptime,level,tags
 #1: stderr all=off uptime,level,tags

Environment Variables:
PATH=/home/os2021/.local/bin:/usr/local/sbin:/usr/local/bin:/usr/sbin:/usr/bin:/sbin:/bin:/usr/games:/usr/local/games:/snap/bin
USERNAME=os2021
SHELL=/usr/bin/zsh
DISPLAY=:0
LANG=en_US.UTF-8

Signal Handlers:
SIGSEGV: [libjvm.so+0xe298a0], sa_mask[0]=11111111011111111101111111111110, sa_flags=SA_RESTART|SA_SIGINFO
SIGBUS: [libjvm.so+0xe298a0], sa_mask[0]=11111111011111111101111111111110, sa_flags=SA_RESTART|SA_SIGINFO
SIGFPE: [libjvm.so+0xe298a0], sa_mask[0]=11111111011111111101111111111110, sa_flags=SA_RESTART|SA_SIGINFO
SIGPIPE: [libjvm.so+0xb7fa20], sa_mask[0]=11111111011111111101111111111110, sa_flags=SA_RESTART|SA_SIGINFO
SIGXFSZ: [libjvm.so+0xb7fa20], sa_mask[0]=11111111011111111101111111111110, sa_flags=SA_RESTART|SA_SIGINFO
SIGILL: [libjvm.so+0xe298a0], sa_mask[0]=11111111011111111101111111111110, sa_flags=SA_RESTART|SA_SIGINFO
SIGUSR2: [libjvm.so+0xb7f8b0], sa_mask[0]=00000000000000000000000000000000, sa_flags=SA_RESTART|SA_SIGINFO
SIGHUP: [libjvm.so+0xb7fd70], sa_mask[0]=11111111011111111101111111111110, sa_flags=SA_RESTART|SA_SIGINFO
SIGINT: [libjvm.so+0xb7fd70], sa_mask[0]=11111111011111111101111111111110, sa_flags=SA_RESTART|SA_SIGINFO
SIGTERM: [libjvm.so+0xb7fd70], sa_mask[0]=11111111011111111101111111111110, sa_flags=SA_RESTART|SA_SIGINFO
SIGQUIT: [libjvm.so+0xb7fd70], sa_mask[0]=11111111011111111101111111111110, sa_flags=SA_RESTART|SA_SIGINFO


---------------  S Y S T E M  ---------------

OS:DISTRIB_ID=Ubuntu
DISTRIB_RELEASE=18.04
DISTRIB_CODENAME=bionic
DISTRIB_DESCRIPTION="Ubuntu 18.04.3 LTS"
uname:Linux 4.15.0-72-generic #81-Ubuntu SMP Tue Nov 26 12:20:02 UTC 2019 x86_64
OS uptime: 0 days 9:11 hours
libc:glibc 2.27 NPTL 2.27 
rlimit (soft/hard): STACK 8192k/infinity , CORE 0k/infinity , NPROC 31660/31660 , NOFILE 1048576/1048576 , AS infinity/infinity , CPU infinity/infinity , DATA infinity/infinity , FSIZE infinity/infinity , MEMLOCK 16384k/16384k
load average:0.18 0.06 0.01

/proc/meminfo:
MemTotal:        8167964 kB
MemFree:         3736512 kB
MemAvailable:    6769044 kB
Buffers:           92740 kB
Cached:          3043204 kB
SwapCached:            0 kB
Active:          1739580 kB
Inactive:        2247168 kB
Active(anon):     845496 kB
Inactive(anon):    54360 kB
Active(file):     894084 kB
Inactive(file):  2192808 kB
Unevictable:           0 kB
Mlocked:               0 kB
SwapTotal:       2097148 kB
SwapFree:        2097148 kB
Dirty:               912 kB
Writeback:             0 kB
AnonPages:        851008 kB
Mapped:           341868 kB
Shmem:             55744 kB
Slab:             313872 kB
SReclaimable:     248428 kB
SUnreclaim:        65444 kB
KernelStack:        8400 kB
PageTables:        34016 kB
NFS_Unstable:          0 kB
Bounce:                0 kB
WritebackTmp:          0 kB
CommitLimit:     6181128 kB
Committed_AS:    4579624 kB
VmallocTotal:   34359738367 kB
VmallocUsed:           0 kB
VmallocChunk:          0 kB
HardwareCorrupted:     0 kB
AnonHugePages:         0 kB
ShmemHugePages:        0 kB
ShmemPmdMapped:        0 kB
CmaTotal:              0 kB
CmaFree:               0 kB
HugePages_Total:       0
HugePages_Free:        0
HugePages_Rsvd:        0
HugePages_Surp:        0
Hugepagesize:       2048 kB
DirectMap4k:      169920 kB
DirectMap2M:     8218624 kB

/sys/kernel/mm/transparent_hugepage/enabled:
always [madvise] never
/sys/kernel/mm/transparent_hugepage/defrag (defrag/compaction efforts parameter):
always defer defer+madvise [madvise] never

Process Memory:
Virtual Size: 4818976K (peak: 13512448K)
Resident Set Size: 48564K (peak: 48564K) (anon: 23272K, file: 25292K, shmem: 0K)
Swapped out: 0K
C-Heap outstanding allocations: 7437K

/proc/sys/kernel/threads-max (system-wide limit on the number of threads):
63321
/proc/sys/vm/max_map_count (maximum number of memory map areas a process may have):
65530
/proc/sys/kernel/pid_max (system-wide limit on number of process identifiers):
32768

container (cgroup) information:
container_type: cgroupv1
cpu_cpuset_cpus: 0-3
cpu_memory_nodes: 0
active_processor_count: 4
cpu_quota: -1
cpu_period: 100000
cpu_shares: -1
memory_limit_in_bytes: -1
memory_and_swap_limit_in_bytes: -2
memory_soft_limit_in_bytes: -1
memory_usage_in_bytes: 1127600128
memory_max_usage_in_bytes: 1127600128

KVM virtualization detected
Steal ticks since vm start: 0
Steal ticks percentage since vm start:  0.000

CPU:total 4 (initial active 4) (4 cores per cpu, 1 threads per core) family 6 model 158 stepping 10 microcode 0xffffffff, cmov, cx8, fxsr, mmx, sse, sse2, sse3, ssse3, sse4.1, sse4.2, tsc, tscinvbit
CPU Model and flags from /proc/cpuinfo:
model name	: Intel(R) Core(TM) i5-8300H CPU @ 2.30GHz
flags		: fpu vme de pse tsc msr pae mce cx8 apic sep mtrr pge mca cmov pat pse36 clflush mmx fxsr sse sse2 ht syscall nx rdtscp lm constant_tsc rep_good nopl xtopology nonstop_tsc cpuid tsc_known_freq pni ssse3 pcid sse4_1 sse4_2 hypervisor lahf_lm invpcid_single pti fsgsbase invpcid md_clear flush_l1d arch_capabilities
Online cpus:
0-3
Offline cpus:

BIOS frequency limitation:
<Not Available>
Frequency switch latency (ns):
<Not Available>
Available cpu frequencies:
<Not Available>
Current governor:
<Not Available>
Core performance/turbo boost:
<Not Available>

Memory: 4k page, physical 8167964k(3736264k free), swap 2097148k(2097148k free)

vm_info: OpenJDK 64-Bit Server VM (11.0.15+10-Ubuntu-0ubuntu0.18.04.1) for linux-amd64 JRE (11.0.15+10-Ubuntu-0ubuntu0.18.04.1), built on Apr 23 2022 13:02:10 by "unknown" with gcc 8.4.0

END.
