#
# A fatal error has been detected by the Java Runtime Environment:
#
#  Internal Error (generateOopMap.cpp:2164), pid=3881, tid=3894
#  fatal error: Illegal class file encountered. Try running with -Xverify:all in method main
#
# JRE version: OpenJDK Runtime Environment (11.0.15+10) (build 11.0.15+10-Ubuntu-0ubuntu0.18.04.1)
# Java VM: OpenJDK 64-Bit Server VM (11.0.15+10-Ubuntu-0ubuntu0.18.04.1, mixed mode, sharing, tiered, compressed oops, g1 gc, linux-amd64)
# Core dump will be written. Default location: Core dumps may be processed with "/usr/share/apport/apport -p%p -s%s -c%c -d%d -P%P -u%u -g%g -- %E" (or dumping to /home/os2021/Compiler_jasmin_yacc/core.3881)
#
# If you would like to submit a bug report, please visit:
#   Unknown
#

---------------  S U M M A R Y ------------

Command Line: -Xverify:none Main

Host: Intel(R) Core(TM) i5-8300H CPU @ 2.30GHz, 4 cores, 7G, Ubuntu 18.04.3 LTS
Time: Wed Jun  8 20:55:54 2022 CST elapsed time: 1.173940 seconds (0d 0h 0m 1s)

---------------  T H R E A D  ---------------

Current thread (0x00007f82b8120800):  JavaThread "C1 CompilerThread0" daemon [_thread_in_vm, id=3894, stack(0x00007f82a051b000,0x00007f82a061c000)]


Current CompileTask:
C1:   1173  139 %     3       Main::main @ 11 (44 bytes)

Stack: [0x00007f82a051b000,0x00007f82a061c000],  sp=0x00007f82a06194c0,  free space=1017k
Native frames: (J=compiled Java code, A=aot compiled Java code, j=interpreted, Vv=VM code, C=native code)
V  [libjvm.so+0xe288d6]
V  [libjvm.so+0x653bbf]
V  [libjvm.so+0x7b038f]
V  [libjvm.so+0x7b043b]
V  [libjvm.so+0x7b5c5b]
V  [libjvm.so+0x7b740c]
V  [libjvm.so+0x7b76d9]
V  [libjvm.so+0xb71414]
V  [libjvm.so+0xb7225b]
V  [libjvm.so+0xb726d7]
V  [libjvm.so+0x56d745]
V  [libjvm.so+0x49feec]
V  [libjvm.so+0x4af761]
V  [libjvm.so+0x4b1300]
V  [libjvm.so+0x4b7b72]
V  [libjvm.so+0x4956c9]
V  [libjvm.so+0x49663b]
V  [libjvm.so+0x496798]
V  [libjvm.so+0x496c1c]
V  [libjvm.so+0x497579]
V  [libjvm.so+0x608010]
V  [libjvm.so+0x609278]
V  [libjvm.so+0xdc7610]
V  [libjvm.so+0xdc3759]
V  [libjvm.so+0xb8957e]


---------------  P R O C E S S  ---------------

Threads class SMR info:
_java_thread_list=0x00007f825c0c91e0, length=9, elements={
0x00007f82b8017000, 0x00007f82b8113000, 0x00007f82b8115000, 0x00007f82b811a800,
0x00007f82b811c800, 0x00007f82b811e800, 0x00007f82b8120800, 0x00007f82b8122800,
0x00007f82b816e800
}

Java Threads: ( => current thread )
  0x00007f82b8017000 JavaThread "main" [_thread_in_native, id=3882, stack(0x00007f82c27a0000,0x00007f82c28a1000)]
  0x00007f82b8113000 JavaThread "Reference Handler" daemon [_thread_blocked, id=3889, stack(0x00007f82bc4b1000,0x00007f82bc5b2000)]
  0x00007f82b8115000 JavaThread "Finalizer" daemon [_thread_blocked, id=3890, stack(0x00007f82bc3b0000,0x00007f82bc4b1000)]
  0x00007f82b811a800 JavaThread "Signal Dispatcher" daemon [_thread_blocked, id=3891, stack(0x00007f82bc0c1000,0x00007f82bc1c2000)]
  0x00007f82b811c800 JavaThread "Service Thread" daemon [_thread_blocked, id=3892, stack(0x00007f82a071d000,0x00007f82a081e000)]
  0x00007f82b811e800 JavaThread "C2 CompilerThread0" daemon [_thread_blocked, id=3893, stack(0x00007f82a061c000,0x00007f82a071d000)]
=>0x00007f82b8120800 JavaThread "C1 CompilerThread0" daemon [_thread_in_vm, id=3894, stack(0x00007f82a051b000,0x00007f82a061c000)]
  0x00007f82b8122800 JavaThread "Sweeper thread" daemon [_thread_blocked, id=3895, stack(0x00007f82a041a000,0x00007f82a051b000)]
  0x00007f82b816e800 JavaThread "Common-Cleaner" daemon [_thread_blocked, id=3897, stack(0x00007f82a0217000,0x00007f82a0318000)]

Other Threads:
  0x00007f82b8110000 VMThread "VM Thread" [stack: 0x00007f82bc5b4000,0x00007f82bc6b4000] [id=3888]
  0x00007f82b816c000 WatcherThread [stack: 0x00007f82a031a000,0x00007f82a041a000] [id=3896]
  0x00007f82b802f000 GCTaskThread "GC Thread#0" [stack: 0x00007f82be754000,0x00007f82be854000] [id=3883]
  0x00007f82b8061000 ConcurrentGCThread "G1 Main Marker" [stack: 0x00007f82bd69c000,0x00007f82bd79c000] [id=3884]
  0x00007f82b8062800 ConcurrentGCThread "G1 Conc#0" [stack: 0x00007f82bd59a000,0x00007f82bd69a000] [id=3885]
  0x00007f82b80dd000 ConcurrentGCThread "G1 Refine#0" [stack: 0x00007f82bd094000,0x00007f82bd194000] [id=3886]
  0x00007f82b80df000 ConcurrentGCThread "G1 Young RemSet Sampling" [stack: 0x00007f82bcf92000,0x00007f82bd092000] [id=3887]

Threads with active compile tasks:
C1 CompilerThread0     1174  139 %     3       Main::main @ 11 (44 bytes)

VM state:not at safepoint (normal execution)

VM Mutex/Monitor currently owned by a thread: None

Heap address: 0x0000000083400000, size: 1996 MB, Compressed Oops mode: 32-bit
Narrow klass base: 0x0000000800000000, Narrow klass shift: 3
Compressed class space size: 1073741824 Address: 0x0000000840000000

Heap:
 garbage-first heap   total 131072K, used 8904K [0x0000000083400000, 0x0000000100000000)
  region size 1024K, 9 young (9216K), 0 survivors (0K)
 Metaspace       used 214K, capacity 4486K, committed 4864K, reserved 1056768K
  class space    used 5K, capacity 386K, committed 512K, reserved 1048576K
Heap Regions: E=young(eden), S=young(survivor), O=old, HS=humongous(starts), HC=humongous(continues), CS=collection set, F=free, A=archive, TAMS=top-at-mark-start (previous, next)
|   0|0x0000000083400000, 0x0000000083400000, 0x0000000083500000|  0%| F|  |TAMS 0x0000000083400000, 0x0000000083400000| Untracked 
|   1|0x0000000083500000, 0x0000000083500000, 0x0000000083600000|  0%| F|  |TAMS 0x0000000083500000, 0x0000000083500000| Untracked 
|   2|0x0000000083600000, 0x0000000083600000, 0x0000000083700000|  0%| F|  |TAMS 0x0000000083600000, 0x0000000083600000| Untracked 
|   3|0x0000000083700000, 0x0000000083700000, 0x0000000083800000|  0%| F|  |TAMS 0x0000000083700000, 0x0000000083700000| Untracked 
|   4|0x0000000083800000, 0x0000000083800000, 0x0000000083900000|  0%| F|  |TAMS 0x0000000083800000, 0x0000000083800000| Untracked 
|   5|0x0000000083900000, 0x0000000083900000, 0x0000000083a00000|  0%| F|  |TAMS 0x0000000083900000, 0x0000000083900000| Untracked 
|   6|0x0000000083a00000, 0x0000000083a00000, 0x0000000083b00000|  0%| F|  |TAMS 0x0000000083a00000, 0x0000000083a00000| Untracked 
|   7|0x0000000083b00000, 0x0000000083b00000, 0x0000000083c00000|  0%| F|  |TAMS 0x0000000083b00000, 0x0000000083b00000| Untracked 
|   8|0x0000000083c00000, 0x0000000083c00000, 0x0000000083d00000|  0%| F|  |TAMS 0x0000000083c00000, 0x0000000083c00000| Untracked 
|   9|0x0000000083d00000, 0x0000000083d00000, 0x0000000083e00000|  0%| F|  |TAMS 0x0000000083d00000, 0x0000000083d00000| Untracked 
|  10|0x0000000083e00000, 0x0000000083e00000, 0x0000000083f00000|  0%| F|  |TAMS 0x0000000083e00000, 0x0000000083e00000| Untracked 
|  11|0x0000000083f00000, 0x0000000083f00000, 0x0000000084000000|  0%| F|  |TAMS 0x0000000083f00000, 0x0000000083f00000| Untracked 
|  12|0x0000000084000000, 0x0000000084000000, 0x0000000084100000|  0%| F|  |TAMS 0x0000000084000000, 0x0000000084000000| Untracked 
|  13|0x0000000084100000, 0x0000000084100000, 0x0000000084200000|  0%| F|  |TAMS 0x0000000084100000, 0x0000000084100000| Untracked 
|  14|0x0000000084200000, 0x0000000084200000, 0x0000000084300000|  0%| F|  |TAMS 0x0000000084200000, 0x0000000084200000| Untracked 
|  15|0x0000000084300000, 0x0000000084300000, 0x0000000084400000|  0%| F|  |TAMS 0x0000000084300000, 0x0000000084300000| Untracked 
|  16|0x0000000084400000, 0x0000000084400000, 0x0000000084500000|  0%| F|  |TAMS 0x0000000084400000, 0x0000000084400000| Untracked 
|  17|0x0000000084500000, 0x0000000084500000, 0x0000000084600000|  0%| F|  |TAMS 0x0000000084500000, 0x0000000084500000| Untracked 
|  18|0x0000000084600000, 0x0000000084600000, 0x0000000084700000|  0%| F|  |TAMS 0x0000000084600000, 0x0000000084600000| Untracked 
|  19|0x0000000084700000, 0x0000000084700000, 0x0000000084800000|  0%| F|  |TAMS 0x0000000084700000, 0x0000000084700000| Untracked 
|  20|0x0000000084800000, 0x0000000084800000, 0x0000000084900000|  0%| F|  |TAMS 0x0000000084800000, 0x0000000084800000| Untracked 
|  21|0x0000000084900000, 0x0000000084900000, 0x0000000084a00000|  0%| F|  |TAMS 0x0000000084900000, 0x0000000084900000| Untracked 
|  22|0x0000000084a00000, 0x0000000084a00000, 0x0000000084b00000|  0%| F|  |TAMS 0x0000000084a00000, 0x0000000084a00000| Untracked 
|  23|0x0000000084b00000, 0x0000000084b00000, 0x0000000084c00000|  0%| F|  |TAMS 0x0000000084b00000, 0x0000000084b00000| Untracked 
|  24|0x0000000084c00000, 0x0000000084c00000, 0x0000000084d00000|  0%| F|  |TAMS 0x0000000084c00000, 0x0000000084c00000| Untracked 
|  25|0x0000000084d00000, 0x0000000084d00000, 0x0000000084e00000|  0%| F|  |TAMS 0x0000000084d00000, 0x0000000084d00000| Untracked 
|  26|0x0000000084e00000, 0x0000000084e00000, 0x0000000084f00000|  0%| F|  |TAMS 0x0000000084e00000, 0x0000000084e00000| Untracked 
|  27|0x0000000084f00000, 0x0000000084f00000, 0x0000000085000000|  0%| F|  |TAMS 0x0000000084f00000, 0x0000000084f00000| Untracked 
|  28|0x0000000085000000, 0x0000000085000000, 0x0000000085100000|  0%| F|  |TAMS 0x0000000085000000, 0x0000000085000000| Untracked 
|  29|0x0000000085100000, 0x0000000085100000, 0x0000000085200000|  0%| F|  |TAMS 0x0000000085100000, 0x0000000085100000| Untracked 
|  30|0x0000000085200000, 0x0000000085200000, 0x0000000085300000|  0%| F|  |TAMS 0x0000000085200000, 0x0000000085200000| Untracked 
|  31|0x0000000085300000, 0x0000000085300000, 0x0000000085400000|  0%| F|  |TAMS 0x0000000085300000, 0x0000000085300000| Untracked 
|  32|0x0000000085400000, 0x0000000085400000, 0x0000000085500000|  0%| F|  |TAMS 0x0000000085400000, 0x0000000085400000| Untracked 
|  33|0x0000000085500000, 0x0000000085500000, 0x0000000085600000|  0%| F|  |TAMS 0x0000000085500000, 0x0000000085500000| Untracked 
|  34|0x0000000085600000, 0x0000000085600000, 0x0000000085700000|  0%| F|  |TAMS 0x0000000085600000, 0x0000000085600000| Untracked 
|  35|0x0000000085700000, 0x0000000085700000, 0x0000000085800000|  0%| F|  |TAMS 0x0000000085700000, 0x0000000085700000| Untracked 
|  36|0x0000000085800000, 0x0000000085800000, 0x0000000085900000|  0%| F|  |TAMS 0x0000000085800000, 0x0000000085800000| Untracked 
|  37|0x0000000085900000, 0x0000000085900000, 0x0000000085a00000|  0%| F|  |TAMS 0x0000000085900000, 0x0000000085900000| Untracked 
|  38|0x0000000085a00000, 0x0000000085a00000, 0x0000000085b00000|  0%| F|  |TAMS 0x0000000085a00000, 0x0000000085a00000| Untracked 
|  39|0x0000000085b00000, 0x0000000085b00000, 0x0000000085c00000|  0%| F|  |TAMS 0x0000000085b00000, 0x0000000085b00000| Untracked 
|  40|0x0000000085c00000, 0x0000000085c00000, 0x0000000085d00000|  0%| F|  |TAMS 0x0000000085c00000, 0x0000000085c00000| Untracked 
|  41|0x0000000085d00000, 0x0000000085d00000, 0x0000000085e00000|  0%| F|  |TAMS 0x0000000085d00000, 0x0000000085d00000| Untracked 
|  42|0x0000000085e00000, 0x0000000085e00000, 0x0000000085f00000|  0%| F|  |TAMS 0x0000000085e00000, 0x0000000085e00000| Untracked 
|  43|0x0000000085f00000, 0x0000000085f00000, 0x0000000086000000|  0%| F|  |TAMS 0x0000000085f00000, 0x0000000085f00000| Untracked 
|  44|0x0000000086000000, 0x0000000086000000, 0x0000000086100000|  0%| F|  |TAMS 0x0000000086000000, 0x0000000086000000| Untracked 
|  45|0x0000000086100000, 0x0000000086100000, 0x0000000086200000|  0%| F|  |TAMS 0x0000000086100000, 0x0000000086100000| Untracked 
|  46|0x0000000086200000, 0x0000000086200000, 0x0000000086300000|  0%| F|  |TAMS 0x0000000086200000, 0x0000000086200000| Untracked 
|  47|0x0000000086300000, 0x0000000086300000, 0x0000000086400000|  0%| F|  |TAMS 0x0000000086300000, 0x0000000086300000| Untracked 
|  48|0x0000000086400000, 0x0000000086400000, 0x0000000086500000|  0%| F|  |TAMS 0x0000000086400000, 0x0000000086400000| Untracked 
|  49|0x0000000086500000, 0x0000000086500000, 0x0000000086600000|  0%| F|  |TAMS 0x0000000086500000, 0x0000000086500000| Untracked 
|  50|0x0000000086600000, 0x0000000086600000, 0x0000000086700000|  0%| F|  |TAMS 0x0000000086600000, 0x0000000086600000| Untracked 
|  51|0x0000000086700000, 0x0000000086700000, 0x0000000086800000|  0%| F|  |TAMS 0x0000000086700000, 0x0000000086700000| Untracked 
|  52|0x0000000086800000, 0x0000000086800000, 0x0000000086900000|  0%| F|  |TAMS 0x0000000086800000, 0x0000000086800000| Untracked 
|  53|0x0000000086900000, 0x0000000086900000, 0x0000000086a00000|  0%| F|  |TAMS 0x0000000086900000, 0x0000000086900000| Untracked 
|  54|0x0000000086a00000, 0x0000000086a00000, 0x0000000086b00000|  0%| F|  |TAMS 0x0000000086a00000, 0x0000000086a00000| Untracked 
|  55|0x0000000086b00000, 0x0000000086b00000, 0x0000000086c00000|  0%| F|  |TAMS 0x0000000086b00000, 0x0000000086b00000| Untracked 
|  56|0x0000000086c00000, 0x0000000086c00000, 0x0000000086d00000|  0%| F|  |TAMS 0x0000000086c00000, 0x0000000086c00000| Untracked 
|  57|0x0000000086d00000, 0x0000000086d00000, 0x0000000086e00000|  0%| F|  |TAMS 0x0000000086d00000, 0x0000000086d00000| Untracked 
|  58|0x0000000086e00000, 0x0000000086e00000, 0x0000000086f00000|  0%| F|  |TAMS 0x0000000086e00000, 0x0000000086e00000| Untracked 
|  59|0x0000000086f00000, 0x0000000086f00000, 0x0000000087000000|  0%| F|  |TAMS 0x0000000086f00000, 0x0000000086f00000| Untracked 
|  60|0x0000000087000000, 0x0000000087000000, 0x0000000087100000|  0%| F|  |TAMS 0x0000000087000000, 0x0000000087000000| Untracked 
|  61|0x0000000087100000, 0x0000000087100000, 0x0000000087200000|  0%| F|  |TAMS 0x0000000087100000, 0x0000000087100000| Untracked 
|  62|0x0000000087200000, 0x0000000087200000, 0x0000000087300000|  0%| F|  |TAMS 0x0000000087200000, 0x0000000087200000| Untracked 
|  63|0x0000000087300000, 0x0000000087300000, 0x0000000087400000|  0%| F|  |TAMS 0x0000000087300000, 0x0000000087300000| Untracked 
|  64|0x0000000087400000, 0x0000000087400000, 0x0000000087500000|  0%| F|  |TAMS 0x0000000087400000, 0x0000000087400000| Untracked 
|  65|0x0000000087500000, 0x0000000087500000, 0x0000000087600000|  0%| F|  |TAMS 0x0000000087500000, 0x0000000087500000| Untracked 
|  66|0x0000000087600000, 0x0000000087600000, 0x0000000087700000|  0%| F|  |TAMS 0x0000000087600000, 0x0000000087600000| Untracked 
|  67|0x0000000087700000, 0x0000000087700000, 0x0000000087800000|  0%| F|  |TAMS 0x0000000087700000, 0x0000000087700000| Untracked 
|  68|0x0000000087800000, 0x0000000087800000, 0x0000000087900000|  0%| F|  |TAMS 0x0000000087800000, 0x0000000087800000| Untracked 
|  69|0x0000000087900000, 0x0000000087900000, 0x0000000087a00000|  0%| F|  |TAMS 0x0000000087900000, 0x0000000087900000| Untracked 
|  70|0x0000000087a00000, 0x0000000087a00000, 0x0000000087b00000|  0%| F|  |TAMS 0x0000000087a00000, 0x0000000087a00000| Untracked 
|  71|0x0000000087b00000, 0x0000000087b00000, 0x0000000087c00000|  0%| F|  |TAMS 0x0000000087b00000, 0x0000000087b00000| Untracked 
|  72|0x0000000087c00000, 0x0000000087c00000, 0x0000000087d00000|  0%| F|  |TAMS 0x0000000087c00000, 0x0000000087c00000| Untracked 
|  73|0x0000000087d00000, 0x0000000087d00000, 0x0000000087e00000|  0%| F|  |TAMS 0x0000000087d00000, 0x0000000087d00000| Untracked 
|  74|0x0000000087e00000, 0x0000000087e00000, 0x0000000087f00000|  0%| F|  |TAMS 0x0000000087e00000, 0x0000000087e00000| Untracked 
|  75|0x0000000087f00000, 0x0000000087f00000, 0x0000000088000000|  0%| F|  |TAMS 0x0000000087f00000, 0x0000000087f00000| Untracked 
|  76|0x0000000088000000, 0x0000000088000000, 0x0000000088100000|  0%| F|  |TAMS 0x0000000088000000, 0x0000000088000000| Untracked 
|  77|0x0000000088100000, 0x0000000088100000, 0x0000000088200000|  0%| F|  |TAMS 0x0000000088100000, 0x0000000088100000| Untracked 
|  78|0x0000000088200000, 0x0000000088200000, 0x0000000088300000|  0%| F|  |TAMS 0x0000000088200000, 0x0000000088200000| Untracked 
|  79|0x0000000088300000, 0x0000000088300000, 0x0000000088400000|  0%| F|  |TAMS 0x0000000088300000, 0x0000000088300000| Untracked 
|  80|0x0000000088400000, 0x0000000088400000, 0x0000000088500000|  0%| F|  |TAMS 0x0000000088400000, 0x0000000088400000| Untracked 
|  81|0x0000000088500000, 0x0000000088500000, 0x0000000088600000|  0%| F|  |TAMS 0x0000000088500000, 0x0000000088500000| Untracked 
|  82|0x0000000088600000, 0x0000000088600000, 0x0000000088700000|  0%| F|  |TAMS 0x0000000088600000, 0x0000000088600000| Untracked 
|  83|0x0000000088700000, 0x0000000088700000, 0x0000000088800000|  0%| F|  |TAMS 0x0000000088700000, 0x0000000088700000| Untracked 
|  84|0x0000000088800000, 0x0000000088800000, 0x0000000088900000|  0%| F|  |TAMS 0x0000000088800000, 0x0000000088800000| Untracked 
|  85|0x0000000088900000, 0x0000000088900000, 0x0000000088a00000|  0%| F|  |TAMS 0x0000000088900000, 0x0000000088900000| Untracked 
|  86|0x0000000088a00000, 0x0000000088a00000, 0x0000000088b00000|  0%| F|  |TAMS 0x0000000088a00000, 0x0000000088a00000| Untracked 
|  87|0x0000000088b00000, 0x0000000088b00000, 0x0000000088c00000|  0%| F|  |TAMS 0x0000000088b00000, 0x0000000088b00000| Untracked 
|  88|0x0000000088c00000, 0x0000000088c00000, 0x0000000088d00000|  0%| F|  |TAMS 0x0000000088c00000, 0x0000000088c00000| Untracked 
|  89|0x0000000088d00000, 0x0000000088d00000, 0x0000000088e00000|  0%| F|  |TAMS 0x0000000088d00000, 0x0000000088d00000| Untracked 
|  90|0x0000000088e00000, 0x0000000088e00000, 0x0000000088f00000|  0%| F|  |TAMS 0x0000000088e00000, 0x0000000088e00000| Untracked 
|  91|0x0000000088f00000, 0x0000000088f00000, 0x0000000089000000|  0%| F|  |TAMS 0x0000000088f00000, 0x0000000088f00000| Untracked 
|  92|0x0000000089000000, 0x0000000089000000, 0x0000000089100000|  0%| F|  |TAMS 0x0000000089000000, 0x0000000089000000| Untracked 
|  93|0x0000000089100000, 0x0000000089100000, 0x0000000089200000|  0%| F|  |TAMS 0x0000000089100000, 0x0000000089100000| Untracked 
|  94|0x0000000089200000, 0x0000000089200000, 0x0000000089300000|  0%| F|  |TAMS 0x0000000089200000, 0x0000000089200000| Untracked 
|  95|0x0000000089300000, 0x0000000089300000, 0x0000000089400000|  0%| F|  |TAMS 0x0000000089300000, 0x0000000089300000| Untracked 
|  96|0x0000000089400000, 0x0000000089400000, 0x0000000089500000|  0%| F|  |TAMS 0x0000000089400000, 0x0000000089400000| Untracked 
|  97|0x0000000089500000, 0x0000000089500000, 0x0000000089600000|  0%| F|  |TAMS 0x0000000089500000, 0x0000000089500000| Untracked 
|  98|0x0000000089600000, 0x0000000089600000, 0x0000000089700000|  0%| F|  |TAMS 0x0000000089600000, 0x0000000089600000| Untracked 
|  99|0x0000000089700000, 0x0000000089700000, 0x0000000089800000|  0%| F|  |TAMS 0x0000000089700000, 0x0000000089700000| Untracked 
| 100|0x0000000089800000, 0x0000000089800000, 0x0000000089900000|  0%| F|  |TAMS 0x0000000089800000, 0x0000000089800000| Untracked 
| 101|0x0000000089900000, 0x0000000089900000, 0x0000000089a00000|  0%| F|  |TAMS 0x0000000089900000, 0x0000000089900000| Untracked 
| 102|0x0000000089a00000, 0x0000000089a00000, 0x0000000089b00000|  0%| F|  |TAMS 0x0000000089a00000, 0x0000000089a00000| Untracked 
| 103|0x0000000089b00000, 0x0000000089b00000, 0x0000000089c00000|  0%| F|  |TAMS 0x0000000089b00000, 0x0000000089b00000| Untracked 
| 104|0x0000000089c00000, 0x0000000089c00000, 0x0000000089d00000|  0%| F|  |TAMS 0x0000000089c00000, 0x0000000089c00000| Untracked 
| 105|0x0000000089d00000, 0x0000000089d00000, 0x0000000089e00000|  0%| F|  |TAMS 0x0000000089d00000, 0x0000000089d00000| Untracked 
| 106|0x0000000089e00000, 0x0000000089e00000, 0x0000000089f00000|  0%| F|  |TAMS 0x0000000089e00000, 0x0000000089e00000| Untracked 
| 107|0x0000000089f00000, 0x0000000089f00000, 0x000000008a000000|  0%| F|  |TAMS 0x0000000089f00000, 0x0000000089f00000| Untracked 
| 108|0x000000008a000000, 0x000000008a000000, 0x000000008a100000|  0%| F|  |TAMS 0x000000008a000000, 0x000000008a000000| Untracked 
| 109|0x000000008a100000, 0x000000008a100000, 0x000000008a200000|  0%| F|  |TAMS 0x000000008a100000, 0x000000008a100000| Untracked 
| 110|0x000000008a200000, 0x000000008a200000, 0x000000008a300000|  0%| F|  |TAMS 0x000000008a200000, 0x000000008a200000| Untracked 
| 111|0x000000008a300000, 0x000000008a300000, 0x000000008a400000|  0%| F|  |TAMS 0x000000008a300000, 0x000000008a300000| Untracked 
| 112|0x000000008a400000, 0x000000008a400000, 0x000000008a500000|  0%| F|  |TAMS 0x000000008a400000, 0x000000008a400000| Untracked 
| 113|0x000000008a500000, 0x000000008a500000, 0x000000008a600000|  0%| F|  |TAMS 0x000000008a500000, 0x000000008a500000| Untracked 
| 114|0x000000008a600000, 0x000000008a600000, 0x000000008a700000|  0%| F|  |TAMS 0x000000008a600000, 0x000000008a600000| Untracked 
| 115|0x000000008a700000, 0x000000008a700000, 0x000000008a800000|  0%| F|  |TAMS 0x000000008a700000, 0x000000008a700000| Untracked 
| 116|0x000000008a800000, 0x000000008a800000, 0x000000008a900000|  0%| F|  |TAMS 0x000000008a800000, 0x000000008a800000| Untracked 
| 117|0x000000008a900000, 0x000000008a948310, 0x000000008aa00000| 28%| E|  |TAMS 0x000000008a900000, 0x000000008a900000| Complete 
| 118|0x000000008aa00000, 0x000000008ab00000, 0x000000008ab00000|100%| E|CS|TAMS 0x000000008aa00000, 0x000000008aa00000| Complete 
| 119|0x000000008ab00000, 0x000000008ac00000, 0x000000008ac00000|100%| E|CS|TAMS 0x000000008ab00000, 0x000000008ab00000| Complete 
| 120|0x000000008ac00000, 0x000000008ad00000, 0x000000008ad00000|100%| E|CS|TAMS 0x000000008ac00000, 0x000000008ac00000| Complete 
| 121|0x000000008ad00000, 0x000000008ae00000, 0x000000008ae00000|100%| E|CS|TAMS 0x000000008ad00000, 0x000000008ad00000| Complete 
| 122|0x000000008ae00000, 0x000000008af00000, 0x000000008af00000|100%| E|CS|TAMS 0x000000008ae00000, 0x000000008ae00000| Complete 
| 123|0x000000008af00000, 0x000000008b000000, 0x000000008b000000|100%| E|CS|TAMS 0x000000008af00000, 0x000000008af00000| Complete 
| 124|0x000000008b000000, 0x000000008b100000, 0x000000008b100000|100%| E|CS|TAMS 0x000000008b000000, 0x000000008b000000| Complete 
| 125|0x000000008b100000, 0x000000008b200000, 0x000000008b200000|100%| E|CS|TAMS 0x000000008b100000, 0x000000008b100000| Complete 
|1994|0x00000000ffe00000, 0x00000000ffe47000, 0x00000000fff00000| 27%|OA|  |TAMS 0x00000000ffe00000, 0x00000000ffe00000| Untracked 
|1995|0x00000000fff00000, 0x00000000fff6b000, 0x0000000100000000| 41%|CA|  |TAMS 0x00000000fff00000, 0x00000000fff00000| Untracked 

Card table byte_map: [0x00007f82bdb82000,0x00007f82bdf68000] _byte_map_base: 0x00007f82bd768000

Marking Bits (Prev, Next): (CMBitMap*) 0x00007f82b80580f8, (CMBitMap*) 0x00007f82b8058130
 Prev Bits: [0x00007f829a0d0000, 0x00007f829c000000)
 Next Bits: [0x00007f82981a0000, 0x00007f829a0d0000)

Polling page: 0x00007f82c28b0000

Metaspace:

Usage:
  Non-class:      4.00 MB capacity,   208.68 KB (  5%) used,     3.80 MB ( 95%) free+waste,   128 bytes ( <1%) overhead. 
      Class:    386.00 KB capacity,     5.67 KB (  1%) used,   380.20 KB ( 98%) free+waste,   128 bytes ( <1%) overhead. 
       Both:      4.38 MB capacity,   214.35 KB (  5%) used,     4.17 MB ( 95%) free+waste,   256 bytes ( <1%) overhead. 

Virtual space:
  Non-class space:        8.00 MB reserved,       4.25 MB ( 53%) committed 
      Class space:        1.00 GB reserved,     512.00 KB ( <1%) committed 
             Both:        1.01 GB reserved,       4.75 MB ( <1%) committed 

Chunk freelists:
   Non-Class:  0 bytes
       Class:  0 bytes
        Both:  0 bytes

MaxMetaspaceSize: unlimited
CompressedClassSpaceSize: 1.00 GB
Initial GC threshold: 20.80 MB
Current GC threshold: 20.80 MB
CDS: on

CodeHeap 'non-profiled nmethods': size=120032Kb used=90Kb max_used=90Kb free=119941Kb
 bounds [0x00007f82a82e6000, 0x00007f82a8556000, 0x00007f82af81e000]
CodeHeap 'profiled nmethods': size=120032Kb used=195Kb max_used=195Kb free=119836Kb
 bounds [0x00007f82a0dae000, 0x00007f82a101e000, 0x00007f82a82e6000]
CodeHeap 'non-nmethods': size=5696Kb used=1015Kb max_used=1042Kb free=4680Kb
 bounds [0x00007f82a081e000, 0x00007f82a0a8e000, 0x00007f82a0dae000]
 total_blobs=374 nmethods=134 adapters=155
 compilation: enabled
              stopped_count=0, restarted_count=0
 full_count=0

Compilation events (20 events):
Event: 0.331 Thread 0x00007f82b811e800  130       4       sun.nio.cs.StreamEncoder::writeBytes (132 bytes)
Event: 0.353 Thread 0x00007f826807e000 nmethod 129 0x00007f82a82f1190 code [0x00007f82a82f1380, 0x00007f82a82f2388]
Event: 0.353 Thread 0x00007f826807e000  133       4       java.lang.Integer::stringSize (47 bytes)
Event: 0.356 Thread 0x00007f826807e000 nmethod 133 0x00007f82a82f2b90 code [0x00007f82a82f2d20, 0x00007f82a82f2dd8]
Event: 0.356 Thread 0x00007f826807e000  134       4       java.lang.Integer::getChars (131 bytes)
Event: 0.365 Thread 0x00007f82b811e800 nmethod 130 0x00007f82a82f2e90 code [0x00007f82a82f3080, 0x00007f82a82f3c68]
Event: 0.365 Thread 0x00007f82b811e800  131   !   4       java.io.PrintStream::write (69 bytes)
Event: 0.373 Thread 0x00007f82b811e800 nmethod 131 0x00007f82a82f4290 code [0x00007f82a82f4480, 0x00007f82a82f4f08]
Event: 0.373 Thread 0x00007f82b811e800  132  s    4       java.io.BufferedOutputStream::write (67 bytes)
Event: 0.379 Thread 0x00007f826807e000 nmethod 134 0x00007f82a82f5410 code [0x00007f82a82f55c0, 0x00007f82a82f59b8]
Event: 0.380 Thread 0x00007f826807e000  138   !   4       java.io.PrintStream::newLine (73 bytes)
Event: 0.392 Thread 0x00007f82b811e800 nmethod 132 0x00007f82a82f5c10 code [0x00007f82a82f5dc0, 0x00007f82a82f6118]
Event: 0.392 Thread 0x00007f82b811e800  135   !   4       java.io.PrintStream::println (24 bytes)
Event: 0.396 Thread 0x00007f826807e000 nmethod 138 0x00007f82a82f6290 code [0x00007f82a82f64a0, 0x00007f82a82f71a8]
Event: 0.396 Thread 0x00007f826807e000  136       4       java.lang.Integer::toString (55 bytes)
Event: 0.446 Thread 0x00007f826807e000 nmethod 136 0x00007f82a82f7a10 code [0x00007f82a82f7bc0, 0x00007f82a82f81f8]
Event: 0.446 Thread 0x00007f826807e000  137   !   4       java.io.PrintStream::write (83 bytes)
Event: 0.449 Thread 0x00007f82b811e800 nmethod 135 0x00007f82a82f8490 code [0x00007f82a82f8700, 0x00007f82a82fa1a0]
Event: 0.461 Thread 0x00007f826807e000 nmethod 137 0x00007f82a82fb490 code [0x00007f82a82fb680, 0x00007f82a82fc158]
Event: 1.172 Thread 0x00007f82b8120800  139 %     3       Main::main @ 11 (44 bytes)

GC Heap History (0 events):
No events

Deoptimization events (0 events):
No events

Classes redefined (0 events):
No events

Internal exceptions (0 events):
No events

Events (20 events):
Event: 0.027 Thread 0x00007f82b8120800 Thread added: 0x00007f82b8120800
Event: 0.027 Protecting memory [0x00007f82a051b000,0x00007f82a051f000] with protection modes 0
Event: 0.028 Thread 0x00007f82b8122800 Thread added: 0x00007f82b8122800
Event: 0.028 Protecting memory [0x00007f82a041a000,0x00007f82a041e000] with protection modes 0
Event: 0.046 Executing VM operation: EnableBiasedLocking
Event: 0.070 Executing VM operation: EnableBiasedLocking done
Event: 0.071 loading class jdk/internal/vm/PostVMInitHook
Event: 0.071 loading class jdk/internal/vm/PostVMInitHook done
Event: 0.075 loading class Main
Event: 0.075 loading class Main done
Event: 0.077 loading class jdk/internal/loader/URLClassPath$FileLoader
Event: 0.078 loading class jdk/internal/loader/URLClassPath$FileLoader done
Event: 0.078 loading class jdk/internal/loader/URLClassPath$FileLoader$1
Event: 0.078 loading class jdk/internal/loader/URLClassPath$FileLoader$1 done
Event: 0.080 Thread 0x00007f82b816e800 Thread added: 0x00007f82b816e800
Event: 0.081 Protecting memory [0x00007f82a0217000,0x00007f82a021b000] with protection modes 0
Event: 0.081 Executing VM operation: RevokeBias
Event: 0.082 Executing VM operation: RevokeBias done
Event: 0.258 Thread 0x00007f826807e000 Thread added: 0x00007f826807e000
Event: 0.269 Protecting memory [0x00007f82a0116000,0x00007f82a011a000] with protection modes 0


Dynamic libraries:
83400000-8b200000 rw-p 00000000 00:00 0 
8b200000-ffe00000 ---p 00000000 00:00 0 
ffe00000-ffe47000 rw-p 01119000 08:02 406481                             /usr/lib/jvm/java-11-openjdk-amd64/lib/server/classes.jsa
ffe47000-fff00000 rw-p 00000000 00:00 0 
fff00000-fff6b000 rw-p 010ae000 08:02 406481                             /usr/lib/jvm/java-11-openjdk-amd64/lib/server/classes.jsa
fff6b000-100000000 rw-p 00000000 00:00 0 
800000000-800002000 rwxp 00001000 08:02 406481                           /usr/lib/jvm/java-11-openjdk-amd64/lib/server/classes.jsa
800002000-8003cb000 rw-p 00003000 08:02 406481                           /usr/lib/jvm/java-11-openjdk-amd64/lib/server/classes.jsa
8003cb000-800a9a000 r--p 003cc000 08:02 406481                           /usr/lib/jvm/java-11-openjdk-amd64/lib/server/classes.jsa
800a9a000-800a9b000 rw-p 00a9b000 08:02 406481                           /usr/lib/jvm/java-11-openjdk-amd64/lib/server/classes.jsa
800a9b000-8010ad000 r--p 00a9c000 08:02 406481                           /usr/lib/jvm/java-11-openjdk-amd64/lib/server/classes.jsa
840000000-840080000 rw-p 00000000 00:00 0 
840080000-880000000 ---p 00000000 00:00 0 
5557fc033000-5557fc034000 r-xp 00000000 08:02 406119                     /usr/lib/jvm/java-11-openjdk-amd64/bin/java
5557fc234000-5557fc235000 r--p 00001000 08:02 406119                     /usr/lib/jvm/java-11-openjdk-amd64/bin/java
5557fc235000-5557fc236000 rw-p 00002000 08:02 406119                     /usr/lib/jvm/java-11-openjdk-amd64/bin/java
5557fcd9b000-5557fcdbc000 rw-p 00000000 00:00 0                          [heap]
7f8258000000-7f8258021000 rw-p 00000000 00:00 0 
7f8258021000-7f825c000000 ---p 00000000 00:00 0 
7f825c000000-7f825c265000 rw-p 00000000 00:00 0 
7f825c265000-7f8260000000 ---p 00000000 00:00 0 
7f8260000000-7f8260021000 rw-p 00000000 00:00 0 
7f8260021000-7f8264000000 ---p 00000000 00:00 0 
7f8264000000-7f8264021000 rw-p 00000000 00:00 0 
7f8264021000-7f8268000000 ---p 00000000 00:00 0 
7f8268000000-7f8268363000 rw-p 00000000 00:00 0 
7f8268363000-7f826c000000 ---p 00000000 00:00 0 
7f826c000000-7f826c0b6000 rw-p 00000000 00:00 0 
7f826c0b6000-7f8270000000 ---p 00000000 00:00 0 
7f8270000000-7f8270021000 rw-p 00000000 00:00 0 
7f8270021000-7f8274000000 ---p 00000000 00:00 0 
7f8274000000-7f8274021000 rw-p 00000000 00:00 0 
7f8274021000-7f8278000000 ---p 00000000 00:00 0 
7f8278000000-7f8278021000 rw-p 00000000 00:00 0 
7f8278021000-7f827c000000 ---p 00000000 00:00 0 
7f827c000000-7f827c021000 rw-p 00000000 00:00 0 
7f827c021000-7f8280000000 ---p 00000000 00:00 0 
7f8280000000-7f8280021000 rw-p 00000000 00:00 0 
7f8280021000-7f8284000000 ---p 00000000 00:00 0 
7f8284000000-7f8284021000 rw-p 00000000 00:00 0 
7f8284021000-7f8288000000 ---p 00000000 00:00 0 
7f8288000000-7f8288021000 rw-p 00000000 00:00 0 
7f8288021000-7f828c000000 ---p 00000000 00:00 0 
7f828c000000-7f828c021000 rw-p 00000000 00:00 0 
7f828c021000-7f8290000000 ---p 00000000 00:00 0 
7f8292000000-7f8294000000 rw-p 00000000 00:00 0 
7f8294000000-7f8294021000 rw-p 00000000 00:00 0 
7f8294021000-7f8298000000 ---p 00000000 00:00 0 
7f82981a0000-7f8298398000 rw-p 00000000 00:00 0 
7f8298398000-7f829a0c8000 ---p 00000000 00:00 0 
7f829a0c8000-7f829a2c8000 rw-p 00000000 00:00 0 
7f829a2c8000-7f829bff8000 ---p 00000000 00:00 0 
7f829bff8000-7f829c000000 rw-p 00000000 00:00 0 
7f829c000000-7f829c021000 rw-p 00000000 00:00 0 
7f829c021000-7f82a0000000 ---p 00000000 00:00 0 
7f82a0116000-7f82a011a000 ---p 00000000 00:00 0 
7f82a011a000-7f82a0217000 rw-p 00000000 00:00 0 
7f82a0217000-7f82a021b000 ---p 00000000 00:00 0 
7f82a021b000-7f82a0318000 rw-p 00000000 00:00 0 
7f82a0318000-7f82a0319000 ---p 00000000 00:00 0 
7f82a0319000-7f82a041a000 rw-p 00000000 00:00 0 
7f82a041a000-7f82a041e000 ---p 00000000 00:00 0 
7f82a041e000-7f82a051b000 rw-p 00000000 00:00 0 
7f82a051b000-7f82a051f000 ---p 00000000 00:00 0 
7f82a051f000-7f82a061c000 rw-p 00000000 00:00 0 
7f82a061c000-7f82a0620000 ---p 00000000 00:00 0 
7f82a0620000-7f82a071d000 rw-p 00000000 00:00 0 
7f82a071d000-7f82a0721000 ---p 00000000 00:00 0 
7f82a0721000-7f82a081e000 rw-p 00000000 00:00 0 
7f82a081e000-7f82a0a8e000 rwxp 00000000 00:00 0 
7f82a0a8e000-7f82a0dae000 ---p 00000000 00:00 0 
7f82a0dae000-7f82a101e000 rwxp 00000000 00:00 0 
7f82a101e000-7f82a82e6000 ---p 00000000 00:00 0 
7f82a82e6000-7f82a8556000 rwxp 00000000 00:00 0 
7f82a8556000-7f82af81e000 ---p 00000000 00:00 0 
7f82af81e000-7f82b8000000 r--s 00000000 08:02 406278                     /usr/lib/jvm/java-11-openjdk-amd64/lib/modules
7f82b8000000-7f82b8174000 rw-p 00000000 00:00 0 
7f82b8174000-7f82bc000000 ---p 00000000 00:00 0 
7f82bc0c1000-7f82bc0c5000 ---p 00000000 00:00 0 
7f82bc0c5000-7f82bc1c2000 rw-p 00000000 00:00 0 
7f82bc1c2000-7f82bc3b0000 r--p 00000000 08:02 138114                     /usr/lib/locale/locale-archive
7f82bc3b0000-7f82bc3b4000 ---p 00000000 00:00 0 
7f82bc3b4000-7f82bc4b1000 rw-p 00000000 00:00 0 
7f82bc4b1000-7f82bc4b5000 ---p 00000000 00:00 0 
7f82bc4b5000-7f82bc5b2000 rw-p 00000000 00:00 0 
7f82bc5b2000-7f82bc5b3000 ---p 00000000 00:00 0 
7f82bc5b3000-7f82bcbd0000 rw-p 00000000 00:00 0 
7f82bcbd0000-7f82bcf90000 ---p 00000000 00:00 0 
7f82bcf90000-7f82bcf91000 ---p 00000000 00:00 0 
7f82bcf91000-7f82bd092000 rw-p 00000000 00:00 0 
7f82bd092000-7f82bd093000 ---p 00000000 00:00 0 
7f82bd093000-7f82bd598000 rw-p 00000000 00:00 0 
7f82bd598000-7f82bd599000 ---p 00000000 00:00 0 
7f82bd599000-7f82bd69a000 rw-p 00000000 00:00 0 
7f82bd69a000-7f82bd69b000 ---p 00000000 00:00 0 
7f82bd69b000-7f82bd7db000 rw-p 00000000 00:00 0 
7f82bd7db000-7f82bdb81000 ---p 00000000 00:00 0 
7f82bdb81000-7f82bdbc1000 rw-p 00000000 00:00 0 
7f82bdbc1000-7f82bdf67000 ---p 00000000 00:00 0 
7f82bdf67000-7f82bdfa7000 rw-p 00000000 00:00 0 
7f82bdfa7000-7f82be34d000 ---p 00000000 00:00 0 
7f82be34d000-7f82be752000 rw-p 00000000 00:00 0 
7f82be752000-7f82be753000 ---p 00000000 00:00 0 
7f82be753000-7f82be859000 rw-p 00000000 00:00 0 
7f82be859000-7f82be93f000 ---p 00000000 00:00 0 
7f82be93f000-7f82be944000 rw-p 00000000 00:00 0 
7f82be944000-7f82bea2a000 ---p 00000000 00:00 0 
7f82bea2a000-7f82bea31000 r-xp 00000000 08:02 406277                     /usr/lib/jvm/java-11-openjdk-amd64/lib/libzip.so
7f82bea31000-7f82bec31000 ---p 00007000 08:02 406277                     /usr/lib/jvm/java-11-openjdk-amd64/lib/libzip.so
7f82bec31000-7f82bec32000 r--p 00007000 08:02 406277                     /usr/lib/jvm/java-11-openjdk-amd64/lib/libzip.so
7f82bec32000-7f82bec33000 rw-p 00008000 08:02 406277                     /usr/lib/jvm/java-11-openjdk-amd64/lib/libzip.so
7f82bec33000-7f82bec3e000 r-xp 00000000 08:02 1184197                    /lib/x86_64-linux-gnu/libnss_files-2.27.so
7f82bec3e000-7f82bee3d000 ---p 0000b000 08:02 1184197                    /lib/x86_64-linux-gnu/libnss_files-2.27.so
7f82bee3d000-7f82bee3e000 r--p 0000a000 08:02 1184197                    /lib/x86_64-linux-gnu/libnss_files-2.27.so
7f82bee3e000-7f82bee3f000 rw-p 0000b000 08:02 1184197                    /lib/x86_64-linux-gnu/libnss_files-2.27.so
7f82bee3f000-7f82bee45000 rw-p 00000000 00:00 0 
7f82bee45000-7f82bee5c000 r-xp 00000000 08:02 1184194                    /lib/x86_64-linux-gnu/libnsl-2.27.so
7f82bee5c000-7f82bf05b000 ---p 00017000 08:02 1184194                    /lib/x86_64-linux-gnu/libnsl-2.27.so
7f82bf05b000-7f82bf05c000 r--p 00016000 08:02 1184194                    /lib/x86_64-linux-gnu/libnsl-2.27.so
7f82bf05c000-7f82bf05d000 rw-p 00017000 08:02 1184194                    /lib/x86_64-linux-gnu/libnsl-2.27.so
7f82bf05d000-7f82bf05f000 rw-p 00000000 00:00 0 
7f82bf05f000-7f82bf06a000 r-xp 00000000 08:02 1184199                    /lib/x86_64-linux-gnu/libnss_nis-2.27.so
7f82bf06a000-7f82bf269000 ---p 0000b000 08:02 1184199                    /lib/x86_64-linux-gnu/libnss_nis-2.27.so
7f82bf269000-7f82bf26a000 r--p 0000a000 08:02 1184199                    /lib/x86_64-linux-gnu/libnss_nis-2.27.so
7f82bf26a000-7f82bf26b000 rw-p 0000b000 08:02 1184199                    /lib/x86_64-linux-gnu/libnss_nis-2.27.so
7f82bf26b000-7f82bf273000 r-xp 00000000 08:02 1184195                    /lib/x86_64-linux-gnu/libnss_compat-2.27.so
7f82bf273000-7f82bf473000 ---p 00008000 08:02 1184195                    /lib/x86_64-linux-gnu/libnss_compat-2.27.so
7f82bf473000-7f82bf474000 r--p 00008000 08:02 1184195                    /lib/x86_64-linux-gnu/libnss_compat-2.27.so
7f82bf474000-7f82bf475000 rw-p 00009000 08:02 1184195                    /lib/x86_64-linux-gnu/libnss_compat-2.27.so
7f82bf475000-7f82bf47a000 r-xp 00000000 08:02 406260                     /usr/lib/jvm/java-11-openjdk-amd64/lib/libjimage.so
7f82bf47a000-7f82bf679000 ---p 00005000 08:02 406260                     /usr/lib/jvm/java-11-openjdk-amd64/lib/libjimage.so
7f82bf679000-7f82bf67a000 r--p 00004000 08:02 406260                     /usr/lib/jvm/java-11-openjdk-amd64/lib/libjimage.so
7f82bf67a000-7f82bf67b000 rw-p 00005000 08:02 406260                     /usr/lib/jvm/java-11-openjdk-amd64/lib/libjimage.so
7f82bf67b000-7f82bf6a3000 r-xp 00000000 08:02 406257                     /usr/lib/jvm/java-11-openjdk-amd64/lib/libjava.so
7f82bf6a3000-7f82bf8a3000 ---p 00028000 08:02 406257                     /usr/lib/jvm/java-11-openjdk-amd64/lib/libjava.so
7f82bf8a3000-7f82bf8a4000 r--p 00028000 08:02 406257                     /usr/lib/jvm/java-11-openjdk-amd64/lib/libjava.so
7f82bf8a4000-7f82bf8a5000 rw-p 00029000 08:02 406257                     /usr/lib/jvm/java-11-openjdk-amd64/lib/libjava.so
7f82bf8a5000-7f82bf8a6000 rw-p 00000000 00:00 0 
7f82bf8a6000-7f82bf8b3000 r-xp 00000000 08:02 406276                     /usr/lib/jvm/java-11-openjdk-amd64/lib/libverify.so
7f82bf8b3000-7f82bfab2000 ---p 0000d000 08:02 406276                     /usr/lib/jvm/java-11-openjdk-amd64/lib/libverify.so
7f82bfab2000-7f82bfab4000 r--p 0000c000 08:02 406276                     /usr/lib/jvm/java-11-openjdk-amd64/lib/libverify.so
7f82bfab4000-7f82bfab5000 rw-p 0000e000 08:02 406276                     /usr/lib/jvm/java-11-openjdk-amd64/lib/libverify.so
7f82bfab5000-7f82bfabc000 r-xp 00000000 08:02 1184205                    /lib/x86_64-linux-gnu/librt-2.27.so
7f82bfabc000-7f82bfcbb000 ---p 00007000 08:02 1184205                    /lib/x86_64-linux-gnu/librt-2.27.so
7f82bfcbb000-7f82bfcbc000 r--p 00006000 08:02 1184205                    /lib/x86_64-linux-gnu/librt-2.27.so
7f82bfcbc000-7f82bfcbd000 rw-p 00007000 08:02 1184205                    /lib/x86_64-linux-gnu/librt-2.27.so
7f82bfcbd000-7f82bfcd4000 r-xp 00000000 08:02 1185362                    /lib/x86_64-linux-gnu/libgcc_s.so.1
7f82bfcd4000-7f82bfed3000 ---p 00017000 08:02 1185362                    /lib/x86_64-linux-gnu/libgcc_s.so.1
7f82bfed3000-7f82bfed4000 r--p 00016000 08:02 1185362                    /lib/x86_64-linux-gnu/libgcc_s.so.1
7f82bfed4000-7f82bfed5000 rw-p 00017000 08:02 1185362                    /lib/x86_64-linux-gnu/libgcc_s.so.1
7f82bfed5000-7f82c0072000 r-xp 00000000 08:02 1184187                    /lib/x86_64-linux-gnu/libm-2.27.so
7f82c0072000-7f82c0271000 ---p 0019d000 08:02 1184187                    /lib/x86_64-linux-gnu/libm-2.27.so
7f82c0271000-7f82c0272000 r--p 0019c000 08:02 1184187                    /lib/x86_64-linux-gnu/libm-2.27.so
7f82c0272000-7f82c0273000 rw-p 0019d000 08:02 1184187                    /lib/x86_64-linux-gnu/libm-2.27.so
7f82c0273000-7f82c03ec000 r-xp 00000000 08:02 132022                     /usr/lib/x86_64-linux-gnu/libstdc++.so.6.0.25
7f82c03ec000-7f82c05ec000 ---p 00179000 08:02 132022                     /usr/lib/x86_64-linux-gnu/libstdc++.so.6.0.25
7f82c05ec000-7f82c05f6000 r--p 00179000 08:02 132022                     /usr/lib/x86_64-linux-gnu/libstdc++.so.6.0.25
7f82c05f6000-7f82c05f8000 rw-p 00183000 08:02 132022                     /usr/lib/x86_64-linux-gnu/libstdc++.so.6.0.25
7f82c05f8000-7f82c05fc000 rw-p 00000000 00:00 0 
7f82c05fc000-7f82c16f4000 r-xp 00000000 08:02 406283                     /usr/lib/jvm/java-11-openjdk-amd64/lib/server/libjvm.so
7f82c16f4000-7f82c18f4000 ---p 010f8000 08:02 406283                     /usr/lib/jvm/java-11-openjdk-amd64/lib/server/libjvm.so
7f82c18f4000-7f82c19b8000 r--p 010f8000 08:02 406283                     /usr/lib/jvm/java-11-openjdk-amd64/lib/server/libjvm.so
7f82c19b8000-7f82c19f3000 rw-p 011bc000 08:02 406283                     /usr/lib/jvm/java-11-openjdk-amd64/lib/server/libjvm.so
7f82c19f3000-7f82c1a4a000 rw-p 00000000 00:00 0 
7f82c1a4a000-7f82c1a64000 r-xp 00000000 08:02 1184203                    /lib/x86_64-linux-gnu/libpthread-2.27.so
7f82c1a64000-7f82c1c63000 ---p 0001a000 08:02 1184203                    /lib/x86_64-linux-gnu/libpthread-2.27.so
7f82c1c63000-7f82c1c64000 r--p 00019000 08:02 1184203                    /lib/x86_64-linux-gnu/libpthread-2.27.so
7f82c1c64000-7f82c1c65000 rw-p 0001a000 08:02 1184203                    /lib/x86_64-linux-gnu/libpthread-2.27.so
7f82c1c65000-7f82c1c69000 rw-p 00000000 00:00 0 
7f82c1c69000-7f82c1c6c000 r-xp 00000000 08:02 1184186                    /lib/x86_64-linux-gnu/libdl-2.27.so
7f82c1c6c000-7f82c1e6b000 ---p 00003000 08:02 1184186                    /lib/x86_64-linux-gnu/libdl-2.27.so
7f82c1e6b000-7f82c1e6c000 r--p 00002000 08:02 1184186                    /lib/x86_64-linux-gnu/libdl-2.27.so
7f82c1e6c000-7f82c1e6d000 rw-p 00003000 08:02 1184186                    /lib/x86_64-linux-gnu/libdl-2.27.so
7f82c1e6d000-7f82c1e89000 r-xp 00000000 08:02 1185494                    /lib/x86_64-linux-gnu/libz.so.1.2.11
7f82c1e89000-7f82c2088000 ---p 0001c000 08:02 1185494                    /lib/x86_64-linux-gnu/libz.so.1.2.11
7f82c2088000-7f82c2089000 r--p 0001b000 08:02 1185494                    /lib/x86_64-linux-gnu/libz.so.1.2.11
7f82c2089000-7f82c208a000 rw-p 0001c000 08:02 1185494                    /lib/x86_64-linux-gnu/libz.so.1.2.11
7f82c208a000-7f82c2271000 r-xp 00000000 08:02 1184137                    /lib/x86_64-linux-gnu/libc-2.27.so
7f82c2271000-7f82c2471000 ---p 001e7000 08:02 1184137                    /lib/x86_64-linux-gnu/libc-2.27.so
7f82c2471000-7f82c2475000 r--p 001e7000 08:02 1184137                    /lib/x86_64-linux-gnu/libc-2.27.so
7f82c2475000-7f82c2477000 rw-p 001eb000 08:02 1184137                    /lib/x86_64-linux-gnu/libc-2.27.so
7f82c2477000-7f82c247b000 rw-p 00000000 00:00 0 
7f82c247b000-7f82c248a000 r-xp 00000000 08:02 406242                     /usr/lib/jvm/java-11-openjdk-amd64/lib/jli/libjli.so
7f82c248a000-7f82c2689000 ---p 0000f000 08:02 406242                     /usr/lib/jvm/java-11-openjdk-amd64/lib/jli/libjli.so
7f82c2689000-7f82c268a000 r--p 0000e000 08:02 406242                     /usr/lib/jvm/java-11-openjdk-amd64/lib/jli/libjli.so
7f82c268a000-7f82c268b000 rw-p 0000f000 08:02 406242                     /usr/lib/jvm/java-11-openjdk-amd64/lib/jli/libjli.so
7f82c268b000-7f82c26b4000 r-xp 00000000 08:02 1184126                    /lib/x86_64-linux-gnu/ld-2.27.so
7f82c26e0000-7f82c26e7000 r--s 00000000 08:02 136788                     /usr/lib/x86_64-linux-gnu/gconv/gconv-modules.cache
7f82c26e7000-7f82c2799000 rw-p 00000000 00:00 0 
7f82c2799000-7f82c27a0000 ---p 00000000 00:00 0 
7f82c27a0000-7f82c27a4000 ---p 00000000 00:00 0 
7f82c27a4000-7f82c28a3000 rw-p 00000000 00:00 0 
7f82c28a6000-7f82c28a8000 r--s 00007000 08:02 242                        /usr/share/java/java-atk-wrapper.jar
7f82c28a8000-7f82c28b0000 rw-s 00000000 08:02 656063                     /tmp/hsperfdata_os2021/3881
7f82c28b0000-7f82c28b1000 ---p 00000000 00:00 0 
7f82c28b1000-7f82c28b2000 r--p 00000000 00:00 0 
7f82c28b2000-7f82c28b4000 rw-p 00000000 00:00 0 
7f82c28b4000-7f82c28b5000 r--p 00029000 08:02 1184126                    /lib/x86_64-linux-gnu/ld-2.27.so
7f82c28b5000-7f82c28b6000 rw-p 0002a000 08:02 1184126                    /lib/x86_64-linux-gnu/ld-2.27.so
7f82c28b6000-7f82c28b7000 rw-p 00000000 00:00 0 
7ffc0934b000-7ffc0936c000 rw-p 00000000 00:00 0                          [stack]
7ffc0938b000-7ffc0938e000 r--p 00000000 00:00 0                          [vvar]
7ffc0938e000-7ffc09390000 r-xp 00000000 00:00 0                          [vdso]
ffffffffff600000-ffffffffff601000 r-xp 00000000 00:00 0                  [vsyscall]


VM Arguments:
jvm_args: -Xverify:none 
java_command: Main
java_class_path (initial): .
Launcher Type: SUN_STANDARD

[Global flags]
     bool BytecodeVerificationLocal                = false                                     {product} {command line}
     bool BytecodeVerificationRemote               = false                                     {product} {command line}
     intx CICompilerCount                          = 3                                         {product} {ergonomic}
     uint ConcGCThreads                            = 1                                         {product} {ergonomic}
     uint G1ConcRefinementThreads                  = 4                                         {product} {ergonomic}
   size_t G1HeapRegionSize                         = 1048576                                   {product} {ergonomic}
    uintx GCDrainStackTargetSize                   = 64                                        {product} {ergonomic}
   size_t InitialHeapSize                          = 132120576                                 {product} {ergonomic}
   size_t MarkStackSize                            = 4194304                                   {product} {ergonomic}
   size_t MaxHeapSize                              = 2092957696                                {product} {ergonomic}
   size_t MaxNewSize                               = 1255145472                                {product} {ergonomic}
   size_t MinHeapDeltaBytes                        = 1048576                                   {product} {ergonomic}
    uintx NonNMethodCodeHeapSize                   = 5830732                                {pd product} {ergonomic}
    uintx NonProfiledCodeHeapSize                  = 122913754                              {pd product} {ergonomic}
    uintx ProfiledCodeHeapSize                     = 122913754                              {pd product} {ergonomic}
    uintx ReservedCodeCacheSize                    = 251658240                              {pd product} {ergonomic}
     bool SegmentedCodeCache                       = true                                      {product} {ergonomic}
     bool UseCompressedClassPointers               = true                                 {lp64_product} {ergonomic}
     bool UseCompressedOops                        = true                                 {lp64_product} {ergonomic}
     bool UseG1GC                                  = true                                      {product} {ergonomic}

Logging:
Log output configuration:
 #0: stdout all=warning uptime,level,tags
 #1: stderr all=off uptime,level,tags

Environment Variables:
PATH=/home/os2021/.local/bin:/usr/local/sbin:/usr/local/bin:/usr/sbin:/usr/bin:/sbin:/bin:/usr/games:/usr/local/games:/snap/bin
USERNAME=os2021
SHELL=/usr/bin/zsh
DISPLAY=:0
LANG=en_US.UTF-8

Signal Handlers:
SIGSEGV: [libjvm.so+0xe298a0], sa_mask[0]=11111111011111111101111111111110, sa_flags=SA_RESTART|SA_SIGINFO
SIGBUS: [libjvm.so+0xe298a0], sa_mask[0]=11111111011111111101111111111110, sa_flags=SA_RESTART|SA_SIGINFO
SIGFPE: [libjvm.so+0xe298a0], sa_mask[0]=11111111011111111101111111111110, sa_flags=SA_RESTART|SA_SIGINFO
SIGPIPE: [libjvm.so+0xb7fa20], sa_mask[0]=11111111011111111101111111111110, sa_flags=SA_RESTART|SA_SIGINFO
SIGXFSZ: [libjvm.so+0xb7fa20], sa_mask[0]=11111111011111111101111111111110, sa_flags=SA_RESTART|SA_SIGINFO
SIGILL: [libjvm.so+0xe298a0], sa_mask[0]=11111111011111111101111111111110, sa_flags=SA_RESTART|SA_SIGINFO
SIGUSR2: [libjvm.so+0xb7f8b0], sa_mask[0]=00000000000000000000000000000000, sa_flags=SA_RESTART|SA_SIGINFO
SIGHUP: [libjvm.so+0xb7fd70], sa_mask[0]=11111111011111111101111111111110, sa_flags=SA_RESTART|SA_SIGINFO
SIGINT: [libjvm.so+0xb7fd70], sa_mask[0]=11111111011111111101111111111110, sa_flags=SA_RESTART|SA_SIGINFO
SIGTERM: [libjvm.so+0xb7fd70], sa_mask[0]=11111111011111111101111111111110, sa_flags=SA_RESTART|SA_SIGINFO
SIGQUIT: [libjvm.so+0xb7fd70], sa_mask[0]=11111111011111111101111111111110, sa_flags=SA_RESTART|SA_SIGINFO


---------------  S Y S T E M  ---------------

OS:DISTRIB_ID=Ubuntu
DISTRIB_RELEASE=18.04
DISTRIB_CODENAME=bionic
DISTRIB_DESCRIPTION="Ubuntu 18.04.3 LTS"
uname:Linux 4.15.0-72-generic #81-Ubuntu SMP Tue Nov 26 12:20:02 UTC 2019 x86_64
OS uptime: 0 days 9:12 hours
libc:glibc 2.27 NPTL 2.27 
rlimit (soft/hard): STACK 8192k/infinity , CORE 0k/infinity , NPROC 31660/31660 , NOFILE 1048576/1048576 , AS infinity/infinity , CPU infinity/infinity , DATA infinity/infinity , FSIZE infinity/infinity , MEMLOCK 16384k/16384k
load average:0.29 0.10 0.02

/proc/meminfo:
MemTotal:        8167964 kB
MemFree:         3743752 kB
MemAvailable:    6776448 kB
Buffers:           92764 kB
Cached:          3043308 kB
SwapCached:            0 kB
Active:          1732284 kB
Inactive:        2247112 kB
Active(anon):     838012 kB
Inactive(anon):    54332 kB
Active(file):     894272 kB
Inactive(file):  2192780 kB
Unevictable:           0 kB
Mlocked:               0 kB
SwapTotal:       2097148 kB
SwapFree:        2097148 kB
Dirty:               308 kB
Writeback:             0 kB
AnonPages:        843564 kB
Mapped:           337892 kB
Shmem:             55716 kB
Slab:             313892 kB
SReclaimable:     248432 kB
SUnreclaim:        65460 kB
KernelStack:        8364 kB
PageTables:        33940 kB
NFS_Unstable:          0 kB
Bounce:                0 kB
WritebackTmp:          0 kB
CommitLimit:     6181128 kB
Committed_AS:    4582708 kB
VmallocTotal:   34359738367 kB
VmallocUsed:           0 kB
VmallocChunk:          0 kB
HardwareCorrupted:     0 kB
AnonHugePages:         0 kB
ShmemHugePages:        0 kB
ShmemPmdMapped:        0 kB
CmaTotal:              0 kB
CmaFree:               0 kB
HugePages_Total:       0
HugePages_Free:        0
HugePages_Rsvd:        0
HugePages_Surp:        0
Hugepagesize:       2048 kB
DirectMap4k:      169920 kB
DirectMap2M:     8218624 kB

/sys/kernel/mm/transparent_hugepage/enabled:
always [madvise] never
/sys/kernel/mm/transparent_hugepage/defrag (defrag/compaction efforts parameter):
always defer defer+madvise [madvise] never

Process Memory:
Virtual Size: 4818976K (peak: 13512448K)
Resident Set Size: 47304K (peak: 47304K) (anon: 22212K, file: 25092K, shmem: 0K)
Swapped out: 0K
C-Heap outstanding allocations: 6627K

/proc/sys/kernel/threads-max (system-wide limit on the number of threads):
63321
/proc/sys/vm/max_map_count (maximum number of memory map areas a process may have):
65530
/proc/sys/kernel/pid_max (system-wide limit on number of process identifiers):
32768

container (cgroup) information:
container_type: cgroupv1
cpu_cpuset_cpus: 0-3
cpu_memory_nodes: 0
active_processor_count: 4
cpu_quota: -1
cpu_period: 100000
cpu_shares: -1
memory_limit_in_bytes: -1
memory_and_swap_limit_in_bytes: -2
memory_soft_limit_in_bytes: -1
memory_usage_in_bytes: 1120194560
memory_max_usage_in_bytes: 1127862272

KVM virtualization detected
Steal ticks since vm start: 0
Steal ticks percentage since vm start:  0.000

CPU:total 4 (initial active 4) (4 cores per cpu, 1 threads per core) family 6 model 158 stepping 10 microcode 0xffffffff, cmov, cx8, fxsr, mmx, sse, sse2, sse3, ssse3, sse4.1, sse4.2, tsc, tscinvbit
CPU Model and flags from /proc/cpuinfo:
model name	: Intel(R) Core(TM) i5-8300H CPU @ 2.30GHz
flags		: fpu vme de pse tsc msr pae mce cx8 apic sep mtrr pge mca cmov pat pse36 clflush mmx fxsr sse sse2 ht syscall nx rdtscp lm constant_tsc rep_good nopl xtopology nonstop_tsc cpuid tsc_known_freq pni ssse3 pcid sse4_1 sse4_2 hypervisor lahf_lm invpcid_single pti fsgsbase invpcid md_clear flush_l1d arch_capabilities
Online cpus:
0-3
Offline cpus:

BIOS frequency limitation:
<Not Available>
Frequency switch latency (ns):
<Not Available>
Available cpu frequencies:
<Not Available>
Current governor:
<Not Available>
Core performance/turbo boost:
<Not Available>

Memory: 4k page, physical 8167964k(3743504k free), swap 2097148k(2097148k free)

vm_info: OpenJDK 64-Bit Server VM (11.0.15+10-Ubuntu-0ubuntu0.18.04.1) for linux-amd64 JRE (11.0.15+10-Ubuntu-0ubuntu0.18.04.1), built on Apr 23 2022 13:02:10 by "unknown" with gcc 8.4.0

END.
