#
# A fatal error has been detected by the Java Runtime Environment:
#
#  Internal Error (generateOopMap.cpp:2164), pid=2241, tid=2256
#  fatal error: Illegal class file encountered. Try running with -Xverify:all in method main
#
# JRE version: OpenJDK Runtime Environment (11.0.15+10) (build 11.0.15+10-Ubuntu-0ubuntu0.18.04.1)
# Java VM: OpenJDK 64-Bit Server VM (11.0.15+10-Ubuntu-0ubuntu0.18.04.1, mixed mode, sharing, tiered, compressed oops, g1 gc, linux-amd64)
# Core dump will be written. Default location: Core dumps may be processed with "/usr/share/apport/apport -p%p -s%s -c%c -d%d -P%P -u%u -g%g -- %E" (or dumping to /home/os2021/Compiler_jasmin_yacc/core.2241)
#
# If you would like to submit a bug report, please visit:
#   Unknown
#

---------------  S U M M A R Y ------------

Command Line: -Xverify:none Main

Host: Intel(R) Core(TM) i5-8300H CPU @ 2.30GHz, 4 cores, 7G, Ubuntu 18.04.3 LTS
Time: Wed Jun  8 20:42:04 2022 CST elapsed time: 0.282487 seconds (0d 0h 0m 0s)

---------------  T H R E A D  ---------------

Current thread (0x00007f65e4128800):  JavaThread "C1 CompilerThread0" daemon [_thread_in_vm, id=2256, stack(0x00007f65ab90d000,0x00007f65aba0e000)]


Current CompileTask:
C1:    282  171 %     3       Main::main @ 11 (44 bytes)

Stack: [0x00007f65ab90d000,0x00007f65aba0e000],  sp=0x00007f65aba0b4c0,  free space=1017k
Native frames: (J=compiled Java code, A=aot compiled Java code, j=interpreted, Vv=VM code, C=native code)
V  [libjvm.so+0xe288d6]
V  [libjvm.so+0x653bbf]
V  [libjvm.so+0x7b038f]
V  [libjvm.so+0x7b043b]
V  [libjvm.so+0x7b5c5b]
V  [libjvm.so+0x7b740c]
V  [libjvm.so+0x7b76d9]
V  [libjvm.so+0xb71414]
V  [libjvm.so+0xb7225b]
V  [libjvm.so+0xb726d7]
V  [libjvm.so+0x56d745]
V  [libjvm.so+0x49feec]
V  [libjvm.so+0x4af761]
V  [libjvm.so+0x4b1300]
V  [libjvm.so+0x4b7b72]
V  [libjvm.so+0x4956c9]
V  [libjvm.so+0x49663b]
V  [libjvm.so+0x496798]
V  [libjvm.so+0x496c1c]
V  [libjvm.so+0x497579]
V  [libjvm.so+0x608010]
V  [libjvm.so+0x609278]
V  [libjvm.so+0xdc7610]
V  [libjvm.so+0xdc3759]
V  [libjvm.so+0xb8957e]


---------------  P R O C E S S  ---------------

Threads class SMR info:
_java_thread_list=0x00007f6584076440, length=9, elements={
0x00007f65e4017000, 0x00007f65e4113000, 0x00007f65e4115000, 0x00007f65e4122800,
0x00007f65e4124800, 0x00007f65e4126800, 0x00007f65e4128800, 0x00007f65e412a800,
0x00007f65e4185800
}

Java Threads: ( => current thread )
  0x00007f65e4017000 JavaThread "main" [_thread_in_Java, id=2242, stack(0x00007f65eb997000,0x00007f65eba98000)]
  0x00007f65e4113000 JavaThread "Reference Handler" daemon [_thread_blocked, id=2249, stack(0x00007f65c0000000,0x00007f65c0101000)]
  0x00007f65e4115000 JavaThread "Finalizer" daemon [_thread_blocked, id=2250, stack(0x00007f65abeff000,0x00007f65ac000000)]
  0x00007f65e4122800 JavaThread "Signal Dispatcher" daemon [_thread_blocked, id=2251, stack(0x00007f65abc10000,0x00007f65abd11000)]
  0x00007f65e4124800 JavaThread "Service Thread" daemon [_thread_blocked, id=2252, stack(0x00007f65abb0f000,0x00007f65abc10000)]
  0x00007f65e4126800 JavaThread "C2 CompilerThread0" daemon [_thread_blocked, id=2255, stack(0x00007f65aba0e000,0x00007f65abb0f000)]
=>0x00007f65e4128800 JavaThread "C1 CompilerThread0" daemon [_thread_in_vm, id=2256, stack(0x00007f65ab90d000,0x00007f65aba0e000)]
  0x00007f65e412a800 JavaThread "Sweeper thread" daemon [_thread_blocked, id=2257, stack(0x00007f65ab80c000,0x00007f65ab90d000)]
  0x00007f65e4185800 JavaThread "Common-Cleaner" daemon [_thread_blocked, id=2259, stack(0x00007f65ab609000,0x00007f65ab70a000)]

Other Threads:
  0x00007f65e4110000 VMThread "VM Thread" [stack: 0x00007f65c0103000,0x00007f65c0203000] [id=2248]
  0x00007f65e4183800 WatcherThread [stack: 0x00007f65ab70c000,0x00007f65ab80c000] [id=2258]
  0x00007f65e402f000 GCTaskThread "GC Thread#0" [stack: 0x00007f65cc12d000,0x00007f65cc22d000] [id=2243]
  0x00007f65e4061000 ConcurrentGCThread "G1 Main Marker" [stack: 0x00007f65c31eb000,0x00007f65c32eb000] [id=2244]
  0x00007f65e4062800 ConcurrentGCThread "G1 Conc#0" [stack: 0x00007f65c30e9000,0x00007f65c31e9000] [id=2245]
  0x00007f65e40dd000 ConcurrentGCThread "G1 Refine#0" [stack: 0x00007f65c0be3000,0x00007f65c0ce3000] [id=2246]
  0x00007f65e40df000 ConcurrentGCThread "G1 Young RemSet Sampling" [stack: 0x00007f65c0ae1000,0x00007f65c0be1000] [id=2247]

Threads with active compile tasks:
C1 CompilerThread0      283  171 %     3       Main::main @ 11 (44 bytes)

VM state:not at safepoint (normal execution)

VM Mutex/Monitor currently owned by a thread: None

Heap address: 0x0000000083400000, size: 1996 MB, Compressed Oops mode: 32-bit
Narrow klass base: 0x0000000800000000, Narrow klass shift: 3
Compressed class space size: 1073741824 Address: 0x0000000840000000

Heap:
 garbage-first heap   total 131072K, used 8904K [0x0000000083400000, 0x0000000100000000)
  region size 1024K, 9 young (9216K), 0 survivors (0K)
 Metaspace       used 217K, capacity 4486K, committed 4864K, reserved 1056768K
  class space    used 5K, capacity 386K, committed 512K, reserved 1048576K
Heap Regions: E=young(eden), S=young(survivor), O=old, HS=humongous(starts), HC=humongous(continues), CS=collection set, F=free, A=archive, TAMS=top-at-mark-start (previous, next)
|   0|0x0000000083400000, 0x0000000083400000, 0x0000000083500000|  0%| F|  |TAMS 0x0000000083400000, 0x0000000083400000| Untracked 
|   1|0x0000000083500000, 0x0000000083500000, 0x0000000083600000|  0%| F|  |TAMS 0x0000000083500000, 0x0000000083500000| Untracked 
|   2|0x0000000083600000, 0x0000000083600000, 0x0000000083700000|  0%| F|  |TAMS 0x0000000083600000, 0x0000000083600000| Untracked 
|   3|0x0000000083700000, 0x0000000083700000, 0x0000000083800000|  0%| F|  |TAMS 0x0000000083700000, 0x0000000083700000| Untracked 
|   4|0x0000000083800000, 0x0000000083800000, 0x0000000083900000|  0%| F|  |TAMS 0x0000000083800000, 0x0000000083800000| Untracked 
|   5|0x0000000083900000, 0x0000000083900000, 0x0000000083a00000|  0%| F|  |TAMS 0x0000000083900000, 0x0000000083900000| Untracked 
|   6|0x0000000083a00000, 0x0000000083a00000, 0x0000000083b00000|  0%| F|  |TAMS 0x0000000083a00000, 0x0000000083a00000| Untracked 
|   7|0x0000000083b00000, 0x0000000083b00000, 0x0000000083c00000|  0%| F|  |TAMS 0x0000000083b00000, 0x0000000083b00000| Untracked 
|   8|0x0000000083c00000, 0x0000000083c00000, 0x0000000083d00000|  0%| F|  |TAMS 0x0000000083c00000, 0x0000000083c00000| Untracked 
|   9|0x0000000083d00000, 0x0000000083d00000, 0x0000000083e00000|  0%| F|  |TAMS 0x0000000083d00000, 0x0000000083d00000| Untracked 
|  10|0x0000000083e00000, 0x0000000083e00000, 0x0000000083f00000|  0%| F|  |TAMS 0x0000000083e00000, 0x0000000083e00000| Untracked 
|  11|0x0000000083f00000, 0x0000000083f00000, 0x0000000084000000|  0%| F|  |TAMS 0x0000000083f00000, 0x0000000083f00000| Untracked 
|  12|0x0000000084000000, 0x0000000084000000, 0x0000000084100000|  0%| F|  |TAMS 0x0000000084000000, 0x0000000084000000| Untracked 
|  13|0x0000000084100000, 0x0000000084100000, 0x0000000084200000|  0%| F|  |TAMS 0x0000000084100000, 0x0000000084100000| Untracked 
|  14|0x0000000084200000, 0x0000000084200000, 0x0000000084300000|  0%| F|  |TAMS 0x0000000084200000, 0x0000000084200000| Untracked 
|  15|0x0000000084300000, 0x0000000084300000, 0x0000000084400000|  0%| F|  |TAMS 0x0000000084300000, 0x0000000084300000| Untracked 
|  16|0x0000000084400000, 0x0000000084400000, 0x0000000084500000|  0%| F|  |TAMS 0x0000000084400000, 0x0000000084400000| Untracked 
|  17|0x0000000084500000, 0x0000000084500000, 0x0000000084600000|  0%| F|  |TAMS 0x0000000084500000, 0x0000000084500000| Untracked 
|  18|0x0000000084600000, 0x0000000084600000, 0x0000000084700000|  0%| F|  |TAMS 0x0000000084600000, 0x0000000084600000| Untracked 
|  19|0x0000000084700000, 0x0000000084700000, 0x0000000084800000|  0%| F|  |TAMS 0x0000000084700000, 0x0000000084700000| Untracked 
|  20|0x0000000084800000, 0x0000000084800000, 0x0000000084900000|  0%| F|  |TAMS 0x0000000084800000, 0x0000000084800000| Untracked 
|  21|0x0000000084900000, 0x0000000084900000, 0x0000000084a00000|  0%| F|  |TAMS 0x0000000084900000, 0x0000000084900000| Untracked 
|  22|0x0000000084a00000, 0x0000000084a00000, 0x0000000084b00000|  0%| F|  |TAMS 0x0000000084a00000, 0x0000000084a00000| Untracked 
|  23|0x0000000084b00000, 0x0000000084b00000, 0x0000000084c00000|  0%| F|  |TAMS 0x0000000084b00000, 0x0000000084b00000| Untracked 
|  24|0x0000000084c00000, 0x0000000084c00000, 0x0000000084d00000|  0%| F|  |TAMS 0x0000000084c00000, 0x0000000084c00000| Untracked 
|  25|0x0000000084d00000, 0x0000000084d00000, 0x0000000084e00000|  0%| F|  |TAMS 0x0000000084d00000, 0x0000000084d00000| Untracked 
|  26|0x0000000084e00000, 0x0000000084e00000, 0x0000000084f00000|  0%| F|  |TAMS 0x0000000084e00000, 0x0000000084e00000| Untracked 
|  27|0x0000000084f00000, 0x0000000084f00000, 0x0000000085000000|  0%| F|  |TAMS 0x0000000084f00000, 0x0000000084f00000| Untracked 
|  28|0x0000000085000000, 0x0000000085000000, 0x0000000085100000|  0%| F|  |TAMS 0x0000000085000000, 0x0000000085000000| Untracked 
|  29|0x0000000085100000, 0x0000000085100000, 0x0000000085200000|  0%| F|  |TAMS 0x0000000085100000, 0x0000000085100000| Untracked 
|  30|0x0000000085200000, 0x0000000085200000, 0x0000000085300000|  0%| F|  |TAMS 0x0000000085200000, 0x0000000085200000| Untracked 
|  31|0x0000000085300000, 0x0000000085300000, 0x0000000085400000|  0%| F|  |TAMS 0x0000000085300000, 0x0000000085300000| Untracked 
|  32|0x0000000085400000, 0x0000000085400000, 0x0000000085500000|  0%| F|  |TAMS 0x0000000085400000, 0x0000000085400000| Untracked 
|  33|0x0000000085500000, 0x0000000085500000, 0x0000000085600000|  0%| F|  |TAMS 0x0000000085500000, 0x0000000085500000| Untracked 
|  34|0x0000000085600000, 0x0000000085600000, 0x0000000085700000|  0%| F|  |TAMS 0x0000000085600000, 0x0000000085600000| Untracked 
|  35|0x0000000085700000, 0x0000000085700000, 0x0000000085800000|  0%| F|  |TAMS 0x0000000085700000, 0x0000000085700000| Untracked 
|  36|0x0000000085800000, 0x0000000085800000, 0x0000000085900000|  0%| F|  |TAMS 0x0000000085800000, 0x0000000085800000| Untracked 
|  37|0x0000000085900000, 0x0000000085900000, 0x0000000085a00000|  0%| F|  |TAMS 0x0000000085900000, 0x0000000085900000| Untracked 
|  38|0x0000000085a00000, 0x0000000085a00000, 0x0000000085b00000|  0%| F|  |TAMS 0x0000000085a00000, 0x0000000085a00000| Untracked 
|  39|0x0000000085b00000, 0x0000000085b00000, 0x0000000085c00000|  0%| F|  |TAMS 0x0000000085b00000, 0x0000000085b00000| Untracked 
|  40|0x0000000085c00000, 0x0000000085c00000, 0x0000000085d00000|  0%| F|  |TAMS 0x0000000085c00000, 0x0000000085c00000| Untracked 
|  41|0x0000000085d00000, 0x0000000085d00000, 0x0000000085e00000|  0%| F|  |TAMS 0x0000000085d00000, 0x0000000085d00000| Untracked 
|  42|0x0000000085e00000, 0x0000000085e00000, 0x0000000085f00000|  0%| F|  |TAMS 0x0000000085e00000, 0x0000000085e00000| Untracked 
|  43|0x0000000085f00000, 0x0000000085f00000, 0x0000000086000000|  0%| F|  |TAMS 0x0000000085f00000, 0x0000000085f00000| Untracked 
|  44|0x0000000086000000, 0x0000000086000000, 0x0000000086100000|  0%| F|  |TAMS 0x0000000086000000, 0x0000000086000000| Untracked 
|  45|0x0000000086100000, 0x0000000086100000, 0x0000000086200000|  0%| F|  |TAMS 0x0000000086100000, 0x0000000086100000| Untracked 
|  46|0x0000000086200000, 0x0000000086200000, 0x0000000086300000|  0%| F|  |TAMS 0x0000000086200000, 0x0000000086200000| Untracked 
|  47|0x0000000086300000, 0x0000000086300000, 0x0000000086400000|  0%| F|  |TAMS 0x0000000086300000, 0x0000000086300000| Untracked 
|  48|0x0000000086400000, 0x0000000086400000, 0x0000000086500000|  0%| F|  |TAMS 0x0000000086400000, 0x0000000086400000| Untracked 
|  49|0x0000000086500000, 0x0000000086500000, 0x0000000086600000|  0%| F|  |TAMS 0x0000000086500000, 0x0000000086500000| Untracked 
|  50|0x0000000086600000, 0x0000000086600000, 0x0000000086700000|  0%| F|  |TAMS 0x0000000086600000, 0x0000000086600000| Untracked 
|  51|0x0000000086700000, 0x0000000086700000, 0x0000000086800000|  0%| F|  |TAMS 0x0000000086700000, 0x0000000086700000| Untracked 
|  52|0x0000000086800000, 0x0000000086800000, 0x0000000086900000|  0%| F|  |TAMS 0x0000000086800000, 0x0000000086800000| Untracked 
|  53|0x0000000086900000, 0x0000000086900000, 0x0000000086a00000|  0%| F|  |TAMS 0x0000000086900000, 0x0000000086900000| Untracked 
|  54|0x0000000086a00000, 0x0000000086a00000, 0x0000000086b00000|  0%| F|  |TAMS 0x0000000086a00000, 0x0000000086a00000| Untracked 
|  55|0x0000000086b00000, 0x0000000086b00000, 0x0000000086c00000|  0%| F|  |TAMS 0x0000000086b00000, 0x0000000086b00000| Untracked 
|  56|0x0000000086c00000, 0x0000000086c00000, 0x0000000086d00000|  0%| F|  |TAMS 0x0000000086c00000, 0x0000000086c00000| Untracked 
|  57|0x0000000086d00000, 0x0000000086d00000, 0x0000000086e00000|  0%| F|  |TAMS 0x0000000086d00000, 0x0000000086d00000| Untracked 
|  58|0x0000000086e00000, 0x0000000086e00000, 0x0000000086f00000|  0%| F|  |TAMS 0x0000000086e00000, 0x0000000086e00000| Untracked 
|  59|0x0000000086f00000, 0x0000000086f00000, 0x0000000087000000|  0%| F|  |TAMS 0x0000000086f00000, 0x0000000086f00000| Untracked 
|  60|0x0000000087000000, 0x0000000087000000, 0x0000000087100000|  0%| F|  |TAMS 0x0000000087000000, 0x0000000087000000| Untracked 
|  61|0x0000000087100000, 0x0000000087100000, 0x0000000087200000|  0%| F|  |TAMS 0x0000000087100000, 0x0000000087100000| Untracked 
|  62|0x0000000087200000, 0x0000000087200000, 0x0000000087300000|  0%| F|  |TAMS 0x0000000087200000, 0x0000000087200000| Untracked 
|  63|0x0000000087300000, 0x0000000087300000, 0x0000000087400000|  0%| F|  |TAMS 0x0000000087300000, 0x0000000087300000| Untracked 
|  64|0x0000000087400000, 0x0000000087400000, 0x0000000087500000|  0%| F|  |TAMS 0x0000000087400000, 0x0000000087400000| Untracked 
|  65|0x0000000087500000, 0x0000000087500000, 0x0000000087600000|  0%| F|  |TAMS 0x0000000087500000, 0x0000000087500000| Untracked 
|  66|0x0000000087600000, 0x0000000087600000, 0x0000000087700000|  0%| F|  |TAMS 0x0000000087600000, 0x0000000087600000| Untracked 
|  67|0x0000000087700000, 0x0000000087700000, 0x0000000087800000|  0%| F|  |TAMS 0x0000000087700000, 0x0000000087700000| Untracked 
|  68|0x0000000087800000, 0x0000000087800000, 0x0000000087900000|  0%| F|  |TAMS 0x0000000087800000, 0x0000000087800000| Untracked 
|  69|0x0000000087900000, 0x0000000087900000, 0x0000000087a00000|  0%| F|  |TAMS 0x0000000087900000, 0x0000000087900000| Untracked 
|  70|0x0000000087a00000, 0x0000000087a00000, 0x0000000087b00000|  0%| F|  |TAMS 0x0000000087a00000, 0x0000000087a00000| Untracked 
|  71|0x0000000087b00000, 0x0000000087b00000, 0x0000000087c00000|  0%| F|  |TAMS 0x0000000087b00000, 0x0000000087b00000| Untracked 
|  72|0x0000000087c00000, 0x0000000087c00000, 0x0000000087d00000|  0%| F|  |TAMS 0x0000000087c00000, 0x0000000087c00000| Untracked 
|  73|0x0000000087d00000, 0x0000000087d00000, 0x0000000087e00000|  0%| F|  |TAMS 0x0000000087d00000, 0x0000000087d00000| Untracked 
|  74|0x0000000087e00000, 0x0000000087e00000, 0x0000000087f00000|  0%| F|  |TAMS 0x0000000087e00000, 0x0000000087e00000| Untracked 
|  75|0x0000000087f00000, 0x0000000087f00000, 0x0000000088000000|  0%| F|  |TAMS 0x0000000087f00000, 0x0000000087f00000| Untracked 
|  76|0x0000000088000000, 0x0000000088000000, 0x0000000088100000|  0%| F|  |TAMS 0x0000000088000000, 0x0000000088000000| Untracked 
|  77|0x0000000088100000, 0x0000000088100000, 0x0000000088200000|  0%| F|  |TAMS 0x0000000088100000, 0x0000000088100000| Untracked 
|  78|0x0000000088200000, 0x0000000088200000, 0x0000000088300000|  0%| F|  |TAMS 0x0000000088200000, 0x0000000088200000| Untracked 
|  79|0x0000000088300000, 0x0000000088300000, 0x0000000088400000|  0%| F|  |TAMS 0x0000000088300000, 0x0000000088300000| Untracked 
|  80|0x0000000088400000, 0x0000000088400000, 0x0000000088500000|  0%| F|  |TAMS 0x0000000088400000, 0x0000000088400000| Untracked 
|  81|0x0000000088500000, 0x0000000088500000, 0x0000000088600000|  0%| F|  |TAMS 0x0000000088500000, 0x0000000088500000| Untracked 
|  82|0x0000000088600000, 0x0000000088600000, 0x0000000088700000|  0%| F|  |TAMS 0x0000000088600000, 0x0000000088600000| Untracked 
|  83|0x0000000088700000, 0x0000000088700000, 0x0000000088800000|  0%| F|  |TAMS 0x0000000088700000, 0x0000000088700000| Untracked 
|  84|0x0000000088800000, 0x0000000088800000, 0x0000000088900000|  0%| F|  |TAMS 0x0000000088800000, 0x0000000088800000| Untracked 
|  85|0x0000000088900000, 0x0000000088900000, 0x0000000088a00000|  0%| F|  |TAMS 0x0000000088900000, 0x0000000088900000| Untracked 
|  86|0x0000000088a00000, 0x0000000088a00000, 0x0000000088b00000|  0%| F|  |TAMS 0x0000000088a00000, 0x0000000088a00000| Untracked 
|  87|0x0000000088b00000, 0x0000000088b00000, 0x0000000088c00000|  0%| F|  |TAMS 0x0000000088b00000, 0x0000000088b00000| Untracked 
|  88|0x0000000088c00000, 0x0000000088c00000, 0x0000000088d00000|  0%| F|  |TAMS 0x0000000088c00000, 0x0000000088c00000| Untracked 
|  89|0x0000000088d00000, 0x0000000088d00000, 0x0000000088e00000|  0%| F|  |TAMS 0x0000000088d00000, 0x0000000088d00000| Untracked 
|  90|0x0000000088e00000, 0x0000000088e00000, 0x0000000088f00000|  0%| F|  |TAMS 0x0000000088e00000, 0x0000000088e00000| Untracked 
|  91|0x0000000088f00000, 0x0000000088f00000, 0x0000000089000000|  0%| F|  |TAMS 0x0000000088f00000, 0x0000000088f00000| Untracked 
|  92|0x0000000089000000, 0x0000000089000000, 0x0000000089100000|  0%| F|  |TAMS 0x0000000089000000, 0x0000000089000000| Untracked 
|  93|0x0000000089100000, 0x0000000089100000, 0x0000000089200000|  0%| F|  |TAMS 0x0000000089100000, 0x0000000089100000| Untracked 
|  94|0x0000000089200000, 0x0000000089200000, 0x0000000089300000|  0%| F|  |TAMS 0x0000000089200000, 0x0000000089200000| Untracked 
|  95|0x0000000089300000, 0x0000000089300000, 0x0000000089400000|  0%| F|  |TAMS 0x0000000089300000, 0x0000000089300000| Untracked 
|  96|0x0000000089400000, 0x0000000089400000, 0x0000000089500000|  0%| F|  |TAMS 0x0000000089400000, 0x0000000089400000| Untracked 
|  97|0x0000000089500000, 0x0000000089500000, 0x0000000089600000|  0%| F|  |TAMS 0x0000000089500000, 0x0000000089500000| Untracked 
|  98|0x0000000089600000, 0x0000000089600000, 0x0000000089700000|  0%| F|  |TAMS 0x0000000089600000, 0x0000000089600000| Untracked 
|  99|0x0000000089700000, 0x0000000089700000, 0x0000000089800000|  0%| F|  |TAMS 0x0000000089700000, 0x0000000089700000| Untracked 
| 100|0x0000000089800000, 0x0000000089800000, 0x0000000089900000|  0%| F|  |TAMS 0x0000000089800000, 0x0000000089800000| Untracked 
| 101|0x0000000089900000, 0x0000000089900000, 0x0000000089a00000|  0%| F|  |TAMS 0x0000000089900000, 0x0000000089900000| Untracked 
| 102|0x0000000089a00000, 0x0000000089a00000, 0x0000000089b00000|  0%| F|  |TAMS 0x0000000089a00000, 0x0000000089a00000| Untracked 
| 103|0x0000000089b00000, 0x0000000089b00000, 0x0000000089c00000|  0%| F|  |TAMS 0x0000000089b00000, 0x0000000089b00000| Untracked 
| 104|0x0000000089c00000, 0x0000000089c00000, 0x0000000089d00000|  0%| F|  |TAMS 0x0000000089c00000, 0x0000000089c00000| Untracked 
| 105|0x0000000089d00000, 0x0000000089d00000, 0x0000000089e00000|  0%| F|  |TAMS 0x0000000089d00000, 0x0000000089d00000| Untracked 
| 106|0x0000000089e00000, 0x0000000089e00000, 0x0000000089f00000|  0%| F|  |TAMS 0x0000000089e00000, 0x0000000089e00000| Untracked 
| 107|0x0000000089f00000, 0x0000000089f00000, 0x000000008a000000|  0%| F|  |TAMS 0x0000000089f00000, 0x0000000089f00000| Untracked 
| 108|0x000000008a000000, 0x000000008a000000, 0x000000008a100000|  0%| F|  |TAMS 0x000000008a000000, 0x000000008a000000| Untracked 
| 109|0x000000008a100000, 0x000000008a100000, 0x000000008a200000|  0%| F|  |TAMS 0x000000008a100000, 0x000000008a100000| Untracked 
| 110|0x000000008a200000, 0x000000008a200000, 0x000000008a300000|  0%| F|  |TAMS 0x000000008a200000, 0x000000008a200000| Untracked 
| 111|0x000000008a300000, 0x000000008a300000, 0x000000008a400000|  0%| F|  |TAMS 0x000000008a300000, 0x000000008a300000| Untracked 
| 112|0x000000008a400000, 0x000000008a400000, 0x000000008a500000|  0%| F|  |TAMS 0x000000008a400000, 0x000000008a400000| Untracked 
| 113|0x000000008a500000, 0x000000008a500000, 0x000000008a600000|  0%| F|  |TAMS 0x000000008a500000, 0x000000008a500000| Untracked 
| 114|0x000000008a600000, 0x000000008a600000, 0x000000008a700000|  0%| F|  |TAMS 0x000000008a600000, 0x000000008a600000| Untracked 
| 115|0x000000008a700000, 0x000000008a700000, 0x000000008a800000|  0%| F|  |TAMS 0x000000008a700000, 0x000000008a700000| Untracked 
| 116|0x000000008a800000, 0x000000008a800000, 0x000000008a900000|  0%| F|  |TAMS 0x000000008a800000, 0x000000008a800000| Untracked 
| 117|0x000000008a900000, 0x000000008a98fe20, 0x000000008aa00000| 56%| E|  |TAMS 0x000000008a900000, 0x000000008a900000| Complete 
| 118|0x000000008aa00000, 0x000000008ab00000, 0x000000008ab00000|100%| E|CS|TAMS 0x000000008aa00000, 0x000000008aa00000| Complete 
| 119|0x000000008ab00000, 0x000000008ac00000, 0x000000008ac00000|100%| E|CS|TAMS 0x000000008ab00000, 0x000000008ab00000| Complete 
| 120|0x000000008ac00000, 0x000000008ad00000, 0x000000008ad00000|100%| E|CS|TAMS 0x000000008ac00000, 0x000000008ac00000| Complete 
| 121|0x000000008ad00000, 0x000000008ae00000, 0x000000008ae00000|100%| E|CS|TAMS 0x000000008ad00000, 0x000000008ad00000| Complete 
| 122|0x000000008ae00000, 0x000000008af00000, 0x000000008af00000|100%| E|CS|TAMS 0x000000008ae00000, 0x000000008ae00000| Complete 
| 123|0x000000008af00000, 0x000000008b000000, 0x000000008b000000|100%| E|CS|TAMS 0x000000008af00000, 0x000000008af00000| Complete 
| 124|0x000000008b000000, 0x000000008b100000, 0x000000008b100000|100%| E|CS|TAMS 0x000000008b000000, 0x000000008b000000| Complete 
| 125|0x000000008b100000, 0x000000008b200000, 0x000000008b200000|100%| E|CS|TAMS 0x000000008b100000, 0x000000008b100000| Complete 
|1994|0x00000000ffe00000, 0x00000000ffe47000, 0x00000000fff00000| 27%|OA|  |TAMS 0x00000000ffe00000, 0x00000000ffe00000| Untracked 
|1995|0x00000000fff00000, 0x00000000fff6b000, 0x0000000100000000| 41%|CA|  |TAMS 0x00000000fff00000, 0x00000000fff00000| Untracked 

Card table byte_map: [0x00007f65c7531000,0x00007f65c7917000] _byte_map_base: 0x00007f65c7117000

Marking Bits (Prev, Next): (CMBitMap*) 0x00007f65e40580f8, (CMBitMap*) 0x00007f65e4058130
 Prev Bits: [0x00007f65c521b000, 0x00007f65c714b000)
 Next Bits: [0x00007f65c32eb000, 0x00007f65c521b000)

Polling page: 0x00007f65ebaa7000

Metaspace:

Usage:
  Non-class:      4.00 MB capacity,   212.05 KB (  5%) used,     3.80 MB ( 95%) free+waste,   128 bytes ( <1%) overhead. 
      Class:    386.00 KB capacity,     5.67 KB (  1%) used,   380.20 KB ( 98%) free+waste,   128 bytes ( <1%) overhead. 
       Both:      4.38 MB capacity,   217.72 KB (  5%) used,     4.17 MB ( 95%) free+waste,   256 bytes ( <1%) overhead. 

Virtual space:
  Non-class space:        8.00 MB reserved,       4.25 MB ( 53%) committed 
      Class space:        1.00 GB reserved,     512.00 KB ( <1%) committed 
             Both:        1.01 GB reserved,       4.75 MB ( <1%) committed 

Chunk freelists:
   Non-Class:  0 bytes
       Class:  0 bytes
        Both:  0 bytes

MaxMetaspaceSize: unlimited
CompressedClassSpaceSize: 1.00 GB
Initial GC threshold: 20.80 MB
Current GC threshold: 20.80 MB
CDS: on

CodeHeap 'non-profiled nmethods': size=120032Kb used=103Kb max_used=103Kb free=119928Kb
 bounds [0x00007f65d3ecb000, 0x00007f65d413b000, 0x00007f65db403000]
CodeHeap 'profiled nmethods': size=120032Kb used=234Kb max_used=234Kb free=119797Kb
 bounds [0x00007f65cc993000, 0x00007f65ccc03000, 0x00007f65d3ecb000]
CodeHeap 'non-nmethods': size=5696Kb used=1016Kb max_used=1034Kb free=4679Kb
 bounds [0x00007f65cc403000, 0x00007f65cc673000, 0x00007f65cc993000]
 total_blobs=410 nmethods=170 adapters=155
 compilation: enabled
              stopped_count=0, restarted_count=0
 full_count=0

Compilation events (20 events):
Event: 0.107 Thread 0x00007f659008e800  157   !   4       sun.nio.cs.StreamEncoder::write (78 bytes)
Event: 0.110 Thread 0x00007f65e4126800 nmethod 166 0x00007f65d3edaf10 code [0x00007f65d3edb0c0, 0x00007f65d3edb4b8]
Event: 0.110 Thread 0x00007f65e4126800  158       4       sun.nio.cs.StreamEncoder::implWrite (137 bytes)
Event: 0.112 Thread 0x00007f65e4126800 nmethod 158 0x00007f65d3edb710 code [0x00007f65d3edb8e0, 0x00007f65d3edbb48]
Event: 0.112 Thread 0x00007f65e4126800  159   !   4       java.nio.charset.CharsetEncoder::encode (285 bytes)
Event: 0.114 Thread 0x00007f659008e800 nmethod 157 0x00007f65d3edbf90 code [0x00007f65d3edc180, 0x00007f65d3edcc28]
Event: 0.114 Thread 0x00007f659008e800  160       4       sun.nio.cs.UTF_8$Encoder::encodeLoop (28 bytes)
Event: 0.114 Thread 0x00007f65e4126800 nmethod 159 0x00007f65d3edd590 code [0x00007f65d3edd740, 0x00007f65d3edd948]
Event: 0.114 Thread 0x00007f65e4126800  162       4       sun.nio.cs.StreamEncoder::writeBytes (132 bytes)
Event: 0.115 Thread 0x00007f659008e800 nmethod 160 0x00007f65d3eddd10 code [0x00007f65d3eddec0, 0x00007f65d3eddfe8]
Event: 0.115 Thread 0x00007f659008e800  170   !   4       java.io.PrintStream::newLine (73 bytes)
Event: 0.116 Thread 0x00007f65e4126800 nmethod 162 0x00007f65d3ede190 code [0x00007f65d3ede340, 0x00007f65d3ede528]
Event: 0.116 Thread 0x00007f65e4126800  167   !   4       java.io.PrintStream::println (24 bytes)
Event: 0.123 Thread 0x00007f659008e800 nmethod 170 0x00007f65d3ede790 code [0x00007f65d3ede9a0, 0x00007f65d3edf6a8]
Event: 0.123 Thread 0x00007f659008e800  169   !   4       java.io.PrintStream::write (83 bytes)
Event: 0.134 Thread 0x00007f659008e800 nmethod 169 0x00007f65d3edff10 code [0x00007f65d3ee0100, 0x00007f65d3ee0bd8]
Event: 0.134 Thread 0x00007f659008e800  168       4       java.lang.Integer::toString (55 bytes)
Event: 0.141 Thread 0x00007f659008e800 nmethod 168 0x00007f65d3ee1410 code [0x00007f65d3ee15c0, 0x00007f65d3ee1bf8]
Event: 0.145 Thread 0x00007f65e4126800 nmethod 167 0x00007f65d3ee1e90 code [0x00007f65d3ee2100, 0x00007f65d3ee3ba0]
Event: 0.281 Thread 0x00007f65e4128800  171 %     3       Main::main @ 11 (44 bytes)

GC Heap History (0 events):
No events

Deoptimization events (0 events):
No events

Classes redefined (0 events):
No events

Internal exceptions (0 events):
No events

Events (20 events):
Event: 0.017 Thread 0x00007f65e4128800 Thread added: 0x00007f65e4128800
Event: 0.017 Protecting memory [0x00007f65ab90d000,0x00007f65ab911000] with protection modes 0
Event: 0.017 Thread 0x00007f65e412a800 Thread added: 0x00007f65e412a800
Event: 0.017 Protecting memory [0x00007f65ab80c000,0x00007f65ab810000] with protection modes 0
Event: 0.045 Executing VM operation: EnableBiasedLocking
Event: 0.045 Executing VM operation: EnableBiasedLocking done
Event: 0.045 loading class jdk/internal/vm/PostVMInitHook
Event: 0.045 loading class jdk/internal/vm/PostVMInitHook done
Event: 0.046 loading class Main
Event: 0.046 loading class Main done
Event: 0.046 loading class jdk/internal/loader/URLClassPath$FileLoader
Event: 0.046 loading class jdk/internal/loader/URLClassPath$FileLoader done
Event: 0.047 loading class jdk/internal/loader/URLClassPath$FileLoader$1
Event: 0.047 loading class jdk/internal/loader/URLClassPath$FileLoader$1 done
Event: 0.049 Thread 0x00007f65e4185800 Thread added: 0x00007f65e4185800
Event: 0.049 Protecting memory [0x00007f65ab609000,0x00007f65ab60d000] with protection modes 0
Event: 0.049 Executing VM operation: RevokeBias
Event: 0.049 Executing VM operation: RevokeBias done
Event: 0.082 Thread 0x00007f659008e800 Thread added: 0x00007f659008e800
Event: 0.083 Protecting memory [0x00007f65ab508000,0x00007f65ab50c000] with protection modes 0


Dynamic libraries:
83400000-8b200000 rw-p 00000000 00:00 0 
8b200000-ffe00000 ---p 00000000 00:00 0 
ffe00000-ffe47000 rw-p 01119000 08:02 406481                             /usr/lib/jvm/java-11-openjdk-amd64/lib/server/classes.jsa
ffe47000-fff00000 rw-p 00000000 00:00 0 
fff00000-fff6b000 rw-p 010ae000 08:02 406481                             /usr/lib/jvm/java-11-openjdk-amd64/lib/server/classes.jsa
fff6b000-100000000 rw-p 00000000 00:00 0 
800000000-800002000 rwxp 00001000 08:02 406481                           /usr/lib/jvm/java-11-openjdk-amd64/lib/server/classes.jsa
800002000-8003cb000 rw-p 00003000 08:02 406481                           /usr/lib/jvm/java-11-openjdk-amd64/lib/server/classes.jsa
8003cb000-800a9a000 r--p 003cc000 08:02 406481                           /usr/lib/jvm/java-11-openjdk-amd64/lib/server/classes.jsa
800a9a000-800a9b000 rw-p 00a9b000 08:02 406481                           /usr/lib/jvm/java-11-openjdk-amd64/lib/server/classes.jsa
800a9b000-8010ad000 r--p 00a9c000 08:02 406481                           /usr/lib/jvm/java-11-openjdk-amd64/lib/server/classes.jsa
840000000-840080000 rw-p 00000000 00:00 0 
840080000-880000000 ---p 00000000 00:00 0 
55dbe10c4000-55dbe10c5000 r-xp 00000000 08:02 406119                     /usr/lib/jvm/java-11-openjdk-amd64/bin/java
55dbe12c5000-55dbe12c6000 r--p 00001000 08:02 406119                     /usr/lib/jvm/java-11-openjdk-amd64/bin/java
55dbe12c6000-55dbe12c7000 rw-p 00002000 08:02 406119                     /usr/lib/jvm/java-11-openjdk-amd64/bin/java
55dbe2d05000-55dbe2d26000 rw-p 00000000 00:00 0                          [heap]
7f6580000000-7f6580021000 rw-p 00000000 00:00 0 
7f6580021000-7f6584000000 ---p 00000000 00:00 0 
7f6584000000-7f65841c3000 rw-p 00000000 00:00 0 
7f65841c3000-7f6588000000 ---p 00000000 00:00 0 
7f6588000000-7f6588021000 rw-p 00000000 00:00 0 
7f6588021000-7f658c000000 ---p 00000000 00:00 0 
7f658c000000-7f658c021000 rw-p 00000000 00:00 0 
7f658c021000-7f6590000000 ---p 00000000 00:00 0 
7f6590000000-7f6590380000 rw-p 00000000 00:00 0 
7f6590380000-7f6594000000 ---p 00000000 00:00 0 
7f6594000000-7f6594097000 rw-p 00000000 00:00 0 
7f6594097000-7f6598000000 ---p 00000000 00:00 0 
7f6598000000-7f6598021000 rw-p 00000000 00:00 0 
7f6598021000-7f659c000000 ---p 00000000 00:00 0 
7f659c000000-7f659c021000 rw-p 00000000 00:00 0 
7f659c021000-7f65a0000000 ---p 00000000 00:00 0 
7f65a0000000-7f65a0021000 rw-p 00000000 00:00 0 
7f65a0021000-7f65a4000000 ---p 00000000 00:00 0 
7f65a4000000-7f65a4021000 rw-p 00000000 00:00 0 
7f65a4021000-7f65a8000000 ---p 00000000 00:00 0 
7f65ab508000-7f65ab50c000 ---p 00000000 00:00 0 
7f65ab50c000-7f65ab609000 rw-p 00000000 00:00 0 
7f65ab609000-7f65ab60d000 ---p 00000000 00:00 0 
7f65ab60d000-7f65ab70a000 rw-p 00000000 00:00 0 
7f65ab70a000-7f65ab70b000 ---p 00000000 00:00 0 
7f65ab70b000-7f65ab80c000 rw-p 00000000 00:00 0 
7f65ab80c000-7f65ab810000 ---p 00000000 00:00 0 
7f65ab810000-7f65ab90d000 rw-p 00000000 00:00 0 
7f65ab90d000-7f65ab911000 ---p 00000000 00:00 0 
7f65ab911000-7f65aba0e000 rw-p 00000000 00:00 0 
7f65aba0e000-7f65aba12000 ---p 00000000 00:00 0 
7f65aba12000-7f65abb0f000 rw-p 00000000 00:00 0 
7f65abb0f000-7f65abb13000 ---p 00000000 00:00 0 
7f65abb13000-7f65abc10000 rw-p 00000000 00:00 0 
7f65abc10000-7f65abc14000 ---p 00000000 00:00 0 
7f65abc14000-7f65abd11000 rw-p 00000000 00:00 0 
7f65abd11000-7f65abeff000 r--p 00000000 08:02 138114                     /usr/lib/locale/locale-archive
7f65abeff000-7f65abf03000 ---p 00000000 00:00 0 
7f65abf03000-7f65ac000000 rw-p 00000000 00:00 0 
7f65ac000000-7f65ac021000 rw-p 00000000 00:00 0 
7f65ac021000-7f65b0000000 ---p 00000000 00:00 0 
7f65b0000000-7f65b0021000 rw-p 00000000 00:00 0 
7f65b0021000-7f65b4000000 ---p 00000000 00:00 0 
7f65b4000000-7f65b4021000 rw-p 00000000 00:00 0 
7f65b4021000-7f65b8000000 ---p 00000000 00:00 0 
7f65b8000000-7f65b8021000 rw-p 00000000 00:00 0 
7f65b8021000-7f65bc000000 ---p 00000000 00:00 0 
7f65bc000000-7f65bc021000 rw-p 00000000 00:00 0 
7f65bc021000-7f65c0000000 ---p 00000000 00:00 0 
7f65c0000000-7f65c0004000 ---p 00000000 00:00 0 
7f65c0004000-7f65c0101000 rw-p 00000000 00:00 0 
7f65c0101000-7f65c0102000 ---p 00000000 00:00 0 
7f65c0102000-7f65c071f000 rw-p 00000000 00:00 0 
7f65c071f000-7f65c0adf000 ---p 00000000 00:00 0 
7f65c0adf000-7f65c0ae0000 ---p 00000000 00:00 0 
7f65c0ae0000-7f65c0be1000 rw-p 00000000 00:00 0 
7f65c0be1000-7f65c0be2000 ---p 00000000 00:00 0 
7f65c0be2000-7f65c30e7000 rw-p 00000000 00:00 0 
7f65c30e7000-7f65c30e8000 ---p 00000000 00:00 0 
7f65c30e8000-7f65c31e9000 rw-p 00000000 00:00 0 
7f65c31e9000-7f65c31ea000 ---p 00000000 00:00 0 
7f65c31ea000-7f65c34e3000 rw-p 00000000 00:00 0 
7f65c34e3000-7f65c5213000 ---p 00000000 00:00 0 
7f65c5213000-7f65c5413000 rw-p 00000000 00:00 0 
7f65c5413000-7f65c7143000 ---p 00000000 00:00 0 
7f65c7143000-7f65c718a000 rw-p 00000000 00:00 0 
7f65c718a000-7f65c7530000 ---p 00000000 00:00 0 
7f65c7530000-7f65c7570000 rw-p 00000000 00:00 0 
7f65c7570000-7f65c7916000 ---p 00000000 00:00 0 
7f65c7916000-7f65c7956000 rw-p 00000000 00:00 0 
7f65c7956000-7f65c7cfc000 ---p 00000000 00:00 0 
7f65c7cfc000-7f65c8000000 rw-p 00000000 00:00 0 
7f65c8000000-7f65c8021000 rw-p 00000000 00:00 0 
7f65c8021000-7f65cc000000 ---p 00000000 00:00 0 
7f65cc02a000-7f65cc12b000 rw-p 00000000 00:00 0 
7f65cc12b000-7f65cc12c000 ---p 00000000 00:00 0 
7f65cc12c000-7f65cc232000 rw-p 00000000 00:00 0 
7f65cc232000-7f65cc318000 ---p 00000000 00:00 0 
7f65cc318000-7f65cc31d000 rw-p 00000000 00:00 0 
7f65cc31d000-7f65cc403000 ---p 00000000 00:00 0 
7f65cc403000-7f65cc673000 rwxp 00000000 00:00 0 
7f65cc673000-7f65cc993000 ---p 00000000 00:00 0 
7f65cc993000-7f65ccc03000 rwxp 00000000 00:00 0 
7f65ccc03000-7f65d3ecb000 ---p 00000000 00:00 0 
7f65d3ecb000-7f65d413b000 rwxp 00000000 00:00 0 
7f65d413b000-7f65db403000 ---p 00000000 00:00 0 
7f65db403000-7f65e3be5000 r--s 00000000 08:02 406278                     /usr/lib/jvm/java-11-openjdk-amd64/lib/modules
7f65e3be5000-7f65e3bec000 r-xp 00000000 08:02 406277                     /usr/lib/jvm/java-11-openjdk-amd64/lib/libzip.so
7f65e3bec000-7f65e3dec000 ---p 00007000 08:02 406277                     /usr/lib/jvm/java-11-openjdk-amd64/lib/libzip.so
7f65e3dec000-7f65e3ded000 r--p 00007000 08:02 406277                     /usr/lib/jvm/java-11-openjdk-amd64/lib/libzip.so
7f65e3ded000-7f65e3dee000 rw-p 00008000 08:02 406277                     /usr/lib/jvm/java-11-openjdk-amd64/lib/libzip.so
7f65e3dee000-7f65e3df9000 r-xp 00000000 08:02 1184197                    /lib/x86_64-linux-gnu/libnss_files-2.27.so
7f65e3df9000-7f65e3ff8000 ---p 0000b000 08:02 1184197                    /lib/x86_64-linux-gnu/libnss_files-2.27.so
7f65e3ff8000-7f65e3ff9000 r--p 0000a000 08:02 1184197                    /lib/x86_64-linux-gnu/libnss_files-2.27.so
7f65e3ff9000-7f65e3ffa000 rw-p 0000b000 08:02 1184197                    /lib/x86_64-linux-gnu/libnss_files-2.27.so
7f65e3ffa000-7f65e4000000 rw-p 00000000 00:00 0 
7f65e4000000-7f65e418c000 rw-p 00000000 00:00 0 
7f65e418c000-7f65e8000000 ---p 00000000 00:00 0 
7f65e803c000-7f65e8053000 r-xp 00000000 08:02 1184194                    /lib/x86_64-linux-gnu/libnsl-2.27.so
7f65e8053000-7f65e8252000 ---p 00017000 08:02 1184194                    /lib/x86_64-linux-gnu/libnsl-2.27.so
7f65e8252000-7f65e8253000 r--p 00016000 08:02 1184194                    /lib/x86_64-linux-gnu/libnsl-2.27.so
7f65e8253000-7f65e8254000 rw-p 00017000 08:02 1184194                    /lib/x86_64-linux-gnu/libnsl-2.27.so
7f65e8254000-7f65e8256000 rw-p 00000000 00:00 0 
7f65e8256000-7f65e8261000 r-xp 00000000 08:02 1184199                    /lib/x86_64-linux-gnu/libnss_nis-2.27.so
7f65e8261000-7f65e8460000 ---p 0000b000 08:02 1184199                    /lib/x86_64-linux-gnu/libnss_nis-2.27.so
7f65e8460000-7f65e8461000 r--p 0000a000 08:02 1184199                    /lib/x86_64-linux-gnu/libnss_nis-2.27.so
7f65e8461000-7f65e8462000 rw-p 0000b000 08:02 1184199                    /lib/x86_64-linux-gnu/libnss_nis-2.27.so
7f65e8462000-7f65e846a000 r-xp 00000000 08:02 1184195                    /lib/x86_64-linux-gnu/libnss_compat-2.27.so
7f65e846a000-7f65e866a000 ---p 00008000 08:02 1184195                    /lib/x86_64-linux-gnu/libnss_compat-2.27.so
7f65e866a000-7f65e866b000 r--p 00008000 08:02 1184195                    /lib/x86_64-linux-gnu/libnss_compat-2.27.so
7f65e866b000-7f65e866c000 rw-p 00009000 08:02 1184195                    /lib/x86_64-linux-gnu/libnss_compat-2.27.so
7f65e866c000-7f65e8671000 r-xp 00000000 08:02 406260                     /usr/lib/jvm/java-11-openjdk-amd64/lib/libjimage.so
7f65e8671000-7f65e8870000 ---p 00005000 08:02 406260                     /usr/lib/jvm/java-11-openjdk-amd64/lib/libjimage.so
7f65e8870000-7f65e8871000 r--p 00004000 08:02 406260                     /usr/lib/jvm/java-11-openjdk-amd64/lib/libjimage.so
7f65e8871000-7f65e8872000 rw-p 00005000 08:02 406260                     /usr/lib/jvm/java-11-openjdk-amd64/lib/libjimage.so
7f65e8872000-7f65e889a000 r-xp 00000000 08:02 406257                     /usr/lib/jvm/java-11-openjdk-amd64/lib/libjava.so
7f65e889a000-7f65e8a9a000 ---p 00028000 08:02 406257                     /usr/lib/jvm/java-11-openjdk-amd64/lib/libjava.so
7f65e8a9a000-7f65e8a9b000 r--p 00028000 08:02 406257                     /usr/lib/jvm/java-11-openjdk-amd64/lib/libjava.so
7f65e8a9b000-7f65e8a9c000 rw-p 00029000 08:02 406257                     /usr/lib/jvm/java-11-openjdk-amd64/lib/libjava.so
7f65e8a9c000-7f65e8a9d000 rw-p 00000000 00:00 0 
7f65e8a9d000-7f65e8aaa000 r-xp 00000000 08:02 406276                     /usr/lib/jvm/java-11-openjdk-amd64/lib/libverify.so
7f65e8aaa000-7f65e8ca9000 ---p 0000d000 08:02 406276                     /usr/lib/jvm/java-11-openjdk-amd64/lib/libverify.so
7f65e8ca9000-7f65e8cab000 r--p 0000c000 08:02 406276                     /usr/lib/jvm/java-11-openjdk-amd64/lib/libverify.so
7f65e8cab000-7f65e8cac000 rw-p 0000e000 08:02 406276                     /usr/lib/jvm/java-11-openjdk-amd64/lib/libverify.so
7f65e8cac000-7f65e8cb3000 r-xp 00000000 08:02 1184205                    /lib/x86_64-linux-gnu/librt-2.27.so
7f65e8cb3000-7f65e8eb2000 ---p 00007000 08:02 1184205                    /lib/x86_64-linux-gnu/librt-2.27.so
7f65e8eb2000-7f65e8eb3000 r--p 00006000 08:02 1184205                    /lib/x86_64-linux-gnu/librt-2.27.so
7f65e8eb3000-7f65e8eb4000 rw-p 00007000 08:02 1184205                    /lib/x86_64-linux-gnu/librt-2.27.so
7f65e8eb4000-7f65e8ecb000 r-xp 00000000 08:02 1185362                    /lib/x86_64-linux-gnu/libgcc_s.so.1
7f65e8ecb000-7f65e90ca000 ---p 00017000 08:02 1185362                    /lib/x86_64-linux-gnu/libgcc_s.so.1
7f65e90ca000-7f65e90cb000 r--p 00016000 08:02 1185362                    /lib/x86_64-linux-gnu/libgcc_s.so.1
7f65e90cb000-7f65e90cc000 rw-p 00017000 08:02 1185362                    /lib/x86_64-linux-gnu/libgcc_s.so.1
7f65e90cc000-7f65e9269000 r-xp 00000000 08:02 1184187                    /lib/x86_64-linux-gnu/libm-2.27.so
7f65e9269000-7f65e9468000 ---p 0019d000 08:02 1184187                    /lib/x86_64-linux-gnu/libm-2.27.so
7f65e9468000-7f65e9469000 r--p 0019c000 08:02 1184187                    /lib/x86_64-linux-gnu/libm-2.27.so
7f65e9469000-7f65e946a000 rw-p 0019d000 08:02 1184187                    /lib/x86_64-linux-gnu/libm-2.27.so
7f65e946a000-7f65e95e3000 r-xp 00000000 08:02 132022                     /usr/lib/x86_64-linux-gnu/libstdc++.so.6.0.25
7f65e95e3000-7f65e97e3000 ---p 00179000 08:02 132022                     /usr/lib/x86_64-linux-gnu/libstdc++.so.6.0.25
7f65e97e3000-7f65e97ed000 r--p 00179000 08:02 132022                     /usr/lib/x86_64-linux-gnu/libstdc++.so.6.0.25
7f65e97ed000-7f65e97ef000 rw-p 00183000 08:02 132022                     /usr/lib/x86_64-linux-gnu/libstdc++.so.6.0.25
7f65e97ef000-7f65e97f3000 rw-p 00000000 00:00 0 
7f65e97f3000-7f65ea8eb000 r-xp 00000000 08:02 406283                     /usr/lib/jvm/java-11-openjdk-amd64/lib/server/libjvm.so
7f65ea8eb000-7f65eaaeb000 ---p 010f8000 08:02 406283                     /usr/lib/jvm/java-11-openjdk-amd64/lib/server/libjvm.so
7f65eaaeb000-7f65eabaf000 r--p 010f8000 08:02 406283                     /usr/lib/jvm/java-11-openjdk-amd64/lib/server/libjvm.so
7f65eabaf000-7f65eabea000 rw-p 011bc000 08:02 406283                     /usr/lib/jvm/java-11-openjdk-amd64/lib/server/libjvm.so
7f65eabea000-7f65eac41000 rw-p 00000000 00:00 0 
7f65eac41000-7f65eac5b000 r-xp 00000000 08:02 1184203                    /lib/x86_64-linux-gnu/libpthread-2.27.so
7f65eac5b000-7f65eae5a000 ---p 0001a000 08:02 1184203                    /lib/x86_64-linux-gnu/libpthread-2.27.so
7f65eae5a000-7f65eae5b000 r--p 00019000 08:02 1184203                    /lib/x86_64-linux-gnu/libpthread-2.27.so
7f65eae5b000-7f65eae5c000 rw-p 0001a000 08:02 1184203                    /lib/x86_64-linux-gnu/libpthread-2.27.so
7f65eae5c000-7f65eae60000 rw-p 00000000 00:00 0 
7f65eae60000-7f65eae63000 r-xp 00000000 08:02 1184186                    /lib/x86_64-linux-gnu/libdl-2.27.so
7f65eae63000-7f65eb062000 ---p 00003000 08:02 1184186                    /lib/x86_64-linux-gnu/libdl-2.27.so
7f65eb062000-7f65eb063000 r--p 00002000 08:02 1184186                    /lib/x86_64-linux-gnu/libdl-2.27.so
7f65eb063000-7f65eb064000 rw-p 00003000 08:02 1184186                    /lib/x86_64-linux-gnu/libdl-2.27.so
7f65eb064000-7f65eb080000 r-xp 00000000 08:02 1185494                    /lib/x86_64-linux-gnu/libz.so.1.2.11
7f65eb080000-7f65eb27f000 ---p 0001c000 08:02 1185494                    /lib/x86_64-linux-gnu/libz.so.1.2.11
7f65eb27f000-7f65eb280000 r--p 0001b000 08:02 1185494                    /lib/x86_64-linux-gnu/libz.so.1.2.11
7f65eb280000-7f65eb281000 rw-p 0001c000 08:02 1185494                    /lib/x86_64-linux-gnu/libz.so.1.2.11
7f65eb281000-7f65eb468000 r-xp 00000000 08:02 1184137                    /lib/x86_64-linux-gnu/libc-2.27.so
7f65eb468000-7f65eb668000 ---p 001e7000 08:02 1184137                    /lib/x86_64-linux-gnu/libc-2.27.so
7f65eb668000-7f65eb66c000 r--p 001e7000 08:02 1184137                    /lib/x86_64-linux-gnu/libc-2.27.so
7f65eb66c000-7f65eb66e000 rw-p 001eb000 08:02 1184137                    /lib/x86_64-linux-gnu/libc-2.27.so
7f65eb66e000-7f65eb672000 rw-p 00000000 00:00 0 
7f65eb672000-7f65eb681000 r-xp 00000000 08:02 406242                     /usr/lib/jvm/java-11-openjdk-amd64/lib/jli/libjli.so
7f65eb681000-7f65eb880000 ---p 0000f000 08:02 406242                     /usr/lib/jvm/java-11-openjdk-amd64/lib/jli/libjli.so
7f65eb880000-7f65eb881000 r--p 0000e000 08:02 406242                     /usr/lib/jvm/java-11-openjdk-amd64/lib/jli/libjli.so
7f65eb881000-7f65eb882000 rw-p 0000f000 08:02 406242                     /usr/lib/jvm/java-11-openjdk-amd64/lib/jli/libjli.so
7f65eb882000-7f65eb8ab000 r-xp 00000000 08:02 1184126                    /lib/x86_64-linux-gnu/ld-2.27.so
7f65eb8d7000-7f65eb8de000 r--s 00000000 08:02 136788                     /usr/lib/x86_64-linux-gnu/gconv/gconv-modules.cache
7f65eb8de000-7f65eb990000 rw-p 00000000 00:00 0 
7f65eb990000-7f65eb997000 ---p 00000000 00:00 0 
7f65eb997000-7f65eb99b000 ---p 00000000 00:00 0 
7f65eb99b000-7f65eba9a000 rw-p 00000000 00:00 0 
7f65eba9d000-7f65eba9f000 r--s 00007000 08:02 242                        /usr/share/java/java-atk-wrapper.jar
7f65eba9f000-7f65ebaa7000 rw-s 00000000 08:02 656048                     /tmp/hsperfdata_os2021/2241
7f65ebaa7000-7f65ebaa8000 ---p 00000000 00:00 0 
7f65ebaa8000-7f65ebaa9000 r--p 00000000 00:00 0 
7f65ebaa9000-7f65ebaab000 rw-p 00000000 00:00 0 
7f65ebaab000-7f65ebaac000 r--p 00029000 08:02 1184126                    /lib/x86_64-linux-gnu/ld-2.27.so
7f65ebaac000-7f65ebaad000 rw-p 0002a000 08:02 1184126                    /lib/x86_64-linux-gnu/ld-2.27.so
7f65ebaad000-7f65ebaae000 rw-p 00000000 00:00 0 
7fff49671000-7fff49692000 rw-p 00000000 00:00 0                          [stack]
7fff4971d000-7fff49720000 r--p 00000000 00:00 0                          [vvar]
7fff49720000-7fff49722000 r-xp 00000000 00:00 0                          [vdso]
ffffffffff600000-ffffffffff601000 r-xp 00000000 00:00 0                  [vsyscall]


VM Arguments:
jvm_args: -Xverify:none 
java_command: Main
java_class_path (initial): .
Launcher Type: SUN_STANDARD

[Global flags]
     bool BytecodeVerificationLocal                = false                                     {product} {command line}
     bool BytecodeVerificationRemote               = false                                     {product} {command line}
     intx CICompilerCount                          = 3                                         {product} {ergonomic}
     uint ConcGCThreads                            = 1                                         {product} {ergonomic}
     uint G1ConcRefinementThreads                  = 4                                         {product} {ergonomic}
   size_t G1HeapRegionSize                         = 1048576                                   {product} {ergonomic}
    uintx GCDrainStackTargetSize                   = 64                                        {product} {ergonomic}
   size_t InitialHeapSize                          = 132120576                                 {product} {ergonomic}
   size_t MarkStackSize                            = 4194304                                   {product} {ergonomic}
   size_t MaxHeapSize                              = 2092957696                                {product} {ergonomic}
   size_t MaxNewSize                               = 1255145472                                {product} {ergonomic}
   size_t MinHeapDeltaBytes                        = 1048576                                   {product} {ergonomic}
    uintx NonNMethodCodeHeapSize                   = 5830732                                {pd product} {ergonomic}
    uintx NonProfiledCodeHeapSize                  = 122913754                              {pd product} {ergonomic}
    uintx ProfiledCodeHeapSize                     = 122913754                              {pd product} {ergonomic}
    uintx ReservedCodeCacheSize                    = 251658240                              {pd product} {ergonomic}
     bool SegmentedCodeCache                       = true                                      {product} {ergonomic}
     bool UseCompressedClassPointers               = true                                 {lp64_product} {ergonomic}
     bool UseCompressedOops                        = true                                 {lp64_product} {ergonomic}
     bool UseG1GC                                  = true                                      {product} {ergonomic}

Logging:
Log output configuration:
 #0: stdout all=warning uptime,level,tags
 #1: stderr all=off uptime,level,tags

Environment Variables:
PATH=/home/os2021/.local/bin:/usr/local/sbin:/usr/local/bin:/usr/sbin:/usr/bin:/sbin:/bin:/usr/games:/usr/local/games:/snap/bin
USERNAME=os2021
SHELL=/usr/bin/zsh
DISPLAY=:0
LANG=en_US.UTF-8

Signal Handlers:
SIGSEGV: [libjvm.so+0xe298a0], sa_mask[0]=11111111011111111101111111111110, sa_flags=SA_RESTART|SA_SIGINFO
SIGBUS: [libjvm.so+0xe298a0], sa_mask[0]=11111111011111111101111111111110, sa_flags=SA_RESTART|SA_SIGINFO
SIGFPE: [libjvm.so+0xe298a0], sa_mask[0]=11111111011111111101111111111110, sa_flags=SA_RESTART|SA_SIGINFO
SIGPIPE: [libjvm.so+0xb7fa20], sa_mask[0]=11111111011111111101111111111110, sa_flags=SA_RESTART|SA_SIGINFO
SIGXFSZ: [libjvm.so+0xb7fa20], sa_mask[0]=11111111011111111101111111111110, sa_flags=SA_RESTART|SA_SIGINFO
SIGILL: [libjvm.so+0xe298a0], sa_mask[0]=11111111011111111101111111111110, sa_flags=SA_RESTART|SA_SIGINFO
SIGUSR2: [libjvm.so+0xb7f8b0], sa_mask[0]=00000000000000000000000000000000, sa_flags=SA_RESTART|SA_SIGINFO
SIGHUP: [libjvm.so+0xb7fd70], sa_mask[0]=11111111011111111101111111111110, sa_flags=SA_RESTART|SA_SIGINFO
SIGINT: [libjvm.so+0xb7fd70], sa_mask[0]=11111111011111111101111111111110, sa_flags=SA_RESTART|SA_SIGINFO
SIGTERM: [libjvm.so+0xb7fd70], sa_mask[0]=11111111011111111101111111111110, sa_flags=SA_RESTART|SA_SIGINFO
SIGQUIT: [libjvm.so+0xb7fd70], sa_mask[0]=11111111011111111101111111111110, sa_flags=SA_RESTART|SA_SIGINFO


---------------  S Y S T E M  ---------------

OS:DISTRIB_ID=Ubuntu
DISTRIB_RELEASE=18.04
DISTRIB_CODENAME=bionic
DISTRIB_DESCRIPTION="Ubuntu 18.04.3 LTS"
uname:Linux 4.15.0-72-generic #81-Ubuntu SMP Tue Nov 26 12:20:02 UTC 2019 x86_64
OS uptime: 0 days 8:58 hours
libc:glibc 2.27 NPTL 2.27 
rlimit (soft/hard): STACK 8192k/infinity , CORE 0k/infinity , NPROC 31660/31660 , NOFILE 1048576/1048576 , AS infinity/infinity , CPU infinity/infinity , DATA infinity/infinity , FSIZE infinity/infinity , MEMLOCK 16384k/16384k
load average:0.09 0.07 0.01

/proc/meminfo:
MemTotal:        8167964 kB
MemFree:         3739768 kB
MemAvailable:    6771204 kB
Buffers:           91900 kB
Cached:          3042888 kB
SwapCached:            0 kB
Active:          1736304 kB
Inactive:        2246972 kB
Active(anon):     843092 kB
Inactive(anon):    54332 kB
Active(file):     893212 kB
Inactive(file):  2192640 kB
Unevictable:           0 kB
Mlocked:               0 kB
SwapTotal:       2097148 kB
SwapFree:        2097148 kB
Dirty:              1080 kB
Writeback:             0 kB
AnonPages:        848560 kB
Mapped:           341512 kB
Shmem:             55716 kB
Slab:             313780 kB
SReclaimable:     248384 kB
SUnreclaim:        65396 kB
KernelStack:        8416 kB
PageTables:        34028 kB
NFS_Unstable:          0 kB
Bounce:                0 kB
WritebackTmp:          0 kB
CommitLimit:     6181128 kB
Committed_AS:    4587996 kB
VmallocTotal:   34359738367 kB
VmallocUsed:           0 kB
VmallocChunk:          0 kB
HardwareCorrupted:     0 kB
AnonHugePages:         0 kB
ShmemHugePages:        0 kB
ShmemPmdMapped:        0 kB
CmaTotal:              0 kB
CmaFree:               0 kB
HugePages_Total:       0
HugePages_Free:        0
HugePages_Rsvd:        0
HugePages_Surp:        0
Hugepagesize:       2048 kB
DirectMap4k:      169920 kB
DirectMap2M:     8218624 kB

/sys/kernel/mm/transparent_hugepage/enabled:
always [madvise] never
/sys/kernel/mm/transparent_hugepage/defrag (defrag/compaction efforts parameter):
always defer defer+madvise [madvise] never

Process Memory:
Virtual Size: 4818976K (peak: 13512448K)
Resident Set Size: 46036K (peak: 46036K) (anon: 21184K, file: 24852K, shmem: 0K)
Swapped out: 0K
C-Heap outstanding allocations: 5671K

/proc/sys/kernel/threads-max (system-wide limit on the number of threads):
63321
/proc/sys/vm/max_map_count (maximum number of memory map areas a process may have):
65530
/proc/sys/kernel/pid_max (system-wide limit on number of process identifiers):
32768

container (cgroup) information:
container_type: cgroupv1
cpu_cpuset_cpus: 0-3
cpu_memory_nodes: 0
active_processor_count: 4
cpu_quota: -1
cpu_period: 100000
cpu_shares: -1
memory_limit_in_bytes: -1
memory_and_swap_limit_in_bytes: -2
memory_soft_limit_in_bytes: -1
memory_usage_in_bytes: 1124696064
memory_max_usage_in_bytes: 1124696064

KVM virtualization detected
Steal ticks since vm start: 0
Steal ticks percentage since vm start:  0.000

CPU:total 4 (initial active 4) (4 cores per cpu, 1 threads per core) family 6 model 158 stepping 10 microcode 0xffffffff, cmov, cx8, fxsr, mmx, sse, sse2, sse3, ssse3, sse4.1, sse4.2, tsc, tscinvbit
CPU Model and flags from /proc/cpuinfo:
model name	: Intel(R) Core(TM) i5-8300H CPU @ 2.30GHz
flags		: fpu vme de pse tsc msr pae mce cx8 apic sep mtrr pge mca cmov pat pse36 clflush mmx fxsr sse sse2 ht syscall nx rdtscp lm constant_tsc rep_good nopl xtopology nonstop_tsc cpuid tsc_known_freq pni ssse3 pcid sse4_1 sse4_2 hypervisor lahf_lm invpcid_single pti fsgsbase invpcid md_clear flush_l1d arch_capabilities
Online cpus:
0-3
Offline cpus:

BIOS frequency limitation:
<Not Available>
Frequency switch latency (ns):
<Not Available>
Available cpu frequencies:
<Not Available>
Current governor:
<Not Available>
Core performance/turbo boost:
<Not Available>

Memory: 4k page, physical 8167964k(3739768k free), swap 2097148k(2097148k free)

vm_info: OpenJDK 64-Bit Server VM (11.0.15+10-Ubuntu-0ubuntu0.18.04.1) for linux-amd64 JRE (11.0.15+10-Ubuntu-0ubuntu0.18.04.1), built on Apr 23 2022 13:02:10 by "unknown" with gcc 8.4.0

END.
