Nonterminals useless in grammar

   Type


Terminals unused in grammar

   VAR
   INT
   FLOAT
   BOOL
   STRING
   INC
   DEC
   GEQ
   LOR
   LAND
   ADD_ASSIGN
   SUB_ASSIGN
   IF
   ELSE
   FOR
   SWITCH
   CASE
   PRINT
   INT_LIT
   STRING_LIT


Rules useless in parser due to conflicts

    7 PackageStmt: %empty


State 0 conflicts: 1 shift/reduce, 1 reduce/reduce
State 3 conflicts: 1 shift/reduce, 2 reduce/reduce


Grammar

    0 $accept: Program $end

    1 Program: GlobalStatementList

    2 GlobalStatementList: GlobalStatementList GlobalStatement
    3                    | GlobalStatement

    4 GlobalStatement: PackageStmt NEWLINE
    5                | FunctionDeclStmt
    6                | NEWLINE

    7 PackageStmt: %empty

    8 FunctionDeclStmt: %empty


Terminals, with rules where they appear

$end (0) 0
error (256)
VAR (258)
NEWLINE (259) 4 6
INT (260)
FLOAT (261)
BOOL (262)
STRING (263)
INC (264)
DEC (265)
GEQ (266)
LOR (267)
LAND (268)
ADD_ASSIGN (269)
SUB_ASSIGN (270)
IF (271)
ELSE (272)
FOR (273)
SWITCH (274)
CASE (275)
PRINT (276)
INT_LIT (277)
STRING_LIT (278)


Nonterminals, with rules where they appear

$accept (24)
    on left: 0
Program (25)
    on left: 1, on right: 0
GlobalStatementList (26)
    on left: 2 3, on right: 1 2
GlobalStatement (27)
    on left: 4 5 6, on right: 2 3
PackageStmt (28)
    on left: 7, on right: 4
FunctionDeclStmt (29)
    on left: 8, on right: 5


State 0

    0 $accept: . Program $end

    NEWLINE  shift, and go to state 1

    NEWLINE   [reduce using rule 7 (PackageStmt)]
    NEWLINE   [reduce using rule 8 (FunctionDeclStmt)]
    $default  reduce using rule 8 (FunctionDeclStmt)

    Program              go to state 2
    GlobalStatementList  go to state 3
    GlobalStatement      go to state 4
    PackageStmt          go to state 5
    FunctionDeclStmt     go to state 6


State 1

    6 GlobalStatement: NEWLINE .

    $default  reduce using rule 6 (GlobalStatement)


State 2

    0 $accept: Program . $end

    $end  shift, and go to state 7


State 3

    1 Program: GlobalStatementList .
    2 GlobalStatementList: GlobalStatementList . GlobalStatement

    NEWLINE  shift, and go to state 1

    $end      reduce using rule 1 (Program)
    $end      [reduce using rule 8 (FunctionDeclStmt)]
    NEWLINE   [reduce using rule 7 (PackageStmt)]
    NEWLINE   [reduce using rule 8 (FunctionDeclStmt)]
    $default  reduce using rule 1 (Program)

    GlobalStatement   go to state 8
    PackageStmt       go to state 5
    FunctionDeclStmt  go to state 6


State 4

    3 GlobalStatementList: GlobalStatement .

    $default  reduce using rule 3 (GlobalStatementList)


State 5

    4 GlobalStatement: PackageStmt . NEWLINE

    NEWLINE  shift, and go to state 9


State 6

    5 GlobalStatement: FunctionDeclStmt .

    $default  reduce using rule 5 (GlobalStatement)


State 7

    0 $accept: Program $end .

    $default  accept


State 8

    2 GlobalStatementList: GlobalStatementList GlobalStatement .

    $default  reduce using rule 2 (GlobalStatementList)


State 9

    4 GlobalStatement: PackageStmt NEWLINE .

    $default  reduce using rule 4 (GlobalStatement)
